/var/spool/slurm/job00744/slurm_script: line 13: cd: /media/hdd2/skodoli/STILTR/myproject/r: No such file or directory
Loading required package: pracma
Initializing STILT
Commit ID: fc4daceee2f608650040688213fdb53554d37b62
Number of receptors: 1442
Number of parallel workers: 1
Parallelization disabled. Executing simulations sequentially...
Running simulation ID:   202309010000_-4.247_55.861_3
Running simulation ID:   202309010000_-4.24215_55.86349_3
Running simulation ID:   202309010100_-4.24215_55.86349_3
Running simulation ID:   202309010100_-4.247_55.861_3
Running simulation ID:   202309010200_-4.247_55.861_3
Running simulation ID:   202309010200_-4.24215_55.86349_3
Running simulation ID:   202309010300_-4.247_55.861_3
Running simulation ID:   202309010300_-4.24215_55.86349_3
Running simulation ID:   202309010400_-4.247_55.861_3
Running simulation ID:   202309010400_-4.24215_55.86349_3
Running simulation ID:   202309010500_-4.24215_55.86349_3
Running simulation ID:   202309010500_-4.247_55.861_3
Running simulation ID:   202309010600_-4.24215_55.86349_3
Running simulation ID:   202309010600_-4.247_55.861_3
Running simulation ID:   202309010700_-4.24215_55.86349_3
Running simulation ID:   202309010700_-4.247_55.861_3
Running simulation ID:   202309010800_-4.24215_55.86349_3
Running simulation ID:   202309010800_-4.247_55.861_3
Running simulation ID:   202309010900_-4.24215_55.86349_3
Running simulation ID:   202309010900_-4.247_55.861_3
Running simulation ID:   202309011000_-4.24215_55.86349_3
Running simulation ID:   202309011000_-4.247_55.861_3
Running simulation ID:   202309011100_-4.24215_55.86349_3
Running simulation ID:   202309011100_-4.247_55.861_3
Running simulation ID:   202309011200_-4.247_55.861_3
Running simulation ID:   202309011200_-4.24215_55.86349_3
Running simulation ID:   202309011300_-4.247_55.861_3
Running simulation ID:   202309011300_-4.24215_55.86349_3
Running simulation ID:   202309011400_-4.247_55.861_3
Running simulation ID:   202309011400_-4.24215_55.86349_3
Running simulation ID:   202309011500_-4.24215_55.86349_3
Running simulation ID:   202309011500_-4.247_55.861_3
Running simulation ID:   202309011600_-4.247_55.861_3
Running simulation ID:   202309011600_-4.24215_55.86349_3
Running simulation ID:   202309011700_-4.247_55.861_3
Running simulation ID:   202309011700_-4.24215_55.86349_3
Running simulation ID:   202309011800_-4.247_55.861_3
Running simulation ID:   202309011800_-4.24215_55.86349_3
Running simulation ID:   202309011900_-4.247_55.861_3
Running simulation ID:   202309011900_-4.24215_55.86349_3
Running simulation ID:   202309012000_-4.24215_55.86349_3
Running simulation ID:   202309012000_-4.247_55.861_3
Running simulation ID:   202309012100_-4.24215_55.86349_3
Running simulation ID:   202309012100_-4.247_55.861_3
Running simulation ID:   202309012200_-4.24215_55.86349_3
Running simulation ID:   202309012200_-4.247_55.861_3
Running simulation ID:   202309012300_-4.247_55.861_3
Running simulation ID:   202309012300_-4.24215_55.86349_3
Running simulation ID:   202309020000_-4.24215_55.86349_3
Running simulation ID:   202309020000_-4.247_55.861_3
Running simulation ID:   202309020100_-4.247_55.861_3
Running simulation ID:   202309020100_-4.24215_55.86349_3
Running simulation ID:   202309020200_-4.247_55.861_3
Running simulation ID:   202309020200_-4.24215_55.86349_3
Running simulation ID:   202309020300_-4.24215_55.86349_3
Running simulation ID:   202309020300_-4.247_55.861_3
Running simulation ID:   202309020400_-4.24215_55.86349_3
Running simulation ID:   202309020400_-4.247_55.861_3
Running simulation ID:   202309020500_-4.247_55.861_3
Running simulation ID:   202309020500_-4.24215_55.86349_3
Running simulation ID:   202309020600_-4.24215_55.86349_3
Running simulation ID:   202309020600_-4.247_55.861_3
Running simulation ID:   202309020700_-4.24215_55.86349_3
Running simulation ID:   202309020700_-4.247_55.861_3
Running simulation ID:   202309020800_-4.247_55.861_3
Running simulation ID:   202309020800_-4.24215_55.86349_3
Running simulation ID:   202309020900_-4.247_55.861_3
Running simulation ID:   202309020900_-4.24215_55.86349_3
Running simulation ID:   202309021000_-4.24215_55.86349_3
Running simulation ID:   202309021000_-4.247_55.861_3
Running simulation ID:   202309021100_-4.24215_55.86349_3
Running simulation ID:   202309021100_-4.247_55.861_3
Running simulation ID:   202309021200_-4.247_55.861_3
Running simulation ID:   202309021200_-4.24215_55.86349_3
Running simulation ID:   202309021300_-4.247_55.861_3
Running simulation ID:   202309021300_-4.24215_55.86349_3
Running simulation ID:   202309021400_-4.24215_55.86349_3
Running simulation ID:   202309021400_-4.247_55.861_3
Running simulation ID:   202309021500_-4.24215_55.86349_3
Running simulation ID:   202309021500_-4.247_55.861_3
Running simulation ID:   202309021600_-4.247_55.861_3
Running simulation ID:   202309021600_-4.24215_55.86349_3
Running simulation ID:   202309021700_-4.24215_55.86349_3
Running simulation ID:   202309021700_-4.247_55.861_3
Running simulation ID:   202309021800_-4.247_55.861_3
Running simulation ID:   202309021800_-4.24215_55.86349_3
Running simulation ID:   202309021900_-4.24215_55.86349_3
Running simulation ID:   202309021900_-4.247_55.861_3
Running simulation ID:   202309022000_-4.247_55.861_3
Running simulation ID:   202309022000_-4.24215_55.86349_3
Running simulation ID:   202309022100_-4.247_55.861_3
Running simulation ID:   202309022100_-4.24215_55.86349_3
Running simulation ID:   202309022200_-4.24215_55.86349_3
Running simulation ID:   202309022200_-4.247_55.861_3
Running simulation ID:   202309022300_-4.247_55.861_3
Running simulation ID:   202309022300_-4.24215_55.86349_3
Running simulation ID:   202309030000_-4.247_55.861_3
Running simulation ID:   202309030000_-4.24215_55.86349_3
Running simulation ID:   202309030100_-4.24215_55.86349_3
Running simulation ID:   202309030100_-4.247_55.861_3
Running simulation ID:   202309030200_-4.24215_55.86349_3
Running simulation ID:   202309030200_-4.247_55.861_3
Running simulation ID:   202309030300_-4.24215_55.86349_3
Running simulation ID:   202309030300_-4.247_55.861_3
Running simulation ID:   202309030400_-4.247_55.861_3
Running simulation ID:   202309030400_-4.24215_55.86349_3
Running simulation ID:   202309030500_-4.24215_55.86349_3
Running simulation ID:   202309030500_-4.247_55.861_3
Running simulation ID:   202309030600_-4.247_55.861_3
Running simulation ID:   202309030600_-4.24215_55.86349_3
Running simulation ID:   202309030700_-4.24215_55.86349_3
Running simulation ID:   202309030700_-4.247_55.861_3
Running simulation ID:   202309030800_-4.24215_55.86349_3
Running simulation ID:   202309030800_-4.247_55.861_3
Running simulation ID:   202309030900_-4.24215_55.86349_3
Running simulation ID:   202309030900_-4.247_55.861_3
Running simulation ID:   202309031000_-4.24215_55.86349_3
Running simulation ID:   202309031000_-4.247_55.861_3
Running simulation ID:   202309031100_-4.247_55.861_3
Running simulation ID:   202309031100_-4.24215_55.86349_3
Running simulation ID:   202309031200_-4.247_55.861_3
Running simulation ID:   202309031200_-4.24215_55.86349_3
Running simulation ID:   202309031300_-4.247_55.861_3
Running simulation ID:   202309031300_-4.24215_55.86349_3
Running simulation ID:   202309031400_-4.247_55.861_3
Running simulation ID:   202309031400_-4.24215_55.86349_3
Running simulation ID:   202309031500_-4.247_55.861_3
Running simulation ID:   202309031500_-4.24215_55.86349_3
Running simulation ID:   202309031600_-4.247_55.861_3
Running simulation ID:   202309031600_-4.24215_55.86349_3
Running simulation ID:   202309031700_-4.247_55.861_3
Running simulation ID:   202309031700_-4.24215_55.86349_3
Running simulation ID:   202309031800_-4.247_55.861_3
Running simulation ID:   202309031800_-4.24215_55.86349_3
Running simulation ID:   202309031900_-4.247_55.861_3
Running simulation ID:   202309031900_-4.24215_55.86349_3
Running simulation ID:   202309032000_-4.247_55.861_3
Running simulation ID:   202309032000_-4.24215_55.86349_3
Running simulation ID:   202309032100_-4.247_55.861_3
Running simulation ID:   202309032100_-4.24215_55.86349_3
Running simulation ID:   202309032200_-4.247_55.861_3
Running simulation ID:   202309032200_-4.24215_55.86349_3
Running simulation ID:   202309032300_-4.247_55.861_3
Running simulation ID:   202309032300_-4.24215_55.86349_3
Running simulation ID:   202309040000_-4.247_55.861_3
Running simulation ID:   202309040000_-4.24215_55.86349_3
Running simulation ID:   202309040100_-4.24215_55.86349_3
Running simulation ID:   202309040100_-4.247_55.861_3
Running simulation ID:   202309040200_-4.24215_55.86349_3
Running simulation ID:   202309040200_-4.247_55.861_3
Running simulation ID:   202309040300_-4.24215_55.86349_3
Running simulation ID:   202309040300_-4.247_55.861_3
Running simulation ID:   202309040400_-4.24215_55.86349_3
Running simulation ID:   202309040400_-4.247_55.861_3
Running simulation ID:   202309040500_-4.247_55.861_3
Running simulation ID:   202309040500_-4.24215_55.86349_3
Running simulation ID:   202309040600_-4.247_55.861_3
Running simulation ID:   202309040600_-4.24215_55.86349_3
Running simulation ID:   202309040700_-4.247_55.861_3
Running simulation ID:   202309040700_-4.24215_55.86349_3
Running simulation ID:   202309040800_-4.247_55.861_3
Running simulation ID:   202309040800_-4.24215_55.86349_3
Running simulation ID:   202309040900_-4.247_55.861_3
Running simulation ID:   202309040900_-4.24215_55.86349_3
Running simulation ID:   202309041000_-4.247_55.861_3
Running simulation ID:   202309041000_-4.24215_55.86349_3
Running simulation ID:   202309041100_-4.247_55.861_3
Running simulation ID:   202309041100_-4.24215_55.86349_3
Running simulation ID:   202309041200_-4.247_55.861_3
Running simulation ID:   202309041200_-4.24215_55.86349_3
Running simulation ID:   202309041300_-4.247_55.861_3
Running simulation ID:   202309041300_-4.24215_55.86349_3
Running simulation ID:   202309041400_-4.247_55.861_3
Running simulation ID:   202309041400_-4.24215_55.86349_3
Running simulation ID:   202309041500_-4.247_55.861_3
Running simulation ID:   202309041500_-4.24215_55.86349_3
Running simulation ID:   202309041600_-4.247_55.861_3
Running simulation ID:   202309041600_-4.24215_55.86349_3
Running simulation ID:   202309041700_-4.247_55.861_3
Running simulation ID:   202309041700_-4.24215_55.86349_3
Running simulation ID:   202309041800_-4.247_55.861_3
Running simulation ID:   202309041800_-4.24215_55.86349_3
Running simulation ID:   202309041900_-4.24215_55.86349_3
Running simulation ID:   202309041900_-4.247_55.861_3
Running simulation ID:   202309042000_-4.24215_55.86349_3
Running simulation ID:   202309042000_-4.247_55.861_3
Running simulation ID:   202309042100_-4.24215_55.86349_3
Running simulation ID:   202309042100_-4.247_55.861_3
Running simulation ID:   202309042200_-4.247_55.861_3
Running simulation ID:   202309042200_-4.24215_55.86349_3
Running simulation ID:   202309042300_-4.24215_55.86349_3
Running simulation ID:   202309042300_-4.247_55.861_3
Running simulation ID:   202309050000_-4.24215_55.86349_3
Running simulation ID:   202309050000_-4.247_55.861_3
Running simulation ID:   202309050100_-4.247_55.861_3
Running simulation ID:   202309050100_-4.24215_55.86349_3
Running simulation ID:   202309050200_-4.247_55.861_3
Running simulation ID:   202309050200_-4.24215_55.86349_3
Running simulation ID:   202309050300_-4.24215_55.86349_3
Running simulation ID:   202309050300_-4.247_55.861_3
Running simulation ID:   202309050400_-4.24215_55.86349_3
Running simulation ID:   202309050400_-4.247_55.861_3
Running simulation ID:   202309050500_-4.247_55.861_3
Running simulation ID:   202309050500_-4.24215_55.86349_3
Running simulation ID:   202309050600_-4.247_55.861_3
Running simulation ID:   202309050600_-4.24215_55.86349_3
Running simulation ID:   202309050700_-4.247_55.861_3
Running simulation ID:   202309050700_-4.24215_55.86349_3
Running simulation ID:   202309050800_-4.24215_55.86349_3
Running simulation ID:   202309050800_-4.247_55.861_3
Running simulation ID:   202309050900_-4.247_55.861_3
Running simulation ID:   202309050900_-4.24215_55.86349_3
Running simulation ID:   202309051000_-4.24215_55.86349_3
Running simulation ID:   202309051000_-4.247_55.861_3
Running simulation ID:   202309051100_-4.24215_55.86349_3
Running simulation ID:   202309051100_-4.247_55.861_3
Running simulation ID:   202309051200_-4.247_55.861_3
Running simulation ID:   202309051200_-4.24215_55.86349_3
Running simulation ID:   202309051300_-4.24215_55.86349_3
Running simulation ID:   202309051300_-4.247_55.861_3
Running simulation ID:   202309051400_-4.24215_55.86349_3
Running simulation ID:   202309051400_-4.247_55.861_3
Running simulation ID:   202309051500_-4.24215_55.86349_3
Running simulation ID:   202309051500_-4.247_55.861_3
Running simulation ID:   202309051600_-4.24215_55.86349_3
Running simulation ID:   202309051600_-4.247_55.861_3
Running simulation ID:   202309051700_-4.247_55.861_3
Running simulation ID:   202309051700_-4.24215_55.86349_3
Running simulation ID:   202309051800_-4.247_55.861_3
Running simulation ID:   202309051800_-4.24215_55.86349_3
Running simulation ID:   202309051900_-4.24215_55.86349_3
Running simulation ID:   202309051900_-4.247_55.861_3
Running simulation ID:   202309052000_-4.24215_55.86349_3
Running simulation ID:   202309052000_-4.247_55.861_3
Running simulation ID:   202309052100_-4.24215_55.86349_3
Running simulation ID:   202309052100_-4.247_55.861_3
Running simulation ID:   202309052200_-4.247_55.861_3
Running simulation ID:   202309052200_-4.24215_55.86349_3
Running simulation ID:   202309052300_-4.247_55.861_3
Running simulation ID:   202309052300_-4.24215_55.86349_3
Running simulation ID:   202309060000_-4.247_55.861_3
Running simulation ID:   202309060000_-4.24215_55.86349_3
Running simulation ID:   202309060100_-4.247_55.861_3
Running simulation ID:   202309060100_-4.24215_55.86349_3
Running simulation ID:   202309060200_-4.24215_55.86349_3
Running simulation ID:   202309060200_-4.247_55.861_3
Running simulation ID:   202309060300_-4.24215_55.86349_3
Running simulation ID:   202309060300_-4.247_55.861_3
Running simulation ID:   202309060400_-4.24215_55.86349_3
Running simulation ID:   202309060400_-4.247_55.861_3
Running simulation ID:   202309060500_-4.24215_55.86349_3
Running simulation ID:   202309060500_-4.247_55.861_3
Running simulation ID:   202309060600_-4.24215_55.86349_3
Running simulation ID:   202309060600_-4.247_55.861_3
Running simulation ID:   202309060700_-4.24215_55.86349_3
Running simulation ID:   202309060700_-4.247_55.861_3
Running simulation ID:   202309060800_-4.24215_55.86349_3
Running simulation ID:   202309060800_-4.247_55.861_3
Running simulation ID:   202309060900_-4.24215_55.86349_3
Running simulation ID:   202309060900_-4.247_55.861_3
Running simulation ID:   202309061000_-4.24215_55.86349_3
Running simulation ID:   202309061000_-4.247_55.861_3
Running simulation ID:   202309061100_-4.24215_55.86349_3
Running simulation ID:   202309061100_-4.247_55.861_3
Running simulation ID:   202309061200_-4.24215_55.86349_3
Running simulation ID:   202309061200_-4.247_55.861_3
Running simulation ID:   202309061300_-4.24215_55.86349_3
Running simulation ID:   202309061300_-4.247_55.861_3
Running simulation ID:   202309061400_-4.24215_55.86349_3
Running simulation ID:   202309061400_-4.247_55.861_3
Running simulation ID:   202309061500_-4.24215_55.86349_3
Running simulation ID:   202309061500_-4.247_55.861_3
Running simulation ID:   202309061600_-4.24215_55.86349_3
Running simulation ID:   202309061600_-4.247_55.861_3
Running simulation ID:   202309061700_-4.24215_55.86349_3
Running simulation ID:   202309061700_-4.247_55.861_3
Running simulation ID:   202309061800_-4.24215_55.86349_3
Running simulation ID:   202309061800_-4.247_55.861_3
Running simulation ID:   202309061900_-4.247_55.861_3
Running simulation ID:   202309061900_-4.24215_55.86349_3
Running simulation ID:   202309062000_-4.24215_55.86349_3
Running simulation ID:   202309062000_-4.247_55.861_3
Running simulation ID:   202309062100_-4.24215_55.86349_3
Running simulation ID:   202309062100_-4.247_55.861_3
Running simulation ID:   202309062200_-4.24215_55.86349_3
Running simulation ID:   202309062200_-4.247_55.861_3
Running simulation ID:   202309062300_-4.24215_55.86349_3
Running simulation ID:   202309062300_-4.247_55.861_3
Running simulation ID:   202309070000_-4.24215_55.86349_3
Running simulation ID:   202309070000_-4.247_55.861_3
Running simulation ID:   202309070100_-4.24215_55.86349_3
Running simulation ID:   202309070100_-4.247_55.861_3
Running simulation ID:   202309070200_-4.24215_55.86349_3
Running simulation ID:   202309070200_-4.247_55.861_3
Running simulation ID:   202309070300_-4.24215_55.86349_3
Running simulation ID:   202309070300_-4.247_55.861_3
Running simulation ID:   202309070400_-4.24215_55.86349_3
Running simulation ID:   202309070400_-4.247_55.861_3
Running simulation ID:   202309070500_-4.24215_55.86349_3
Running simulation ID:   202309070500_-4.247_55.861_3
Running simulation ID:   202309070600_-4.24215_55.86349_3
Running simulation ID:   202309070600_-4.247_55.861_3
Running simulation ID:   202309070700_-4.24215_55.86349_3
Running simulation ID:   202309070700_-4.247_55.861_3
Running simulation ID:   202309070800_-4.24215_55.86349_3
Running simulation ID:   202309070800_-4.247_55.861_3
Running simulation ID:   202309070900_-4.24215_55.86349_3
Running simulation ID:   202309070900_-4.247_55.861_3
Running simulation ID:   202309071000_-4.24215_55.86349_3
Running simulation ID:   202309071000_-4.247_55.861_3
Running simulation ID:   202309071100_-4.247_55.861_3
Running simulation ID:   202309071100_-4.24215_55.86349_3
Running simulation ID:   202309071200_-4.247_55.861_3
Running simulation ID:   202309071200_-4.24215_55.86349_3
Running simulation ID:   202309071300_-4.247_55.861_3
Running simulation ID:   202309071300_-4.24215_55.86349_3
Running simulation ID:   202309071400_-4.247_55.861_3
Running simulation ID:   202309071400_-4.24215_55.86349_3
Running simulation ID:   202309071500_-4.247_55.861_3
Running simulation ID:   202309071500_-4.24215_55.86349_3
Running simulation ID:   202309071600_-4.247_55.861_3
Running simulation ID:   202309071600_-4.24215_55.86349_3
Running simulation ID:   202309071700_-4.247_55.861_3
Running simulation ID:   202309071700_-4.24215_55.86349_3
Running simulation ID:   202309071800_-4.247_55.861_3
Running simulation ID:   202309071800_-4.24215_55.86349_3
Running simulation ID:   202309071900_-4.247_55.861_3
Running simulation ID:   202309071900_-4.24215_55.86349_3
Running simulation ID:   202309072000_-4.247_55.861_3
Running simulation ID:   202309072000_-4.24215_55.86349_3
Running simulation ID:   202309072100_-4.247_55.861_3
Running simulation ID:   202309072100_-4.24215_55.86349_3
Running simulation ID:   202309072200_-4.247_55.861_3
Running simulation ID:   202309072200_-4.24215_55.86349_3
Running simulation ID:   202309072300_-4.247_55.861_3
Running simulation ID:   202309072300_-4.24215_55.86349_3
Running simulation ID:   202309080000_-4.247_55.861_3
Running simulation ID:   202309080000_-4.24215_55.86349_3
Running simulation ID:   202309080100_-4.247_55.861_3
Running simulation ID:   202309080100_-4.24215_55.86349_3
Running simulation ID:   202309080200_-4.24215_55.86349_3
Running simulation ID:   202309080200_-4.247_55.861_3
Running simulation ID:   202309080300_-4.24215_55.86349_3
Running simulation ID:   202309080300_-4.247_55.861_3
Running simulation ID:   202309080400_-4.24215_55.86349_3
Running simulation ID:   202309080400_-4.247_55.861_3
Running simulation ID:   202309080500_-4.24215_55.86349_3
Running simulation ID:   202309080500_-4.247_55.861_3
Running simulation ID:   202309080600_-4.24215_55.86349_3
Running simulation ID:   202309080600_-4.247_55.861_3
Running simulation ID:   202309080700_-4.24215_55.86349_3
Running simulation ID:   202309080700_-4.247_55.861_3
Running simulation ID:   202309080800_-4.24215_55.86349_3
Running simulation ID:   202309080800_-4.247_55.861_3
Running simulation ID:   202309080900_-4.24215_55.86349_3
Running simulation ID:   202309080900_-4.247_55.861_3
Running simulation ID:   202309081000_-4.24215_55.86349_3
Running simulation ID:   202309081000_-4.247_55.861_3
Running simulation ID:   202309081100_-4.247_55.861_3
Running simulation ID:   202309081100_-4.24215_55.86349_3
Running simulation ID:   202309081200_-4.24215_55.86349_3
Running simulation ID:   202309081200_-4.247_55.861_3
Running simulation ID:   202309081300_-4.24215_55.86349_3
Running simulation ID:   202309081300_-4.247_55.861_3
Running simulation ID:   202309081400_-4.24215_55.86349_3
Running simulation ID:   202309081400_-4.247_55.861_3
Running simulation ID:   202309081500_-4.24215_55.86349_3
Running simulation ID:   202309081500_-4.247_55.861_3
Running simulation ID:   202309081600_-4.24215_55.86349_3
Running simulation ID:   202309081600_-4.247_55.861_3
Running simulation ID:   202309081700_-4.24215_55.86349_3
Running simulation ID:   202309081700_-4.247_55.861_3
Running simulation ID:   202309081800_-4.247_55.861_3
Running simulation ID:   202309081800_-4.24215_55.86349_3
Running simulation ID:   202309081900_-4.24215_55.86349_3
Running simulation ID:   202309081900_-4.247_55.861_3
Running simulation ID:   202309082000_-4.247_55.861_3
Running simulation ID:   202309082000_-4.24215_55.86349_3
Running simulation ID:   202309082100_-4.247_55.861_3
Running simulation ID:   202309082100_-4.24215_55.86349_3
Running simulation ID:   202309082200_-4.247_55.861_3
Running simulation ID:   202309082200_-4.24215_55.86349_3
Running simulation ID:   202309082300_-4.24215_55.86349_3
Running simulation ID:   202309082300_-4.247_55.861_3
Running simulation ID:   202309090000_-4.247_55.861_3
Running simulation ID:   202309090000_-4.24215_55.86349_3
Running simulation ID:   202309090100_-4.24215_55.86349_3
Running simulation ID:   202309090100_-4.247_55.861_3
Running simulation ID:   202309090200_-4.247_55.861_3
Running simulation ID:   202309090200_-4.24215_55.86349_3
Running simulation ID:   202309090300_-4.24215_55.86349_3
Running simulation ID:   202309090300_-4.247_55.861_3
Running simulation ID:   202309090400_-4.247_55.861_3
Running simulation ID:   202309090400_-4.24215_55.86349_3
Running simulation ID:   202309090500_-4.24215_55.86349_3
Running simulation ID:   202309090500_-4.247_55.861_3
Running simulation ID:   202309090600_-4.247_55.861_3
Running simulation ID:   202309090600_-4.24215_55.86349_3
Running simulation ID:   202309090700_-4.247_55.861_3
Running simulation ID:   202309090700_-4.24215_55.86349_3
Running simulation ID:   202309090800_-4.247_55.861_3
Running simulation ID:   202309090800_-4.24215_55.86349_3
Running simulation ID:   202309090900_-4.24215_55.86349_3
Running simulation ID:   202309090900_-4.247_55.861_3
Running simulation ID:   202309091000_-4.247_55.861_3
Running simulation ID:   202309091000_-4.24215_55.86349_3
Running simulation ID:   202309091100_-4.24215_55.86349_3
Running simulation ID:   202309091100_-4.247_55.861_3
Running simulation ID:   202309091200_-4.247_55.861_3
Running simulation ID:   202309091200_-4.24215_55.86349_3
Running simulation ID:   202309091300_-4.24215_55.86349_3
Running simulation ID:   202309091300_-4.247_55.861_3
Running simulation ID:   202309091400_-4.24215_55.86349_3
Running simulation ID:   202309091400_-4.247_55.861_3
Running simulation ID:   202309091500_-4.247_55.861_3
Running simulation ID:   202309091500_-4.24215_55.86349_3
Running simulation ID:   202309091600_-4.24215_55.86349_3
Running simulation ID:   202309091600_-4.247_55.861_3
Running simulation ID:   202309091700_-4.247_55.861_3
Running simulation ID:   202309091700_-4.24215_55.86349_3
Running simulation ID:   202309091800_-4.24215_55.86349_3
Running simulation ID:   202309091800_-4.247_55.861_3
Running simulation ID:   202309091900_-4.24215_55.86349_3
Running simulation ID:   202309091900_-4.247_55.861_3
Running simulation ID:   202309092000_-4.24215_55.86349_3
Running simulation ID:   202309092000_-4.247_55.861_3
Running simulation ID:   202309092100_-4.247_55.861_3
Running simulation ID:   202309092100_-4.24215_55.86349_3
Running simulation ID:   202309092200_-4.247_55.861_3
Running simulation ID:   202309092200_-4.24215_55.86349_3
Running simulation ID:   202309092300_-4.247_55.861_3
Running simulation ID:   202309092300_-4.24215_55.86349_3
Running simulation ID:   202309100000_-4.247_55.861_3
Running simulation ID:   202309100000_-4.24215_55.86349_3
Running simulation ID:   202309100100_-4.24215_55.86349_3
Running simulation ID:   202309100100_-4.247_55.861_3
Running simulation ID:   202309100200_-4.247_55.861_3
Running simulation ID:   202309100200_-4.24215_55.86349_3
Running simulation ID:   202309100300_-4.24215_55.86349_3
Running simulation ID:   202309100300_-4.247_55.861_3
Running simulation ID:   202309100400_-4.247_55.861_3
Running simulation ID:   202309100400_-4.24215_55.86349_3
Running simulation ID:   202309100500_-4.247_55.861_3
Running simulation ID:   202309100500_-4.24215_55.86349_3
Running simulation ID:   202309100600_-4.24215_55.86349_3
Running simulation ID:   202309100600_-4.247_55.861_3
Running simulation ID:   202309100700_-4.247_55.861_3
Running simulation ID:   202309100700_-4.24215_55.86349_3
Running simulation ID:   202309100800_-4.247_55.861_3
Running simulation ID:   202309100800_-4.24215_55.86349_3
Running simulation ID:   202309100900_-4.247_55.861_3
Running simulation ID:   202309100900_-4.24215_55.86349_3
Running simulation ID:   202309101000_-4.24215_55.86349_3
Running simulation ID:   202309101000_-4.247_55.861_3
Running simulation ID:   202309101100_-4.247_55.861_3
Running simulation ID:   202309101100_-4.24215_55.86349_3
Running simulation ID:   202309101200_-4.24215_55.86349_3
Running simulation ID:   202309101200_-4.247_55.861_3
Running simulation ID:   202309101300_-4.24215_55.86349_3
Running simulation ID:   202309101300_-4.247_55.861_3
Running simulation ID:   202309101400_-4.24215_55.86349_3
Running simulation ID:   202309101400_-4.247_55.861_3
Running simulation ID:   202309101500_-4.247_55.861_3
Running simulation ID:   202309101500_-4.24215_55.86349_3
Running simulation ID:   202309101600_-4.24215_55.86349_3
Running simulation ID:   202309101600_-4.247_55.861_3
Running simulation ID:   202309101700_-4.247_55.861_3
Running simulation ID:   202309101700_-4.24215_55.86349_3
Running simulation ID:   202309101800_-4.247_55.861_3
Running simulation ID:   202309101800_-4.24215_55.86349_3
Running simulation ID:   202309101900_-4.24215_55.86349_3
Running simulation ID:   202309101900_-4.247_55.861_3
Running simulation ID:   202309102000_-4.24215_55.86349_3
Running simulation ID:   202309102000_-4.247_55.861_3
Running simulation ID:   202309102100_-4.247_55.861_3
Running simulation ID:   202309102100_-4.24215_55.86349_3
Running simulation ID:   202309102200_-4.24215_55.86349_3
Running simulation ID:   202309102200_-4.247_55.861_3
Running simulation ID:   202309102300_-4.24215_55.86349_3
Running simulation ID:   202309102300_-4.247_55.861_3
Running simulation ID:   202309110000_-4.247_55.861_3
Running simulation ID:   202309110000_-4.24215_55.86349_3
Running simulation ID:   202309110100_-4.247_55.861_3
Running simulation ID:   202309110100_-4.24215_55.86349_3
Running simulation ID:   202309110200_-4.247_55.861_3
Running simulation ID:   202309110200_-4.24215_55.86349_3
Running simulation ID:   202309110300_-4.247_55.861_3
Running simulation ID:   202309110300_-4.24215_55.86349_3
Running simulation ID:   202309110400_-4.24215_55.86349_3
Running simulation ID:   202309110400_-4.247_55.861_3
Running simulation ID:   202309110500_-4.247_55.861_3
Running simulation ID:   202309110500_-4.24215_55.86349_3
Running simulation ID:   202309110600_-4.24215_55.86349_3
Running simulation ID:   202309110600_-4.247_55.861_3
Running simulation ID:   202309110700_-4.24215_55.86349_3
Running simulation ID:   202309110700_-4.247_55.861_3
Running simulation ID:   202309110800_-4.247_55.861_3
Running simulation ID:   202309110800_-4.24215_55.86349_3
Running simulation ID:   202309110900_-4.24215_55.86349_3
Running simulation ID:   202309110900_-4.247_55.861_3
Running simulation ID:   202309111000_-4.247_55.861_3
Running simulation ID:   202309111000_-4.24215_55.86349_3
Running simulation ID:   202309111100_-4.24215_55.86349_3
Running simulation ID:   202309111100_-4.247_55.861_3
Running simulation ID:   202309111200_-4.247_55.861_3
Running simulation ID:   202309111200_-4.24215_55.86349_3
Running simulation ID:   202309111300_-4.247_55.861_3
Running simulation ID:   202309111300_-4.24215_55.86349_3
Running simulation ID:   202309111400_-4.24215_55.86349_3
Running simulation ID:   202309111400_-4.247_55.861_3
Running simulation ID:   202309111500_-4.24215_55.86349_3
Running simulation ID:   202309111500_-4.247_55.861_3
Running simulation ID:   202309111600_-4.247_55.861_3
Running simulation ID:   202309111600_-4.24215_55.86349_3
Running simulation ID:   202309111700_-4.247_55.861_3
Running simulation ID:   202309111700_-4.24215_55.86349_3
Running simulation ID:   202309111800_-4.247_55.861_3
Running simulation ID:   202309111800_-4.24215_55.86349_3
Running simulation ID:   202309111900_-4.24215_55.86349_3
Running simulation ID:   202309111900_-4.247_55.861_3
Running simulation ID:   202309112000_-4.247_55.861_3
Running simulation ID:   202309112000_-4.24215_55.86349_3
Running simulation ID:   202309112100_-4.247_55.861_3
Running simulation ID:   202309112100_-4.24215_55.86349_3
Running simulation ID:   202309112200_-4.24215_55.86349_3
Running simulation ID:   202309112200_-4.247_55.861_3
Running simulation ID:   202309112300_-4.247_55.861_3
Running simulation ID:   202309112300_-4.24215_55.86349_3
Running simulation ID:   202309120000_-4.247_55.861_3
Running simulation ID:   202309120000_-4.24215_55.86349_3
Running simulation ID:   202309120100_-4.247_55.861_3
Running simulation ID:   202309120100_-4.24215_55.86349_3
Running simulation ID:   202309120200_-4.247_55.861_3
Running simulation ID:   202309120200_-4.24215_55.86349_3
Running simulation ID:   202309120300_-4.247_55.861_3
Running simulation ID:   202309120300_-4.24215_55.86349_3
Running simulation ID:   202309120400_-4.247_55.861_3
Running simulation ID:   202309120400_-4.24215_55.86349_3
Running simulation ID:   202309120500_-4.24215_55.86349_3
Running simulation ID:   202309120500_-4.247_55.861_3
Running simulation ID:   202309120600_-4.24215_55.86349_3
Running simulation ID:   202309120600_-4.247_55.861_3
Running simulation ID:   202309120700_-4.247_55.861_3
Running simulation ID:   202309120700_-4.24215_55.86349_3
Running simulation ID:   202309120800_-4.24215_55.86349_3
Running simulation ID:   202309120800_-4.247_55.861_3
Running simulation ID:   202309120900_-4.24215_55.86349_3
Running simulation ID:   202309120900_-4.247_55.861_3
Running simulation ID:   202309121000_-4.24215_55.86349_3
Running simulation ID:   202309121000_-4.247_55.861_3
Running simulation ID:   202309121100_-4.247_55.861_3
Running simulation ID:   202309121100_-4.24215_55.86349_3
Running simulation ID:   202309121200_-4.247_55.861_3
Running simulation ID:   202309121200_-4.24215_55.86349_3
Running simulation ID:   202309121300_-4.247_55.861_3
Running simulation ID:   202309121300_-4.24215_55.86349_3
Running simulation ID:   202309121400_-4.24215_55.86349_3
Running simulation ID:   202309121400_-4.247_55.861_3
Running simulation ID:   202309121500_-4.24215_55.86349_3
Running simulation ID:   202309121500_-4.247_55.861_3
Running simulation ID:   202309121600_-4.247_55.861_3
Running simulation ID:   202309121600_-4.24215_55.86349_3
Running simulation ID:   202309121700_-4.24215_55.86349_3
Running simulation ID:   202309121700_-4.247_55.861_3
Running simulation ID:   202309121800_-4.24215_55.86349_3
Running simulation ID:   202309121800_-4.247_55.861_3
Running simulation ID:   202309121900_-4.247_55.861_3
Running simulation ID:   202309121900_-4.24215_55.86349_3
Running simulation ID:   202309122000_-4.24215_55.86349_3
Running simulation ID:   202309122000_-4.247_55.861_3
Running simulation ID:   202309122100_-4.24215_55.86349_3
Running simulation ID:   202309122100_-4.247_55.861_3
Running simulation ID:   202309122200_-4.24215_55.86349_3
Running simulation ID:   202309122200_-4.247_55.861_3
Running simulation ID:   202309122300_-4.247_55.861_3
Running simulation ID:   202309122300_-4.24215_55.86349_3
Running simulation ID:   202309130000_-4.24215_55.86349_3
Running simulation ID:   202309130000_-4.247_55.861_3
Running simulation ID:   202309130100_-4.24215_55.86349_3
Running simulation ID:   202309130100_-4.247_55.861_3
Running simulation ID:   202309130200_-4.24215_55.86349_3
Running simulation ID:   202309130200_-4.247_55.861_3
Running simulation ID:   202309130300_-4.24215_55.86349_3
Running simulation ID:   202309130300_-4.247_55.861_3
Running simulation ID:   202309130400_-4.247_55.861_3
Running simulation ID:   202309130400_-4.24215_55.86349_3
Running simulation ID:   202309130500_-4.247_55.861_3
Running simulation ID:   202309130500_-4.24215_55.86349_3
Running simulation ID:   202309130600_-4.247_55.861_3
Running simulation ID:   202309130600_-4.24215_55.86349_3
Running simulation ID:   202309130700_-4.24215_55.86349_3
Running simulation ID:   202309130700_-4.247_55.861_3
Running simulation ID:   202309130800_-4.24215_55.86349_3
Running simulation ID:   202309130800_-4.247_55.861_3
Running simulation ID:   202309130900_-4.24215_55.86349_3
Running simulation ID:   202309130900_-4.247_55.861_3
Running simulation ID:   202309131000_-4.24215_55.86349_3
Running simulation ID:   202309131000_-4.247_55.861_3
Running simulation ID:   202309131100_-4.24215_55.86349_3
Running simulation ID:   202309131100_-4.247_55.861_3
Running simulation ID:   202309131200_-4.247_55.861_3
Running simulation ID:   202309131200_-4.24215_55.86349_3
Running simulation ID:   202309131300_-4.247_55.861_3
Running simulation ID:   202309131300_-4.24215_55.86349_3
Running simulation ID:   202309131400_-4.247_55.861_3
Running simulation ID:   202309131400_-4.24215_55.86349_3
Running simulation ID:   202309131500_-4.24215_55.86349_3
Running simulation ID:   202309131500_-4.247_55.861_3
Running simulation ID:   202309131600_-4.247_55.861_3
Running simulation ID:   202309131600_-4.24215_55.86349_3
Running simulation ID:   202309131700_-4.24215_55.86349_3
Running simulation ID:   202309131700_-4.247_55.861_3
Running simulation ID:   202309131800_-4.24215_55.86349_3
Running simulation ID:   202309131800_-4.247_55.861_3
Running simulation ID:   202309131900_-4.247_55.861_3
Running simulation ID:   202309131900_-4.24215_55.86349_3
Running simulation ID:   202309132000_-4.247_55.861_3
Running simulation ID:   202309132000_-4.24215_55.86349_3
Running simulation ID:   202309132100_-4.247_55.861_3
Running simulation ID:   202309132100_-4.24215_55.86349_3
Running simulation ID:   202309132200_-4.24215_55.86349_3
Running simulation ID:   202309132200_-4.247_55.861_3
Running simulation ID:   202309132300_-4.24215_55.86349_3
Running simulation ID:   202309132300_-4.247_55.861_3
Running simulation ID:   202309140000_-4.24215_55.86349_3
Running simulation ID:   202309140000_-4.247_55.861_3
Running simulation ID:   202309140100_-4.247_55.861_3
Running simulation ID:   202309140100_-4.24215_55.86349_3
Running simulation ID:   202309140200_-4.247_55.861_3
Running simulation ID:   202309140200_-4.24215_55.86349_3
Running simulation ID:   202309140300_-4.247_55.861_3
Running simulation ID:   202309140300_-4.24215_55.86349_3
Running simulation ID:   202309140400_-4.24215_55.86349_3
Running simulation ID:   202309140400_-4.247_55.861_3
Running simulation ID:   202309140500_-4.247_55.861_3
Running simulation ID:   202309140500_-4.24215_55.86349_3
Running simulation ID:   202309140600_-4.247_55.861_3
Running simulation ID:   202309140600_-4.24215_55.86349_3
Running simulation ID:   202309140700_-4.247_55.861_3
Running simulation ID:   202309140700_-4.24215_55.86349_3
Running simulation ID:   202309140800_-4.247_55.861_3
Running simulation ID:   202309140800_-4.24215_55.86349_3
Running simulation ID:   202309140900_-4.247_55.861_3
Running simulation ID:   202309140900_-4.24215_55.86349_3
Running simulation ID:   202309141000_-4.247_55.861_3
Running simulation ID:   202309141000_-4.24215_55.86349_3
Running simulation ID:   202309141100_-4.247_55.861_3
Running simulation ID:   202309141100_-4.24215_55.86349_3
Running simulation ID:   202309141200_-4.247_55.861_3
Running simulation ID:   202309141200_-4.24215_55.86349_3
Running simulation ID:   202309141300_-4.24215_55.86349_3
Running simulation ID:   202309141300_-4.247_55.861_3
Running simulation ID:   202309141400_-4.24215_55.86349_3
Running simulation ID:   202309141400_-4.247_55.861_3
Running simulation ID:   202309141500_-4.24215_55.86349_3
Running simulation ID:   202309141500_-4.247_55.861_3
Running simulation ID:   202309141600_-4.247_55.861_3
Running simulation ID:   202309141600_-4.24215_55.86349_3
Running simulation ID:   202309141700_-4.247_55.861_3
Running simulation ID:   202309141700_-4.24215_55.86349_3
Running simulation ID:   202309141800_-4.247_55.861_3
Running simulation ID:   202309141800_-4.24215_55.86349_3
Running simulation ID:   202309141900_-4.24215_55.86349_3
Running simulation ID:   202309141900_-4.247_55.861_3
Running simulation ID:   202309142000_-4.24215_55.86349_3
Running simulation ID:   202309142000_-4.247_55.861_3
Running simulation ID:   202309142100_-4.247_55.861_3
Running simulation ID:   202309142100_-4.24215_55.86349_3
Running simulation ID:   202309142200_-4.247_55.861_3
Running simulation ID:   202309142200_-4.24215_55.86349_3
Running simulation ID:   202309142300_-4.24215_55.86349_3
Running simulation ID:   202309142300_-4.247_55.861_3
Running simulation ID:   202309150000_-4.247_55.861_3
Running simulation ID:   202309150000_-4.24215_55.86349_3
Running simulation ID:   202309150100_-4.247_55.861_3
Running simulation ID:   202309150100_-4.24215_55.86349_3
Running simulation ID:   202309150200_-4.247_55.861_3
Running simulation ID:   202309150200_-4.24215_55.86349_3
Running simulation ID:   202309150300_-4.247_55.861_3
Running simulation ID:   202309150300_-4.24215_55.86349_3
Running simulation ID:   202309150400_-4.24215_55.86349_3
Running simulation ID:   202309150400_-4.247_55.861_3
Running simulation ID:   202309150500_-4.24215_55.86349_3
Running simulation ID:   202309150500_-4.247_55.861_3
Running simulation ID:   202309150600_-4.24215_55.86349_3
Running simulation ID:   202309150600_-4.247_55.861_3
Running simulation ID:   202309150700_-4.247_55.861_3
Running simulation ID:   202309150700_-4.24215_55.86349_3
Running simulation ID:   202309150800_-4.247_55.861_3
Running simulation ID:   202309150800_-4.24215_55.86349_3
Running simulation ID:   202309150900_-4.247_55.861_3
Running simulation ID:   202309150900_-4.24215_55.86349_3
Running simulation ID:   202309151000_-4.247_55.861_3
Running simulation ID:   202309151000_-4.24215_55.86349_3
Running simulation ID:   202309151100_-4.24215_55.86349_3
Running simulation ID:   202309151100_-4.247_55.861_3
Running simulation ID:   202309151200_-4.247_55.861_3
Running simulation ID:   202309151200_-4.24215_55.86349_3
Running simulation ID:   202309151300_-4.247_55.861_3
Running simulation ID:   202309151300_-4.24215_55.86349_3
Running simulation ID:   202309151400_-4.24215_55.86349_3
Running simulation ID:   202309151400_-4.247_55.861_3
Running simulation ID:   202309151500_-4.247_55.861_3
Running simulation ID:   202309151500_-4.24215_55.86349_3
Running simulation ID:   202309151600_-4.24215_55.86349_3
Running simulation ID:   202309151600_-4.247_55.861_3
Running simulation ID:   202309151700_-4.24215_55.86349_3
Running simulation ID:   202309151700_-4.247_55.861_3
Running simulation ID:   202309151800_-4.24215_55.86349_3
Running simulation ID:   202309151800_-4.247_55.861_3
Running simulation ID:   202309151900_-4.24215_55.86349_3
Running simulation ID:   202309151900_-4.247_55.861_3
Running simulation ID:   202309152000_-4.24215_55.86349_3
Running simulation ID:   202309152000_-4.247_55.861_3
Running simulation ID:   202309152100_-4.247_55.861_3
Running simulation ID:   202309152100_-4.24215_55.86349_3
Running simulation ID:   202309152200_-4.24215_55.86349_3
Running simulation ID:   202309152200_-4.247_55.861_3
Running simulation ID:   202309152300_-4.24215_55.86349_3
Running simulation ID:   202309152300_-4.247_55.861_3
Running simulation ID:   202309160000_-4.24215_55.86349_3
Running simulation ID:   202309160000_-4.247_55.861_3
Running simulation ID:   202309160100_-4.247_55.861_3
Running simulation ID:   202309160100_-4.24215_55.86349_3
Running simulation ID:   202309160200_-4.247_55.861_3
Running simulation ID:   202309160200_-4.24215_55.86349_3
Running simulation ID:   202309160300_-4.247_55.861_3
Running simulation ID:   202309160300_-4.24215_55.86349_3
Running simulation ID:   202309160400_-4.247_55.861_3
Running simulation ID:   202309160400_-4.24215_55.86349_3
Running simulation ID:   202309160500_-4.24215_55.86349_3
Running simulation ID:   202309160500_-4.247_55.861_3
Running simulation ID:   202309160600_-4.24215_55.86349_3
Running simulation ID:   202309160600_-4.247_55.861_3
Running simulation ID:   202309160700_-4.24215_55.86349_3
Running simulation ID:   202309160700_-4.247_55.861_3
Running simulation ID:   202309160800_-4.247_55.861_3
Running simulation ID:   202309160800_-4.24215_55.86349_3
Running simulation ID:   202309160900_-4.247_55.861_3
Running simulation ID:   202309160900_-4.24215_55.86349_3
Running simulation ID:   202309161000_-4.24215_55.86349_3
Running simulation ID:   202309161000_-4.247_55.861_3
Running simulation ID:   202309161100_-4.247_55.861_3
Running simulation ID:   202309161100_-4.24215_55.86349_3
Running simulation ID:   202309161200_-4.247_55.861_3
Running simulation ID:   202309161200_-4.24215_55.86349_3
Running simulation ID:   202309161300_-4.247_55.861_3
Running simulation ID:   202309161300_-4.24215_55.86349_3
Running simulation ID:   202309161400_-4.24215_55.86349_3
Running simulation ID:   202309161400_-4.247_55.861_3
Running simulation ID:   202309161500_-4.24215_55.86349_3
Running simulation ID:   202309161500_-4.247_55.861_3
Running simulation ID:   202309161600_-4.24215_55.86349_3
Running simulation ID:   202309161600_-4.247_55.861_3
Running simulation ID:   202309161700_-4.24215_55.86349_3
Running simulation ID:   202309161700_-4.247_55.861_3
Running simulation ID:   202309161800_-4.24215_55.86349_3
Running simulation ID:   202309161800_-4.247_55.861_3
Running simulation ID:   202309161900_-4.247_55.861_3
Running simulation ID:   202309161900_-4.24215_55.86349_3
Running simulation ID:   202309162000_-4.24215_55.86349_3
Running simulation ID:   202309162000_-4.247_55.861_3
Running simulation ID:   202309162100_-4.24215_55.86349_3
Running simulation ID:   202309162100_-4.247_55.861_3
Running simulation ID:   202309162200_-4.247_55.861_3
Running simulation ID:   202309162200_-4.24215_55.86349_3
Running simulation ID:   202309162300_-4.247_55.861_3
Running simulation ID:   202309162300_-4.24215_55.86349_3
Running simulation ID:   202309170000_-4.24215_55.86349_3
Running simulation ID:   202309170000_-4.247_55.861_3
Running simulation ID:   202309170100_-4.247_55.861_3
Running simulation ID:   202309170100_-4.24215_55.86349_3
Running simulation ID:   202309170200_-4.24215_55.86349_3
Running simulation ID:   202309170200_-4.247_55.861_3
Running simulation ID:   202309170300_-4.24215_55.86349_3
Running simulation ID:   202309170300_-4.247_55.861_3
Running simulation ID:   202309170400_-4.24215_55.86349_3
Running simulation ID:   202309170400_-4.247_55.861_3
Running simulation ID:   202309170500_-4.24215_55.86349_3
Running simulation ID:   202309170500_-4.247_55.861_3
Running simulation ID:   202309170600_-4.247_55.861_3
Running simulation ID:   202309170600_-4.24215_55.86349_3
Running simulation ID:   202309170700_-4.247_55.861_3
Running simulation ID:   202309170700_-4.24215_55.86349_3
Running simulation ID:   202309170800_-4.247_55.861_3
Running simulation ID:   202309170800_-4.24215_55.86349_3
Running simulation ID:   202309170900_-4.24215_55.86349_3
Running simulation ID:   202309170900_-4.247_55.861_3
Running simulation ID:   202309171000_-4.24215_55.86349_3
Running simulation ID:   202309171000_-4.247_55.861_3
Running simulation ID:   202309171100_-4.24215_55.86349_3
Running simulation ID:   202309171100_-4.247_55.861_3
Running simulation ID:   202309171200_-4.24215_55.86349_3
Running simulation ID:   202309171200_-4.247_55.861_3
Running simulation ID:   202309171300_-4.24215_55.86349_3
Running simulation ID:   202309171300_-4.247_55.861_3
Running simulation ID:   202309171400_-4.24215_55.86349_3
Running simulation ID:   202309171400_-4.247_55.861_3
Running simulation ID:   202309171500_-4.247_55.861_3
Running simulation ID:   202309171500_-4.24215_55.86349_3
Running simulation ID:   202309171600_-4.247_55.861_3
Running simulation ID:   202309171600_-4.24215_55.86349_3
Running simulation ID:   202309171700_-4.24215_55.86349_3
Running simulation ID:   202309171700_-4.247_55.861_3
Running simulation ID:   202309171800_-4.24215_55.86349_3
Running simulation ID:   202309171800_-4.247_55.861_3
Running simulation ID:   202309171900_-4.247_55.861_3
Running simulation ID:   202309171900_-4.24215_55.86349_3
Running simulation ID:   202309172000_-4.24215_55.86349_3
Running simulation ID:   202309172000_-4.247_55.861_3
Running simulation ID:   202309172100_-4.247_55.861_3
Running simulation ID:   202309172100_-4.24215_55.86349_3
Running simulation ID:   202309172200_-4.24215_55.86349_3
Running simulation ID:   202309172200_-4.247_55.861_3
Running simulation ID:   202309172300_-4.247_55.861_3
Running simulation ID:   202309172300_-4.24215_55.86349_3
Running simulation ID:   202309180000_-4.24215_55.86349_3
Running simulation ID:   202309180000_-4.247_55.861_3
Running simulation ID:   202309180100_-4.24215_55.86349_3
Running simulation ID:   202309180100_-4.247_55.861_3
Running simulation ID:   202309180200_-4.24215_55.86349_3
Running simulation ID:   202309180200_-4.247_55.861_3
Running simulation ID:   202309180300_-4.247_55.861_3
Running simulation ID:   202309180300_-4.24215_55.86349_3
Running simulation ID:   202309180400_-4.24215_55.86349_3
Running simulation ID:   202309180400_-4.247_55.861_3
Running simulation ID:   202309180500_-4.24215_55.86349_3
Running simulation ID:   202309180500_-4.247_55.861_3
Running simulation ID:   202309180600_-4.247_55.861_3
Running simulation ID:   202309180600_-4.24215_55.86349_3
Running simulation ID:   202309180700_-4.24215_55.86349_3
Running simulation ID:   202309180700_-4.247_55.861_3
Running simulation ID:   202309180800_-4.247_55.861_3
Running simulation ID:   202309180800_-4.24215_55.86349_3
Running simulation ID:   202309180900_-4.24215_55.86349_3
Running simulation ID:   202309180900_-4.247_55.861_3
Running simulation ID:   202309181000_-4.247_55.861_3
Running simulation ID:   202309181000_-4.24215_55.86349_3
Running simulation ID:   202309181100_-4.24215_55.86349_3
Running simulation ID:   202309181100_-4.247_55.861_3
Running simulation ID:   202309181200_-4.247_55.861_3
Running simulation ID:   202309181200_-4.24215_55.86349_3
Running simulation ID:   202309181300_-4.247_55.861_3
Running simulation ID:   202309181300_-4.24215_55.86349_3
Running simulation ID:   202309181400_-4.24215_55.86349_3
Running simulation ID:   202309181400_-4.247_55.861_3
Running simulation ID:   202309181500_-4.24215_55.86349_3
Running simulation ID:   202309181500_-4.247_55.861_3
Running simulation ID:   202309181600_-4.247_55.861_3
Running simulation ID:   202309181600_-4.24215_55.86349_3
Running simulation ID:   202309181700_-4.24215_55.86349_3
Running simulation ID:   202309181700_-4.247_55.861_3
Running simulation ID:   202309181800_-4.24215_55.86349_3
Running simulation ID:   202309181800_-4.247_55.861_3
Running simulation ID:   202309181900_-4.24215_55.86349_3
Running simulation ID:   202309181900_-4.247_55.861_3
Running simulation ID:   202309182000_-4.247_55.861_3
Running simulation ID:   202309182000_-4.24215_55.86349_3
Running simulation ID:   202309182100_-4.247_55.861_3
Running simulation ID:   202309182100_-4.24215_55.86349_3
Running simulation ID:   202309182200_-4.247_55.861_3
Running simulation ID:   202309182200_-4.24215_55.86349_3
Running simulation ID:   202309182300_-4.247_55.861_3
Running simulation ID:   202309182300_-4.24215_55.86349_3
Running simulation ID:   202309190000_-4.247_55.861_3
Running simulation ID:   202309190000_-4.24215_55.86349_3
Running simulation ID:   202309190100_-4.247_55.861_3
Running simulation ID:   202309190100_-4.24215_55.86349_3
Running simulation ID:   202309190200_-4.247_55.861_3
Running simulation ID:   202309190200_-4.24215_55.86349_3
Running simulation ID:   202309190300_-4.247_55.861_3
Running simulation ID:   202309190300_-4.24215_55.86349_3
Running simulation ID:   202309190400_-4.247_55.861_3
Running simulation ID:   202309190400_-4.24215_55.86349_3
Running simulation ID:   202309190500_-4.247_55.861_3
Running simulation ID:   202309190500_-4.24215_55.86349_3
Running simulation ID:   202309190600_-4.247_55.861_3
Running simulation ID:   202309190600_-4.24215_55.86349_3
Running simulation ID:   202309190700_-4.24215_55.86349_3
Running simulation ID:   202309190700_-4.247_55.861_3
Running simulation ID:   202309190800_-4.24215_55.86349_3
Running simulation ID:   202309190800_-4.247_55.861_3
Running simulation ID:   202309190900_-4.24215_55.86349_3
Running simulation ID:   202309190900_-4.247_55.861_3
Running simulation ID:   202309191000_-4.247_55.861_3
Running simulation ID:   202309191000_-4.24215_55.86349_3
Running simulation ID:   202309191100_-4.247_55.861_3
Running simulation ID:   202309191100_-4.24215_55.86349_3
Running simulation ID:   202309191200_-4.24215_55.86349_3
Running simulation ID:   202309191200_-4.247_55.861_3
Running simulation ID:   202309191300_-4.24215_55.86349_3
Running simulation ID:   202309191300_-4.247_55.861_3
Running simulation ID:   202309191400_-4.24215_55.86349_3
Running simulation ID:   202309191400_-4.247_55.861_3
Running simulation ID:   202309191500_-4.24215_55.86349_3
Running simulation ID:   202309191500_-4.247_55.861_3
Running simulation ID:   202309191600_-4.24215_55.86349_3
Running simulation ID:   202309191600_-4.247_55.861_3
Running simulation ID:   202309191700_-4.247_55.861_3
Running simulation ID:   202309191700_-4.24215_55.86349_3
Running simulation ID:   202309191800_-4.247_55.861_3
Running simulation ID:   202309191800_-4.24215_55.86349_3
Running simulation ID:   202309191900_-4.247_55.861_3
Running simulation ID:   202309191900_-4.24215_55.86349_3
Running simulation ID:   202309192000_-4.24215_55.86349_3
Running simulation ID:   202309192000_-4.247_55.861_3
Running simulation ID:   202309192100_-4.24215_55.86349_3
Running simulation ID:   202309192100_-4.247_55.861_3
Running simulation ID:   202309192200_-4.24215_55.86349_3
Running simulation ID:   202309192200_-4.247_55.861_3
Running simulation ID:   202309192300_-4.24215_55.86349_3
Running simulation ID:   202309192300_-4.247_55.861_3
Running simulation ID:   202309200000_-4.247_55.861_3
Running simulation ID:   202309200000_-4.24215_55.86349_3
Running simulation ID:   202309200100_-4.24215_55.86349_3
Running simulation ID:   202309200100_-4.247_55.861_3
Running simulation ID:   202309200200_-4.247_55.861_3
Running simulation ID:   202309200200_-4.24215_55.86349_3
Running simulation ID:   202309200300_-4.247_55.861_3
Running simulation ID:   202309200300_-4.24215_55.86349_3
Running simulation ID:   202309200400_-4.247_55.861_3
Running simulation ID:   202309200400_-4.24215_55.86349_3
Running simulation ID:   202309200500_-4.247_55.861_3
Running simulation ID:   202309200500_-4.24215_55.86349_3
Running simulation ID:   202309200600_-4.24215_55.86349_3
Running simulation ID:   202309200600_-4.247_55.861_3
Running simulation ID:   202309200700_-4.247_55.861_3
Running simulation ID:   202309200700_-4.24215_55.86349_3
Running simulation ID:   202309200800_-4.247_55.861_3
Running simulation ID:   202309200800_-4.24215_55.86349_3
Running simulation ID:   202309200900_-4.24215_55.86349_3
Running simulation ID:   202309200900_-4.247_55.861_3
Running simulation ID:   202309201000_-4.24215_55.86349_3
Running simulation ID:   202309201000_-4.247_55.861_3
Running simulation ID:   202309201100_-4.247_55.861_3
Running simulation ID:   202309201100_-4.24215_55.86349_3
Running simulation ID:   202309201200_-4.247_55.861_3
Running simulation ID:   202309201200_-4.24215_55.86349_3
Running simulation ID:   202309201300_-4.247_55.861_3
Running simulation ID:   202309201300_-4.24215_55.86349_3
Running simulation ID:   202309201400_-4.24215_55.86349_3
Running simulation ID:   202309201400_-4.247_55.861_3
Running simulation ID:   202309201500_-4.247_55.861_3
Running simulation ID:   202309201500_-4.24215_55.86349_3
Running simulation ID:   202309201600_-4.247_55.861_3
Running simulation ID:   202309201600_-4.24215_55.86349_3
Running simulation ID:   202309201700_-4.24215_55.86349_3
Running simulation ID:   202309201700_-4.247_55.861_3
Running simulation ID:   202309201800_-4.247_55.861_3
Running simulation ID:   202309201800_-4.24215_55.86349_3
Running simulation ID:   202309201900_-4.247_55.861_3
Running simulation ID:   202309201900_-4.24215_55.86349_3
Running simulation ID:   202309202000_-4.247_55.861_3
Running simulation ID:   202309202000_-4.24215_55.86349_3
Running simulation ID:   202309202100_-4.247_55.861_3
Running simulation ID:   202309202100_-4.24215_55.86349_3
Running simulation ID:   202309202200_-4.24215_55.86349_3
Running simulation ID:   202309202200_-4.247_55.861_3
Running simulation ID:   202309202300_-4.24215_55.86349_3
Running simulation ID:   202309202300_-4.247_55.861_3
Running simulation ID:   202309210000_-4.24215_55.86349_3
Running simulation ID:   202309210000_-4.247_55.861_3
Running simulation ID:   202309210100_-4.247_55.861_3
Running simulation ID:   202309210100_-4.24215_55.86349_3
Running simulation ID:   202309210200_-4.247_55.861_3
Running simulation ID:   202309210200_-4.24215_55.86349_3
Running simulation ID:   202309210300_-4.247_55.861_3
Running simulation ID:   202309210300_-4.24215_55.86349_3
Running simulation ID:   202309210400_-4.247_55.861_3
Running simulation ID:   202309210400_-4.24215_55.86349_3
Running simulation ID:   202309210500_-4.24215_55.86349_3
Running simulation ID:   202309210500_-4.247_55.861_3
Running simulation ID:   202309210600_-4.24215_55.86349_3
Running simulation ID:   202309210600_-4.247_55.861_3
Running simulation ID:   202309210700_-4.247_55.861_3
Running simulation ID:   202309210700_-4.24215_55.86349_3
Running simulation ID:   202309210800_-4.247_55.861_3
Running simulation ID:   202309210800_-4.24215_55.86349_3
Running simulation ID:   202309210900_-4.247_55.861_3
Running simulation ID:   202309210900_-4.24215_55.86349_3
Running simulation ID:   202309211000_-4.247_55.861_3
Running simulation ID:   202309211000_-4.24215_55.86349_3
Running simulation ID:   202309211100_-4.24215_55.86349_3
Running simulation ID:   202309211100_-4.247_55.861_3
Running simulation ID:   202309211200_-4.247_55.861_3
Running simulation ID:   202309211200_-4.24215_55.86349_3
Running simulation ID:   202309211300_-4.247_55.861_3
Running simulation ID:   202309211300_-4.24215_55.86349_3
Running simulation ID:   202309211400_-4.247_55.861_3
Running simulation ID:   202309211400_-4.24215_55.86349_3
Running simulation ID:   202309211500_-4.24215_55.86349_3
Running simulation ID:   202309211500_-4.247_55.861_3
Running simulation ID:   202309211600_-4.24215_55.86349_3
Running simulation ID:   202309211600_-4.247_55.861_3
Running simulation ID:   202309211700_-4.24215_55.86349_3
Running simulation ID:   202309211700_-4.247_55.861_3
Running simulation ID:   202309211800_-4.247_55.861_3
Running simulation ID:   202309211800_-4.24215_55.86349_3
Running simulation ID:   202309211900_-4.24215_55.86349_3
Running simulation ID:   202309211900_-4.247_55.861_3
Running simulation ID:   202309212000_-4.247_55.861_3
Running simulation ID:   202309212000_-4.24215_55.86349_3
Running simulation ID:   202309212100_-4.24215_55.86349_3
Running simulation ID:   202309212100_-4.247_55.861_3
Running simulation ID:   202309212200_-4.24215_55.86349_3
Running simulation ID:   202309212200_-4.247_55.861_3
Running simulation ID:   202309212300_-4.247_55.861_3
Running simulation ID:   202309212300_-4.24215_55.86349_3
Running simulation ID:   202309220000_-4.24215_55.86349_3
Running simulation ID:   202309220000_-4.247_55.861_3
Running simulation ID:   202309220100_-4.24215_55.86349_3
Running simulation ID:   202309220100_-4.247_55.861_3
Running simulation ID:   202309220200_-4.24215_55.86349_3
Running simulation ID:   202309220200_-4.247_55.861_3
Running simulation ID:   202309220300_-4.24215_55.86349_3
Running simulation ID:   202309220300_-4.247_55.861_3
Running simulation ID:   202309220400_-4.24215_55.86349_3
Running simulation ID:   202309220400_-4.247_55.861_3
Running simulation ID:   202309220500_-4.247_55.861_3
Running simulation ID:   202309220500_-4.24215_55.86349_3
Running simulation ID:   202309220600_-4.247_55.861_3
Running simulation ID:   202309220600_-4.24215_55.86349_3
Running simulation ID:   202309220700_-4.24215_55.86349_3
Running simulation ID:   202309220700_-4.247_55.861_3
Running simulation ID:   202309220800_-4.247_55.861_3
Running simulation ID:   202309220800_-4.24215_55.86349_3
Running simulation ID:   202309220900_-4.247_55.861_3
Running simulation ID:   202309220900_-4.24215_55.86349_3
Running simulation ID:   202309221000_-4.247_55.861_3
Running simulation ID:   202309221000_-4.24215_55.86349_3
Running simulation ID:   202309221100_-4.247_55.861_3
Running simulation ID:   202309221100_-4.24215_55.86349_3
Running simulation ID:   202309221200_-4.24215_55.86349_3
Running simulation ID:   202309221200_-4.247_55.861_3
Running simulation ID:   202309221300_-4.24215_55.86349_3
Running simulation ID:   202309221300_-4.247_55.861_3
Running simulation ID:   202309221400_-4.24215_55.86349_3
Running simulation ID:   202309221400_-4.247_55.861_3
Running simulation ID:   202309221500_-4.24215_55.86349_3
Running simulation ID:   202309221500_-4.247_55.861_3
Running simulation ID:   202309221600_-4.247_55.861_3
Running simulation ID:   202309221600_-4.24215_55.86349_3
Running simulation ID:   202309221700_-4.247_55.861_3
Running simulation ID:   202309221700_-4.24215_55.86349_3
Running simulation ID:   202309221800_-4.24215_55.86349_3
Running simulation ID:   202309221800_-4.247_55.861_3
Running simulation ID:   202309221900_-4.24215_55.86349_3
Running simulation ID:   202309221900_-4.247_55.861_3
Running simulation ID:   202309222000_-4.24215_55.86349_3
Running simulation ID:   202309222000_-4.247_55.861_3
Running simulation ID:   202309222100_-4.24215_55.86349_3
Running simulation ID:   202309222100_-4.247_55.861_3
Running simulation ID:   202309222200_-4.24215_55.86349_3
Running simulation ID:   202309222200_-4.247_55.861_3
Running simulation ID:   202309222300_-4.247_55.861_3
Running simulation ID:   202309222300_-4.24215_55.86349_3
Running simulation ID:   202309230000_-4.247_55.861_3
Running simulation ID:   202309230000_-4.24215_55.86349_3
Running simulation ID:   202309230100_-4.247_55.861_3
Running simulation ID:   202309230100_-4.24215_55.86349_3
Running simulation ID:   202309230200_-4.24215_55.86349_3
Running simulation ID:   202309230200_-4.247_55.861_3
Running simulation ID:   202309230300_-4.24215_55.86349_3
Running simulation ID:   202309230300_-4.247_55.861_3
Running simulation ID:   202309230400_-4.24215_55.86349_3
Running simulation ID:   202309230400_-4.247_55.861_3
Running simulation ID:   202309230500_-4.247_55.861_3
Running simulation ID:   202309230500_-4.24215_55.86349_3
Running simulation ID:   202309230600_-4.247_55.861_3
Running simulation ID:   202309230600_-4.24215_55.86349_3
Running simulation ID:   202309230700_-4.24215_55.86349_3
Running simulation ID:   202309230700_-4.247_55.861_3
Running simulation ID:   202309230800_-4.247_55.861_3
Running simulation ID:   202309230800_-4.24215_55.86349_3
Running simulation ID:   202309230900_-4.24215_55.86349_3
Running simulation ID:   202309230900_-4.247_55.861_3
Running simulation ID:   202309231000_-4.24215_55.86349_3
Running simulation ID:   202309231000_-4.247_55.861_3
Running simulation ID:   202309231100_-4.24215_55.86349_3
Running simulation ID:   202309231100_-4.247_55.861_3
Running simulation ID:   202309231200_-4.247_55.861_3
Running simulation ID:   202309231200_-4.24215_55.86349_3
Running simulation ID:   202309231300_-4.247_55.861_3
Running simulation ID:   202309231300_-4.24215_55.86349_3
Running simulation ID:   202309231400_-4.247_55.861_3
Running simulation ID:   202309231400_-4.24215_55.86349_3
Running simulation ID:   202309231500_-4.24215_55.86349_3
Running simulation ID:   202309231500_-4.247_55.861_3
Running simulation ID:   202309231600_-4.247_55.861_3
Running simulation ID:   202309231600_-4.24215_55.86349_3
Running simulation ID:   202309231700_-4.24215_55.86349_3
Running simulation ID:   202309231700_-4.247_55.861_3
Running simulation ID:   202309231800_-4.24215_55.86349_3
Running simulation ID:   202309231800_-4.247_55.861_3
Running simulation ID:   202309231900_-4.24215_55.86349_3
Running simulation ID:   202309231900_-4.247_55.861_3
Running simulation ID:   202309232000_-4.247_55.861_3
Running simulation ID:   202309232000_-4.24215_55.86349_3
Running simulation ID:   202309232100_-4.247_55.861_3
Running simulation ID:   202309232100_-4.24215_55.86349_3
Running simulation ID:   202309232200_-4.247_55.861_3
Running simulation ID:   202309232200_-4.24215_55.86349_3
Running simulation ID:   202309232300_-4.247_55.861_3
Running simulation ID:   202309232300_-4.24215_55.86349_3
Running simulation ID:   202309240000_-4.247_55.861_3
Running simulation ID:   202309240000_-4.24215_55.86349_3
Running simulation ID:   202309240100_-4.247_55.861_3
Running simulation ID:   202309240100_-4.24215_55.86349_3
Running simulation ID:   202309240200_-4.24215_55.86349_3
Running simulation ID:   202309240200_-4.247_55.861_3
Running simulation ID:   202309240300_-4.247_55.861_3
Running simulation ID:   202309240300_-4.24215_55.86349_3
Running simulation ID:   202309240400_-4.247_55.861_3
Running simulation ID:   202309240400_-4.24215_55.86349_3
Running simulation ID:   202309240500_-4.247_55.861_3
Running simulation ID:   202309240500_-4.24215_55.86349_3
Running simulation ID:   202309240600_-4.24215_55.86349_3
Running simulation ID:   202309240600_-4.247_55.861_3
Running simulation ID:   202309240700_-4.247_55.861_3
Running simulation ID:   202309240700_-4.24215_55.86349_3
Running simulation ID:   202309240800_-4.24215_55.86349_3
Running simulation ID:   202309240800_-4.247_55.861_3
Running simulation ID:   202309240900_-4.24215_55.86349_3
Running simulation ID:   202309240900_-4.247_55.861_3
Running simulation ID:   202309241000_-4.24215_55.86349_3
Running simulation ID:   202309241000_-4.247_55.861_3
Running simulation ID:   202309241100_-4.247_55.861_3
Running simulation ID:   202309241100_-4.24215_55.86349_3
Running simulation ID:   202309241200_-4.247_55.861_3
Running simulation ID:   202309241200_-4.24215_55.86349_3
Running simulation ID:   202309241300_-4.24215_55.86349_3
Running simulation ID:   202309241300_-4.247_55.861_3
Running simulation ID:   202309241400_-4.247_55.861_3
Running simulation ID:   202309241400_-4.24215_55.86349_3
Running simulation ID:   202309241500_-4.24215_55.86349_3
Running simulation ID:   202309241500_-4.247_55.861_3
Running simulation ID:   202309241600_-4.24215_55.86349_3
Running simulation ID:   202309241600_-4.247_55.861_3
Running simulation ID:   202309241700_-4.24215_55.86349_3
Running simulation ID:   202309241700_-4.247_55.861_3
Running simulation ID:   202309241800_-4.24215_55.86349_3
Running simulation ID:   202309241800_-4.247_55.861_3
Running simulation ID:   202309241900_-4.24215_55.86349_3
Running simulation ID:   202309241900_-4.247_55.861_3
Running simulation ID:   202309242000_-4.24215_55.86349_3
Running simulation ID:   202309242000_-4.247_55.861_3
Running simulation ID:   202309242100_-4.247_55.861_3
Running simulation ID:   202309242100_-4.24215_55.86349_3
Running simulation ID:   202309242200_-4.24215_55.86349_3
Running simulation ID:   202309242200_-4.247_55.861_3
Running simulation ID:   202309242300_-4.247_55.861_3
Running simulation ID:   202309242300_-4.24215_55.86349_3
Running simulation ID:   202309250000_-4.247_55.861_3
Running simulation ID:   202309250000_-4.24215_55.86349_3
Running simulation ID:   202309250100_-4.24215_55.86349_3
Running simulation ID:   202309250100_-4.247_55.861_3
Running simulation ID:   202309250200_-4.247_55.861_3
Running simulation ID:   202309250200_-4.24215_55.86349_3
Running simulation ID:   202309250300_-4.247_55.861_3
Running simulation ID:   202309250300_-4.24215_55.86349_3
Running simulation ID:   202309250400_-4.24215_55.86349_3
Running simulation ID:   202309250400_-4.247_55.861_3
Running simulation ID:   202309250500_-4.247_55.861_3
Running simulation ID:   202309250500_-4.24215_55.86349_3
Running simulation ID:   202309250600_-4.24215_55.86349_3
Running simulation ID:   202309250600_-4.247_55.861_3
Running simulation ID:   202309250700_-4.247_55.861_3
Running simulation ID:   202309250700_-4.24215_55.86349_3
Running simulation ID:   202309250800_-4.24215_55.86349_3
Running simulation ID:   202309250800_-4.247_55.861_3
Running simulation ID:   202309250900_-4.247_55.861_3
Running simulation ID:   202309250900_-4.24215_55.86349_3
Running simulation ID:   202309251000_-4.247_55.861_3
Running simulation ID:   202309251000_-4.24215_55.86349_3
Running simulation ID:   202309251100_-4.247_55.861_3
Running simulation ID:   202309251100_-4.24215_55.86349_3
Running simulation ID:   202309251200_-4.247_55.861_3
Running simulation ID:   202309251200_-4.24215_55.86349_3
Running simulation ID:   202309251300_-4.247_55.861_3
Running simulation ID:   202309251300_-4.24215_55.86349_3
Running simulation ID:   202309251400_-4.24215_55.86349_3
Running simulation ID:   202309251400_-4.247_55.861_3
Running simulation ID:   202309251500_-4.247_55.861_3
Running simulation ID:   202309251500_-4.24215_55.86349_3
Running simulation ID:   202309251600_-4.24215_55.86349_3
Running simulation ID:   202309251600_-4.247_55.861_3
Running simulation ID:   202309251700_-4.24215_55.86349_3
Running simulation ID:   202309251700_-4.247_55.861_3
Running simulation ID:   202309251800_-4.24215_55.86349_3
Running simulation ID:   202309251800_-4.247_55.861_3
Running simulation ID:   202309251900_-4.247_55.861_3
Running simulation ID:   202309251900_-4.24215_55.86349_3
Running simulation ID:   202309252000_-4.247_55.861_3
Running simulation ID:   202309252000_-4.24215_55.86349_3
Running simulation ID:   202309252100_-4.247_55.861_3
Running simulation ID:   202309252100_-4.24215_55.86349_3
Running simulation ID:   202309252200_-4.24215_55.86349_3
Running simulation ID:   202309252200_-4.247_55.861_3
Running simulation ID:   202309252300_-4.247_55.861_3
Running simulation ID:   202309252300_-4.24215_55.86349_3
Running simulation ID:   202309260000_-4.247_55.861_3
Running simulation ID:   202309260000_-4.24215_55.86349_3
Running simulation ID:   202309260100_-4.24215_55.86349_3
Running simulation ID:   202309260100_-4.247_55.861_3
Running simulation ID:   202309260200_-4.247_55.861_3
Running simulation ID:   202309260200_-4.24215_55.86349_3
Running simulation ID:   202309260300_-4.247_55.861_3
Running simulation ID:   202309260300_-4.24215_55.86349_3
Running simulation ID:   202309260400_-4.247_55.861_3
Running simulation ID:   202309260400_-4.24215_55.86349_3
Running simulation ID:   202309260500_-4.247_55.861_3
Running simulation ID:   202309260500_-4.24215_55.86349_3
Running simulation ID:   202309260600_-4.24215_55.86349_3
Running simulation ID:   202309260600_-4.247_55.861_3
Running simulation ID:   202309260700_-4.24215_55.86349_3
Running simulation ID:   202309260700_-4.247_55.861_3
Running simulation ID:   202309260800_-4.24215_55.86349_3
Running simulation ID:   202309260800_-4.247_55.861_3
Running simulation ID:   202309260900_-4.247_55.861_3
Running simulation ID:   202309260900_-4.24215_55.86349_3
Running simulation ID:   202309261000_-4.247_55.861_3
Running simulation ID:   202309261000_-4.24215_55.86349_3
Running simulation ID:   202309261100_-4.247_55.861_3
Running simulation ID:   202309261100_-4.24215_55.86349_3
Running simulation ID:   202309261200_-4.247_55.861_3
Running simulation ID:   202309261200_-4.24215_55.86349_3
Running simulation ID:   202309261300_-4.24215_55.86349_3
Running simulation ID:   202309261300_-4.247_55.861_3
Running simulation ID:   202309261400_-4.24215_55.86349_3
Running simulation ID:   202309261400_-4.247_55.861_3
Running simulation ID:   202309261500_-4.24215_55.86349_3
Running simulation ID:   202309261500_-4.247_55.861_3
Running simulation ID:   202309261600_-4.247_55.861_3
Running simulation ID:   202309261600_-4.24215_55.86349_3
Running simulation ID:   202309261700_-4.247_55.861_3
Running simulation ID:   202309261700_-4.24215_55.86349_3
Running simulation ID:   202309261800_-4.247_55.861_3
Running simulation ID:   202309261800_-4.24215_55.86349_3
Running simulation ID:   202309261900_-4.24215_55.86349_3
Running simulation ID:   202309261900_-4.247_55.861_3
Running simulation ID:   202309262000_-4.24215_55.86349_3
Running simulation ID:   202309262000_-4.247_55.861_3
Running simulation ID:   202309262100_-4.24215_55.86349_3
Running simulation ID:   202309262100_-4.247_55.861_3
Running simulation ID:   202309262200_-4.24215_55.86349_3
Running simulation ID:   202309262200_-4.247_55.861_3
Running simulation ID:   202309262300_-4.24215_55.86349_3
Running simulation ID:   202309262300_-4.247_55.861_3
Running simulation ID:   202309270000_-4.247_55.861_3
Running simulation ID:   202309270000_-4.24215_55.86349_3
Running simulation ID:   202309270100_-4.247_55.861_3
Running simulation ID:   202309270100_-4.24215_55.86349_3
Running simulation ID:   202309270200_-4.24215_55.86349_3
Running simulation ID:   202309270200_-4.247_55.861_3
Running simulation ID:   202309270300_-4.247_55.861_3
Running simulation ID:   202309270300_-4.24215_55.86349_3
Running simulation ID:   202309270400_-4.24215_55.86349_3
Running simulation ID:   202309270400_-4.247_55.861_3
Running simulation ID:   202309270500_-4.24215_55.86349_3
Running simulation ID:   202309270500_-4.247_55.861_3
Running simulation ID:   202309270600_-4.24215_55.86349_3
Running simulation ID:   202309270600_-4.247_55.861_3
Running simulation ID:   202309270700_-4.247_55.861_3
Running simulation ID:   202309270700_-4.24215_55.86349_3
Running simulation ID:   202309270800_-4.24215_55.86349_3
Running simulation ID:   202309270800_-4.247_55.861_3
Running simulation ID:   202309270900_-4.247_55.861_3
Running simulation ID:   202309270900_-4.24215_55.86349_3
Running simulation ID:   202309271000_-4.247_55.861_3
Running simulation ID:   202309271000_-4.24215_55.86349_3
Running simulation ID:   202309271100_-4.24215_55.86349_3
Running simulation ID:   202309271100_-4.247_55.861_3
Running simulation ID:   202309271200_-4.24215_55.86349_3
Running simulation ID:   202309271200_-4.247_55.861_3
Running simulation ID:   202309271300_-4.247_55.861_3
Running simulation ID:   202309271300_-4.24215_55.86349_3
Running simulation ID:   202309271400_-4.24215_55.86349_3
Running simulation ID:   202309271400_-4.247_55.861_3
Running simulation ID:   202309271500_-4.247_55.861_3
Running simulation ID:   202309271500_-4.24215_55.86349_3
Running simulation ID:   202309271600_-4.247_55.861_3
Running simulation ID:   202309271600_-4.24215_55.86349_3
Running simulation ID:   202309271700_-4.247_55.861_3
Running simulation ID:   202309271700_-4.24215_55.86349_3
Running simulation ID:   202309271800_-4.247_55.861_3
Running simulation ID:   202309271800_-4.24215_55.86349_3
Running simulation ID:   202309271900_-4.247_55.861_3
Running simulation ID:   202309271900_-4.24215_55.86349_3
Running simulation ID:   202309272000_-4.247_55.861_3
Running simulation ID:   202309272000_-4.24215_55.86349_3
Running simulation ID:   202309272100_-4.24215_55.86349_3
Running simulation ID:   202309272100_-4.247_55.861_3
Running simulation ID:   202309272200_-4.24215_55.86349_3
Running simulation ID:   202309272200_-4.247_55.861_3
Running simulation ID:   202309272300_-4.247_55.861_3
Running simulation ID:   202309272300_-4.24215_55.86349_3
Running simulation ID:   202309280000_-4.24215_55.86349_3
Running simulation ID:   202309280000_-4.247_55.861_3
Running simulation ID:   202309280100_-4.247_55.861_3
Running simulation ID:   202309280100_-4.24215_55.86349_3
Running simulation ID:   202309280200_-4.247_55.861_3
Running simulation ID:   202309280200_-4.24215_55.86349_3
Running simulation ID:   202309280300_-4.247_55.861_3
Running simulation ID:   202309280300_-4.24215_55.86349_3
Running simulation ID:   202309280400_-4.247_55.861_3
Running simulation ID:   202309280400_-4.24215_55.86349_3
Running simulation ID:   202309280500_-4.247_55.861_3
Running simulation ID:   202309280500_-4.24215_55.86349_3
Running simulation ID:   202309280600_-4.24215_55.86349_3
Running simulation ID:   202309280600_-4.247_55.861_3
Running simulation ID:   202309280700_-4.247_55.861_3
Running simulation ID:   202309280700_-4.24215_55.86349_3
Running simulation ID:   202309280800_-4.24215_55.86349_3
Running simulation ID:   202309280800_-4.247_55.861_3
Running simulation ID:   202309280900_-4.24215_55.86349_3
Running simulation ID:   202309280900_-4.247_55.861_3
Running simulation ID:   202309281000_-4.24215_55.86349_3
Running simulation ID:   202309281000_-4.247_55.861_3
Running simulation ID:   202309281100_-4.247_55.861_3
Running simulation ID:   202309281100_-4.24215_55.86349_3
Running simulation ID:   202309281200_-4.247_55.861_3
Running simulation ID:   202309281200_-4.24215_55.86349_3
Running simulation ID:   202309281300_-4.247_55.861_3
Running simulation ID:   202309281300_-4.24215_55.86349_3
Running simulation ID:   202309281400_-4.24215_55.86349_3
Running simulation ID:   202309281400_-4.247_55.861_3
Running simulation ID:   202309281500_-4.24215_55.86349_3
Running simulation ID:   202309281500_-4.247_55.861_3
Running simulation ID:   202309281600_-4.247_55.861_3
Running simulation ID:   202309281600_-4.24215_55.86349_3
Running simulation ID:   202309281700_-4.24215_55.86349_3
Running simulation ID:   202309281700_-4.247_55.861_3
Running simulation ID:   202309281800_-4.247_55.861_3
Running simulation ID:   202309281800_-4.24215_55.86349_3
Running simulation ID:   202309281900_-4.247_55.861_3
Running simulation ID:   202309281900_-4.24215_55.86349_3
Running simulation ID:   202309282000_-4.247_55.861_3
Running simulation ID:   202309282000_-4.24215_55.86349_3
Running simulation ID:   202309282100_-4.247_55.861_3
Running simulation ID:   202309282100_-4.24215_55.86349_3
Running simulation ID:   202309282200_-4.24215_55.86349_3
Running simulation ID:   202309282200_-4.247_55.861_3
Running simulation ID:   202309282300_-4.24215_55.86349_3
Running simulation ID:   202309282300_-4.247_55.861_3
Running simulation ID:   202309290000_-4.247_55.861_3
Running simulation ID:   202309290000_-4.24215_55.86349_3
Running simulation ID:   202309290100_-4.24215_55.86349_3
Running simulation ID:   202309290100_-4.247_55.861_3
Running simulation ID:   202309290200_-4.247_55.861_3
Running simulation ID:   202309290200_-4.24215_55.86349_3
Running simulation ID:   202309290300_-4.247_55.861_3
Running simulation ID:   202309290300_-4.24215_55.86349_3
Running simulation ID:   202309290400_-4.247_55.861_3
Running simulation ID:   202309290400_-4.24215_55.86349_3
Running simulation ID:   202309290500_-4.24215_55.86349_3
Running simulation ID:   202309290500_-4.247_55.861_3
Running simulation ID:   202309290600_-4.24215_55.86349_3
Running simulation ID:   202309290600_-4.247_55.861_3
Running simulation ID:   202309290700_-4.24215_55.86349_3
Running simulation ID:   202309290700_-4.247_55.861_3
Running simulation ID:   202309290800_-4.247_55.861_3
Running simulation ID:   202309290800_-4.24215_55.86349_3
Running simulation ID:   202309290900_-4.247_55.861_3
Running simulation ID:   202309290900_-4.24215_55.86349_3
Running simulation ID:   202309291000_-4.24215_55.86349_3
Running simulation ID:   202309291000_-4.247_55.861_3
Running simulation ID:   202309291100_-4.247_55.861_3
Running simulation ID:   202309291100_-4.24215_55.86349_3
Running simulation ID:   202309291200_-4.247_55.861_3
Running simulation ID:   202309291200_-4.24215_55.86349_3
Running simulation ID:   202309291300_-4.247_55.861_3
Running simulation ID:   202309291300_-4.24215_55.86349_3
Running simulation ID:   202309291400_-4.24215_55.86349_3
Running simulation ID:   202309291400_-4.247_55.861_3
Running simulation ID:   202309291500_-4.247_55.861_3
Running simulation ID:   202309291500_-4.24215_55.86349_3
Running simulation ID:   202309291600_-4.24215_55.86349_3
Running simulation ID:   202309291600_-4.247_55.861_3
Running simulation ID:   202309291700_-4.24215_55.86349_3
Running simulation ID:   202309291700_-4.247_55.861_3
Running simulation ID:   202309291800_-4.24215_55.86349_3
Running simulation ID:   202309291800_-4.247_55.861_3
Running simulation ID:   202309291900_-4.247_55.861_3
Running simulation ID:   202309291900_-4.24215_55.86349_3
Running simulation ID:   202309292000_-4.247_55.861_3
Running simulation ID:   202309292000_-4.24215_55.86349_3
Running simulation ID:   202309292100_-4.247_55.861_3
Running simulation ID:   202309292100_-4.24215_55.86349_3
Running simulation ID:   202309292200_-4.24215_55.86349_3
Running simulation ID:   202309292200_-4.247_55.861_3
Running simulation ID:   202309292300_-4.247_55.861_3
Running simulation ID:   202309292300_-4.24215_55.86349_3
Running simulation ID:   202309300000_-4.24215_55.86349_3
Running simulation ID:   202309300000_-4.247_55.861_3
Running simulation ID:   202309300100_-4.247_55.861_3
Running simulation ID:   202309300100_-4.24215_55.86349_3
Running simulation ID:   202309300200_-4.24215_55.86349_3
Running simulation ID:   202309300200_-4.247_55.861_3
Running simulation ID:   202309300300_-4.247_55.861_3
Running simulation ID:   202309300300_-4.24215_55.86349_3
Running simulation ID:   202309300400_-4.24215_55.86349_3
Running simulation ID:   202309300400_-4.247_55.861_3
Running simulation ID:   202309300500_-4.24215_55.86349_3
Running simulation ID:   202309300500_-4.247_55.861_3
Running simulation ID:   202309300600_-4.24215_55.86349_3
Running simulation ID:   202309300600_-4.247_55.861_3
Running simulation ID:   202309300700_-4.247_55.861_3
Running simulation ID:   202309300700_-4.24215_55.86349_3
Running simulation ID:   202309300800_-4.24215_55.86349_3
Running simulation ID:   202309300800_-4.247_55.861_3
Running simulation ID:   202309300900_-4.24215_55.86349_3
Running simulation ID:   202309300900_-4.247_55.861_3
Running simulation ID:   202309301000_-4.24215_55.86349_3
Running simulation ID:   202309301000_-4.247_55.861_3
Running simulation ID:   202309301100_-4.247_55.861_3
Running simulation ID:   202309301100_-4.24215_55.86349_3
Running simulation ID:   202309301200_-4.24215_55.86349_3
Running simulation ID:   202309301200_-4.247_55.861_3
Running simulation ID:   202309301300_-4.24215_55.86349_3
Running simulation ID:   202309301300_-4.247_55.861_3
Running simulation ID:   202309301400_-4.24215_55.86349_3
Running simulation ID:   202309301400_-4.247_55.861_3
Running simulation ID:   202309301500_-4.24215_55.86349_3
Running simulation ID:   202309301500_-4.247_55.861_3
Running simulation ID:   202309301600_-4.24215_55.86349_3
Running simulation ID:   202309301600_-4.247_55.861_3
Running simulation ID:   202309301700_-4.24215_55.86349_3
Running simulation ID:   202309301700_-4.247_55.861_3
Running simulation ID:   202309301800_-4.24215_55.86349_3
Running simulation ID:   202309301800_-4.247_55.861_3
Running simulation ID:   202309301900_-4.247_55.861_3
Running simulation ID:   202309301900_-4.24215_55.86349_3
Running simulation ID:   202309302000_-4.24215_55.86349_3
Running simulation ID:   202309302000_-4.247_55.861_3
Running simulation ID:   202309302100_-4.24215_55.86349_3
Running simulation ID:   202309302100_-4.247_55.861_3
Running simulation ID:   202309302200_-4.24215_55.86349_3
Running simulation ID:   202309302200_-4.247_55.861_3
Running simulation ID:   202309302300_-4.24215_55.86349_3
Running simulation ID:   202309302300_-4.247_55.861_3
Running simulation ID:   202310010000_-4.247_55.861_3
Running simulation ID:   202310010000_-4.24215_55.86349_3
There were 50 or more warnings (use warnings() to see the first 50)
