/var/spool/slurm/job00745/slurm_script: line 13: cd: /media/hdd2/skodoli/STILTR/myproject/r: No such file or directory
Loading required package: pracma
Initializing STILT
Commit ID: fc4daceee2f608650040688213fdb53554d37b62
Number of receptors: 1490
Number of parallel workers: 1
Parallelization disabled. Executing simulations sequentially...
Running simulation ID:   202308010000_-4.247_55.861_3
Running simulation ID:   202308010000_-4.24215_55.86349_3
Running simulation ID:   202308010100_-4.24215_55.86349_3
Running simulation ID:   202308010100_-4.247_55.861_3
Running simulation ID:   202308010200_-4.247_55.861_3
Running simulation ID:   202308010200_-4.24215_55.86349_3
Running simulation ID:   202308010300_-4.247_55.861_3
Running simulation ID:   202308010300_-4.24215_55.86349_3
Running simulation ID:   202308010400_-4.247_55.861_3
Running simulation ID:   202308010400_-4.24215_55.86349_3
Running simulation ID:   202308010500_-4.24215_55.86349_3
Running simulation ID:   202308010500_-4.247_55.861_3
Running simulation ID:   202308010600_-4.24215_55.86349_3
Running simulation ID:   202308010600_-4.247_55.861_3
Running simulation ID:   202308010700_-4.24215_55.86349_3
Running simulation ID:   202308010700_-4.247_55.861_3
Running simulation ID:   202308010800_-4.24215_55.86349_3
Running simulation ID:   202308010800_-4.247_55.861_3
Running simulation ID:   202308010900_-4.24215_55.86349_3
Running simulation ID:   202308010900_-4.247_55.861_3
Running simulation ID:   202308011000_-4.24215_55.86349_3
Running simulation ID:   202308011000_-4.247_55.861_3
Running simulation ID:   202308011100_-4.24215_55.86349_3
Running simulation ID:   202308011100_-4.247_55.861_3
Running simulation ID:   202308011200_-4.247_55.861_3
Running simulation ID:   202308011200_-4.24215_55.86349_3
Running simulation ID:   202308011300_-4.247_55.861_3
Running simulation ID:   202308011300_-4.24215_55.86349_3
Running simulation ID:   202308011400_-4.247_55.861_3
Running simulation ID:   202308011400_-4.24215_55.86349_3
Running simulation ID:   202308011500_-4.24215_55.86349_3
Running simulation ID:   202308011500_-4.247_55.861_3
Running simulation ID:   202308011600_-4.247_55.861_3
Running simulation ID:   202308011600_-4.24215_55.86349_3
Running simulation ID:   202308011700_-4.247_55.861_3
Running simulation ID:   202308011700_-4.24215_55.86349_3
Running simulation ID:   202308011800_-4.247_55.861_3
Running simulation ID:   202308011800_-4.24215_55.86349_3
Running simulation ID:   202308011900_-4.247_55.861_3
Running simulation ID:   202308011900_-4.24215_55.86349_3
Running simulation ID:   202308012000_-4.24215_55.86349_3
Running simulation ID:   202308012000_-4.247_55.861_3
Running simulation ID:   202308012100_-4.24215_55.86349_3
Running simulation ID:   202308012100_-4.247_55.861_3
Running simulation ID:   202308012200_-4.24215_55.86349_3
Running simulation ID:   202308012200_-4.247_55.861_3
Running simulation ID:   202308012300_-4.247_55.861_3
Running simulation ID:   202308012300_-4.24215_55.86349_3
Running simulation ID:   202308020000_-4.24215_55.86349_3
Running simulation ID:   202308020000_-4.247_55.861_3
Running simulation ID:   202308020100_-4.247_55.861_3
Running simulation ID:   202308020100_-4.24215_55.86349_3
Running simulation ID:   202308020200_-4.247_55.861_3
Running simulation ID:   202308020200_-4.24215_55.86349_3
Running simulation ID:   202308020300_-4.24215_55.86349_3
Running simulation ID:   202308020300_-4.247_55.861_3
Running simulation ID:   202308020400_-4.24215_55.86349_3
Running simulation ID:   202308020400_-4.247_55.861_3
Running simulation ID:   202308020500_-4.247_55.861_3
Running simulation ID:   202308020500_-4.24215_55.86349_3
Running simulation ID:   202308020600_-4.24215_55.86349_3
Running simulation ID:   202308020600_-4.247_55.861_3
Running simulation ID:   202308020700_-4.24215_55.86349_3
Running simulation ID:   202308020700_-4.247_55.861_3
Running simulation ID:   202308020800_-4.247_55.861_3
Running simulation ID:   202308020800_-4.24215_55.86349_3
Running simulation ID:   202308020900_-4.247_55.861_3
Running simulation ID:   202308020900_-4.24215_55.86349_3
Running simulation ID:   202308021000_-4.24215_55.86349_3
Running simulation ID:   202308021000_-4.247_55.861_3
Running simulation ID:   202308021100_-4.24215_55.86349_3
Running simulation ID:   202308021100_-4.247_55.861_3
Running simulation ID:   202308021200_-4.247_55.861_3
Running simulation ID:   202308021200_-4.24215_55.86349_3
Running simulation ID:   202308021300_-4.247_55.861_3
Running simulation ID:   202308021300_-4.24215_55.86349_3
Running simulation ID:   202308021400_-4.24215_55.86349_3
Running simulation ID:   202308021400_-4.247_55.861_3
Running simulation ID:   202308021500_-4.24215_55.86349_3
Running simulation ID:   202308021500_-4.247_55.861_3
Running simulation ID:   202308021600_-4.247_55.861_3
Running simulation ID:   202308021600_-4.24215_55.86349_3
Running simulation ID:   202308021700_-4.24215_55.86349_3
Running simulation ID:   202308021700_-4.247_55.861_3
Running simulation ID:   202308021800_-4.247_55.861_3
Running simulation ID:   202308021800_-4.24215_55.86349_3
Running simulation ID:   202308021900_-4.24215_55.86349_3
Running simulation ID:   202308021900_-4.247_55.861_3
Running simulation ID:   202308022000_-4.247_55.861_3
Running simulation ID:   202308022000_-4.24215_55.86349_3
Running simulation ID:   202308022100_-4.247_55.861_3
Running simulation ID:   202308022100_-4.24215_55.86349_3
Running simulation ID:   202308022200_-4.24215_55.86349_3
Running simulation ID:   202308022200_-4.247_55.861_3
Running simulation ID:   202308022300_-4.247_55.861_3
Running simulation ID:   202308022300_-4.24215_55.86349_3
Running simulation ID:   202308030000_-4.247_55.861_3
Running simulation ID:   202308030000_-4.24215_55.86349_3
Running simulation ID:   202308030100_-4.24215_55.86349_3
Running simulation ID:   202308030100_-4.247_55.861_3
Running simulation ID:   202308030200_-4.24215_55.86349_3
Running simulation ID:   202308030200_-4.247_55.861_3
Running simulation ID:   202308030300_-4.24215_55.86349_3
Running simulation ID:   202308030300_-4.247_55.861_3
Running simulation ID:   202308030400_-4.247_55.861_3
Running simulation ID:   202308030400_-4.24215_55.86349_3
Running simulation ID:   202308030500_-4.24215_55.86349_3
Running simulation ID:   202308030500_-4.247_55.861_3
Running simulation ID:   202308030600_-4.247_55.861_3
Running simulation ID:   202308030600_-4.24215_55.86349_3
Running simulation ID:   202308030700_-4.24215_55.86349_3
Running simulation ID:   202308030700_-4.247_55.861_3
Running simulation ID:   202308030800_-4.24215_55.86349_3
Running simulation ID:   202308030800_-4.247_55.861_3
Running simulation ID:   202308030900_-4.24215_55.86349_3
Running simulation ID:   202308030900_-4.247_55.861_3
Running simulation ID:   202308031000_-4.24215_55.86349_3
Running simulation ID:   202308031000_-4.247_55.861_3
Running simulation ID:   202308031100_-4.247_55.861_3
Running simulation ID:   202308031100_-4.24215_55.86349_3
Running simulation ID:   202308031200_-4.247_55.861_3
Running simulation ID:   202308031200_-4.24215_55.86349_3
Running simulation ID:   202308031300_-4.247_55.861_3
Running simulation ID:   202308031300_-4.24215_55.86349_3
Running simulation ID:   202308031400_-4.247_55.861_3
Running simulation ID:   202308031400_-4.24215_55.86349_3
Running simulation ID:   202308031500_-4.247_55.861_3
Running simulation ID:   202308031500_-4.24215_55.86349_3
Running simulation ID:   202308031600_-4.247_55.861_3
Running simulation ID:   202308031600_-4.24215_55.86349_3
Running simulation ID:   202308031700_-4.247_55.861_3
Running simulation ID:   202308031700_-4.24215_55.86349_3
Running simulation ID:   202308031800_-4.247_55.861_3
Running simulation ID:   202308031800_-4.24215_55.86349_3
Running simulation ID:   202308031900_-4.247_55.861_3
Running simulation ID:   202308031900_-4.24215_55.86349_3
Running simulation ID:   202308032000_-4.247_55.861_3
Running simulation ID:   202308032000_-4.24215_55.86349_3
Running simulation ID:   202308032100_-4.247_55.861_3
Running simulation ID:   202308032100_-4.24215_55.86349_3
Running simulation ID:   202308032200_-4.247_55.861_3
Running simulation ID:   202308032200_-4.24215_55.86349_3
Running simulation ID:   202308032300_-4.247_55.861_3
Running simulation ID:   202308032300_-4.24215_55.86349_3
Running simulation ID:   202308040000_-4.247_55.861_3
Running simulation ID:   202308040000_-4.24215_55.86349_3
Running simulation ID:   202308040100_-4.24215_55.86349_3
Running simulation ID:   202308040100_-4.247_55.861_3
Running simulation ID:   202308040200_-4.24215_55.86349_3
Running simulation ID:   202308040200_-4.247_55.861_3
Running simulation ID:   202308040300_-4.24215_55.86349_3
Running simulation ID:   202308040300_-4.247_55.861_3
Running simulation ID:   202308040400_-4.24215_55.86349_3
Running simulation ID:   202308040400_-4.247_55.861_3
Running simulation ID:   202308040500_-4.247_55.861_3
Running simulation ID:   202308040500_-4.24215_55.86349_3
Running simulation ID:   202308040600_-4.247_55.861_3
Running simulation ID:   202308040600_-4.24215_55.86349_3
Running simulation ID:   202308040700_-4.247_55.861_3
Running simulation ID:   202308040700_-4.24215_55.86349_3
Running simulation ID:   202308040800_-4.247_55.861_3
Running simulation ID:   202308040800_-4.24215_55.86349_3
Running simulation ID:   202308040900_-4.247_55.861_3
Running simulation ID:   202308040900_-4.24215_55.86349_3
Running simulation ID:   202308041000_-4.247_55.861_3
Running simulation ID:   202308041000_-4.24215_55.86349_3
Running simulation ID:   202308041100_-4.247_55.861_3
Running simulation ID:   202308041100_-4.24215_55.86349_3
Running simulation ID:   202308041200_-4.247_55.861_3
Running simulation ID:   202308041200_-4.24215_55.86349_3
Running simulation ID:   202308041300_-4.247_55.861_3
Running simulation ID:   202308041300_-4.24215_55.86349_3
Running simulation ID:   202308041400_-4.247_55.861_3
Running simulation ID:   202308041400_-4.24215_55.86349_3
Running simulation ID:   202308041500_-4.247_55.861_3
Running simulation ID:   202308041500_-4.24215_55.86349_3
Running simulation ID:   202308041600_-4.247_55.861_3
Running simulation ID:   202308041600_-4.24215_55.86349_3
Running simulation ID:   202308041700_-4.247_55.861_3
Running simulation ID:   202308041700_-4.24215_55.86349_3
Running simulation ID:   202308041800_-4.247_55.861_3
Running simulation ID:   202308041800_-4.24215_55.86349_3
Running simulation ID:   202308041900_-4.24215_55.86349_3
Running simulation ID:   202308041900_-4.247_55.861_3
Running simulation ID:   202308042000_-4.24215_55.86349_3
Running simulation ID:   202308042000_-4.247_55.861_3
Running simulation ID:   202308042100_-4.24215_55.86349_3
Running simulation ID:   202308042100_-4.247_55.861_3
Running simulation ID:   202308042200_-4.24215_55.86349_3
Running simulation ID:   202308042200_-4.247_55.861_3
Running simulation ID:   202308042300_-4.24215_55.86349_3
Running simulation ID:   202308042300_-4.247_55.861_3
Running simulation ID:   202308050000_-4.24215_55.86349_3
Running simulation ID:   202308050000_-4.247_55.861_3
Running simulation ID:   202308050100_-4.247_55.861_3
Running simulation ID:   202308050100_-4.24215_55.86349_3
Running simulation ID:   202308050200_-4.24215_55.86349_3
Running simulation ID:   202308050200_-4.247_55.861_3
Running simulation ID:   202308050300_-4.247_55.861_3
Running simulation ID:   202308050300_-4.24215_55.86349_3
Running simulation ID:   202308050400_-4.247_55.861_3
Running simulation ID:   202308050400_-4.24215_55.86349_3
Running simulation ID:   202308050500_-4.247_55.861_3
Running simulation ID:   202308050500_-4.24215_55.86349_3
Running simulation ID:   202308050600_-4.24215_55.86349_3
Running simulation ID:   202308050600_-4.247_55.861_3
Running simulation ID:   202308050700_-4.247_55.861_3
Running simulation ID:   202308050700_-4.24215_55.86349_3
Running simulation ID:   202308050800_-4.24215_55.86349_3
Running simulation ID:   202308050800_-4.247_55.861_3
Running simulation ID:   202308050900_-4.24215_55.86349_3
Running simulation ID:   202308050900_-4.247_55.861_3
Running simulation ID:   202308051000_-4.247_55.861_3
Running simulation ID:   202308051000_-4.24215_55.86349_3
Running simulation ID:   202308051100_-4.247_55.861_3
Running simulation ID:   202308051100_-4.24215_55.86349_3
Running simulation ID:   202308051200_-4.247_55.861_3
Running simulation ID:   202308051200_-4.24215_55.86349_3
Running simulation ID:   202308051300_-4.24215_55.86349_3
Running simulation ID:   202308051300_-4.247_55.861_3
Running simulation ID:   202308051400_-4.24215_55.86349_3
Running simulation ID:   202308051400_-4.247_55.861_3
Running simulation ID:   202308051500_-4.247_55.861_3
Running simulation ID:   202308051500_-4.24215_55.86349_3
Running simulation ID:   202308051600_-4.24215_55.86349_3
Running simulation ID:   202308051600_-4.247_55.861_3
Running simulation ID:   202308051700_-4.24215_55.86349_3
Running simulation ID:   202308051700_-4.247_55.861_3
Running simulation ID:   202308051800_-4.247_55.861_3
Running simulation ID:   202308051800_-4.24215_55.86349_3
Running simulation ID:   202308051900_-4.247_55.861_3
Running simulation ID:   202308051900_-4.24215_55.86349_3
Running simulation ID:   202308052000_-4.247_55.861_3
Running simulation ID:   202308052000_-4.24215_55.86349_3
Running simulation ID:   202308052100_-4.247_55.861_3
Running simulation ID:   202308052100_-4.24215_55.86349_3
Running simulation ID:   202308052200_-4.247_55.861_3
Running simulation ID:   202308052200_-4.24215_55.86349_3
Running simulation ID:   202308052300_-4.247_55.861_3
Running simulation ID:   202308052300_-4.24215_55.86349_3
Running simulation ID:   202308060000_-4.247_55.861_3
Running simulation ID:   202308060000_-4.24215_55.86349_3
Running simulation ID:   202308060100_-4.24215_55.86349_3
Running simulation ID:   202308060100_-4.247_55.861_3
Running simulation ID:   202308060200_-4.247_55.861_3
Running simulation ID:   202308060200_-4.24215_55.86349_3
Running simulation ID:   202308060300_-4.247_55.861_3
Running simulation ID:   202308060300_-4.24215_55.86349_3
Running simulation ID:   202308060400_-4.24215_55.86349_3
Running simulation ID:   202308060400_-4.247_55.861_3
Running simulation ID:   202308060500_-4.247_55.861_3
Running simulation ID:   202308060500_-4.24215_55.86349_3
Running simulation ID:   202308060600_-4.24215_55.86349_3
Running simulation ID:   202308060600_-4.247_55.861_3
Running simulation ID:   202308060700_-4.247_55.861_3
Running simulation ID:   202308060700_-4.24215_55.86349_3
Running simulation ID:   202308060800_-4.247_55.861_3
Running simulation ID:   202308060800_-4.24215_55.86349_3
Running simulation ID:   202308060900_-4.24215_55.86349_3
Running simulation ID:   202308060900_-4.247_55.861_3
Running simulation ID:   202308061000_-4.24215_55.86349_3
Running simulation ID:   202308061000_-4.247_55.861_3
Running simulation ID:   202308061100_-4.247_55.861_3
Running simulation ID:   202308061100_-4.24215_55.86349_3
Running simulation ID:   202308061200_-4.247_55.861_3
Running simulation ID:   202308061200_-4.24215_55.86349_3
Running simulation ID:   202308061300_-4.247_55.861_3
Running simulation ID:   202308061300_-4.24215_55.86349_3
Running simulation ID:   202308061400_-4.247_55.861_3
Running simulation ID:   202308061400_-4.24215_55.86349_3
Running simulation ID:   202308061500_-4.247_55.861_3
Running simulation ID:   202308061500_-4.24215_55.86349_3
Running simulation ID:   202308061600_-4.247_55.861_3
Running simulation ID:   202308061600_-4.24215_55.86349_3
Running simulation ID:   202308061700_-4.247_55.861_3
Running simulation ID:   202308061700_-4.24215_55.86349_3
Running simulation ID:   202308061800_-4.247_55.861_3
Running simulation ID:   202308061800_-4.24215_55.86349_3
Running simulation ID:   202308061900_-4.24215_55.86349_3
Running simulation ID:   202308061900_-4.247_55.861_3
Running simulation ID:   202308062000_-4.247_55.861_3
Running simulation ID:   202308062000_-4.24215_55.86349_3
Running simulation ID:   202308062100_-4.247_55.861_3
Running simulation ID:   202308062100_-4.24215_55.86349_3
Running simulation ID:   202308062200_-4.24215_55.86349_3
Running simulation ID:   202308062200_-4.247_55.861_3
Running simulation ID:   202308062300_-4.247_55.861_3
Running simulation ID:   202308062300_-4.24215_55.86349_3
Running simulation ID:   202308070000_-4.247_55.861_3
Running simulation ID:   202308070000_-4.24215_55.86349_3
Running simulation ID:   202308070100_-4.24215_55.86349_3
Running simulation ID:   202308070100_-4.247_55.861_3
Running simulation ID:   202308070200_-4.24215_55.86349_3
Running simulation ID:   202308070200_-4.247_55.861_3
Running simulation ID:   202308070300_-4.247_55.861_3
Running simulation ID:   202308070300_-4.24215_55.86349_3
Running simulation ID:   202308070400_-4.247_55.861_3
Running simulation ID:   202308070400_-4.24215_55.86349_3
Running simulation ID:   202308070500_-4.247_55.861_3
Running simulation ID:   202308070500_-4.24215_55.86349_3
Running simulation ID:   202308070600_-4.247_55.861_3
Running simulation ID:   202308070600_-4.24215_55.86349_3
Running simulation ID:   202308070700_-4.247_55.861_3
Running simulation ID:   202308070700_-4.24215_55.86349_3
Running simulation ID:   202308070800_-4.247_55.861_3
Running simulation ID:   202308070800_-4.24215_55.86349_3
Running simulation ID:   202308070900_-4.247_55.861_3
Running simulation ID:   202308070900_-4.24215_55.86349_3
Running simulation ID:   202308071000_-4.24215_55.86349_3
Running simulation ID:   202308071000_-4.247_55.861_3
Running simulation ID:   202308071100_-4.24215_55.86349_3
Running simulation ID:   202308071100_-4.247_55.861_3
Running simulation ID:   202308071200_-4.24215_55.86349_3
Running simulation ID:   202308071200_-4.247_55.861_3
Running simulation ID:   202308071300_-4.24215_55.86349_3
Running simulation ID:   202308071300_-4.247_55.861_3
Running simulation ID:   202308071400_-4.24215_55.86349_3
Running simulation ID:   202308071400_-4.247_55.861_3
Running simulation ID:   202308071500_-4.24215_55.86349_3
Running simulation ID:   202308071500_-4.247_55.861_3
Running simulation ID:   202308071600_-4.24215_55.86349_3
Running simulation ID:   202308071600_-4.247_55.861_3
Running simulation ID:   202308071700_-4.24215_55.86349_3
Running simulation ID:   202308071700_-4.247_55.861_3
Running simulation ID:   202308071800_-4.24215_55.86349_3
Running simulation ID:   202308071800_-4.247_55.861_3
Running simulation ID:   202308071900_-4.24215_55.86349_3
Running simulation ID:   202308071900_-4.247_55.861_3
Running simulation ID:   202308072000_-4.24215_55.86349_3
Running simulation ID:   202308072000_-4.247_55.861_3
Running simulation ID:   202308072100_-4.24215_55.86349_3
Running simulation ID:   202308072100_-4.247_55.861_3
Running simulation ID:   202308072200_-4.24215_55.86349_3
Running simulation ID:   202308072200_-4.247_55.861_3
Running simulation ID:   202308072300_-4.24215_55.86349_3
Running simulation ID:   202308072300_-4.247_55.861_3
Running simulation ID:   202308080000_-4.24215_55.86349_3
Running simulation ID:   202308080000_-4.247_55.861_3
Running simulation ID:   202308080100_-4.24215_55.86349_3
Running simulation ID:   202308080100_-4.247_55.861_3
Running simulation ID:   202308080200_-4.24215_55.86349_3
Running simulation ID:   202308080200_-4.247_55.861_3
Running simulation ID:   202308080300_-4.24215_55.86349_3
Running simulation ID:   202308080300_-4.247_55.861_3
Running simulation ID:   202308080400_-4.24215_55.86349_3
Running simulation ID:   202308080400_-4.247_55.861_3
Running simulation ID:   202308080500_-4.24215_55.86349_3
Running simulation ID:   202308080500_-4.247_55.861_3
Running simulation ID:   202308080600_-4.24215_55.86349_3
Running simulation ID:   202308080600_-4.247_55.861_3
Running simulation ID:   202308080700_-4.24215_55.86349_3
Running simulation ID:   202308080700_-4.247_55.861_3
Running simulation ID:   202308080800_-4.24215_55.86349_3
Running simulation ID:   202308080800_-4.247_55.861_3
Running simulation ID:   202308080900_-4.24215_55.86349_3
Running simulation ID:   202308080900_-4.247_55.861_3
Running simulation ID:   202308081000_-4.24215_55.86349_3
Running simulation ID:   202308081000_-4.247_55.861_3
Running simulation ID:   202308081100_-4.247_55.861_3
Running simulation ID:   202308081100_-4.24215_55.86349_3
Running simulation ID:   202308081200_-4.247_55.861_3
Running simulation ID:   202308081200_-4.24215_55.86349_3
Running simulation ID:   202308081300_-4.247_55.861_3
Running simulation ID:   202308081300_-4.24215_55.86349_3
Running simulation ID:   202308081400_-4.247_55.861_3
Running simulation ID:   202308081400_-4.24215_55.86349_3
Running simulation ID:   202308081500_-4.247_55.861_3
Running simulation ID:   202308081500_-4.24215_55.86349_3
Running simulation ID:   202308081600_-4.247_55.861_3
Running simulation ID:   202308081600_-4.24215_55.86349_3
Running simulation ID:   202308081700_-4.247_55.861_3
Running simulation ID:   202308081700_-4.24215_55.86349_3
Running simulation ID:   202308081800_-4.247_55.861_3
Running simulation ID:   202308081800_-4.24215_55.86349_3
Running simulation ID:   202308081900_-4.24215_55.86349_3
Running simulation ID:   202308081900_-4.247_55.861_3
Running simulation ID:   202308082000_-4.24215_55.86349_3
Running simulation ID:   202308082000_-4.247_55.861_3
Running simulation ID:   202308082100_-4.247_55.861_3
Running simulation ID:   202308082100_-4.24215_55.86349_3
Running simulation ID:   202308082200_-4.24215_55.86349_3
Running simulation ID:   202308082200_-4.247_55.861_3
Running simulation ID:   202308082300_-4.247_55.861_3
Running simulation ID:   202308082300_-4.24215_55.86349_3
Running simulation ID:   202308090000_-4.24215_55.86349_3
Running simulation ID:   202308090000_-4.247_55.861_3
Running simulation ID:   202308090100_-4.247_55.861_3
Running simulation ID:   202308090100_-4.24215_55.86349_3
Running simulation ID:   202308090200_-4.247_55.861_3
Running simulation ID:   202308090200_-4.24215_55.86349_3
Running simulation ID:   202308090300_-4.247_55.861_3
Running simulation ID:   202308090300_-4.24215_55.86349_3
Running simulation ID:   202308090400_-4.24215_55.86349_3
Running simulation ID:   202308090400_-4.247_55.861_3
Running simulation ID:   202308090500_-4.24215_55.86349_3
Running simulation ID:   202308090500_-4.247_55.861_3
Running simulation ID:   202308090600_-4.24215_55.86349_3
Running simulation ID:   202308090600_-4.247_55.861_3
Running simulation ID:   202308090700_-4.247_55.861_3
Running simulation ID:   202308090700_-4.24215_55.86349_3
Running simulation ID:   202308090800_-4.24215_55.86349_3
Running simulation ID:   202308090800_-4.247_55.861_3
Running simulation ID:   202308090900_-4.24215_55.86349_3
Running simulation ID:   202308090900_-4.247_55.861_3
Running simulation ID:   202308091000_-4.247_55.861_3
Running simulation ID:   202308091000_-4.24215_55.86349_3
Running simulation ID:   202308091100_-4.247_55.861_3
Running simulation ID:   202308091100_-4.24215_55.86349_3
Running simulation ID:   202308091200_-4.247_55.861_3
Running simulation ID:   202308091200_-4.24215_55.86349_3
Running simulation ID:   202308091300_-4.247_55.861_3
Running simulation ID:   202308091300_-4.24215_55.86349_3
Running simulation ID:   202308091400_-4.247_55.861_3
Running simulation ID:   202308091400_-4.24215_55.86349_3
Running simulation ID:   202308091500_-4.247_55.861_3
Running simulation ID:   202308091500_-4.24215_55.86349_3
Running simulation ID:   202308091600_-4.247_55.861_3
Running simulation ID:   202308091600_-4.24215_55.86349_3
Running simulation ID:   202308091700_-4.247_55.861_3
Running simulation ID:   202308091700_-4.24215_55.86349_3
Running simulation ID:   202308091800_-4.247_55.861_3
Running simulation ID:   202308091800_-4.24215_55.86349_3
Running simulation ID:   202308091900_-4.24215_55.86349_3
Running simulation ID:   202308091900_-4.247_55.861_3
Running simulation ID:   202308092000_-4.247_55.861_3
Running simulation ID:   202308092000_-4.24215_55.86349_3
Running simulation ID:   202308092100_-4.247_55.861_3
Running simulation ID:   202308092100_-4.24215_55.86349_3
Running simulation ID:   202308092200_-4.247_55.861_3
Running simulation ID:   202308092200_-4.24215_55.86349_3
Running simulation ID:   202308092300_-4.24215_55.86349_3
Running simulation ID:   202308092300_-4.247_55.861_3
Running simulation ID:   202308100000_-4.247_55.861_3
Running simulation ID:   202308100000_-4.24215_55.86349_3
Running simulation ID:   202308100100_-4.24215_55.86349_3
Running simulation ID:   202308100100_-4.247_55.861_3
Running simulation ID:   202308100200_-4.247_55.861_3
Running simulation ID:   202308100200_-4.24215_55.86349_3
Running simulation ID:   202308100300_-4.24215_55.86349_3
Running simulation ID:   202308100300_-4.247_55.861_3
Running simulation ID:   202308100400_-4.247_55.861_3
Running simulation ID:   202308100400_-4.24215_55.86349_3
Running simulation ID:   202308100500_-4.24215_55.86349_3
Running simulation ID:   202308100500_-4.247_55.861_3
Running simulation ID:   202308100600_-4.247_55.861_3
Running simulation ID:   202308100600_-4.24215_55.86349_3
Running simulation ID:   202308100700_-4.247_55.861_3
Running simulation ID:   202308100700_-4.24215_55.86349_3
Running simulation ID:   202308100800_-4.247_55.861_3
Running simulation ID:   202308100800_-4.24215_55.86349_3
Running simulation ID:   202308100900_-4.24215_55.86349_3
Running simulation ID:   202308100900_-4.247_55.861_3
Running simulation ID:   202308101000_-4.247_55.861_3
Running simulation ID:   202308101000_-4.24215_55.86349_3
Running simulation ID:   202308101100_-4.24215_55.86349_3
Running simulation ID:   202308101100_-4.247_55.861_3
Running simulation ID:   202308101200_-4.247_55.861_3
Running simulation ID:   202308101200_-4.24215_55.86349_3
Running simulation ID:   202308101300_-4.24215_55.86349_3
Running simulation ID:   202308101300_-4.247_55.861_3
Running simulation ID:   202308101400_-4.24215_55.86349_3
Running simulation ID:   202308101400_-4.247_55.861_3
Running simulation ID:   202308101500_-4.247_55.861_3
Running simulation ID:   202308101500_-4.24215_55.86349_3
Running simulation ID:   202308101600_-4.24215_55.86349_3
Running simulation ID:   202308101600_-4.247_55.861_3
Running simulation ID:   202308101700_-4.247_55.861_3
Running simulation ID:   202308101700_-4.24215_55.86349_3
Running simulation ID:   202308101800_-4.24215_55.86349_3
Running simulation ID:   202308101800_-4.247_55.861_3
Running simulation ID:   202308101900_-4.24215_55.86349_3
Running simulation ID:   202308101900_-4.247_55.861_3
Running simulation ID:   202308102000_-4.24215_55.86349_3
Running simulation ID:   202308102000_-4.247_55.861_3
Running simulation ID:   202308102100_-4.247_55.861_3
Running simulation ID:   202308102100_-4.24215_55.86349_3
Running simulation ID:   202308102200_-4.247_55.861_3
Running simulation ID:   202308102200_-4.24215_55.86349_3
Running simulation ID:   202308102300_-4.247_55.861_3
Running simulation ID:   202308102300_-4.24215_55.86349_3
Running simulation ID:   202308110000_-4.247_55.861_3
Running simulation ID:   202308110000_-4.24215_55.86349_3
Running simulation ID:   202308110100_-4.24215_55.86349_3
Running simulation ID:   202308110100_-4.247_55.861_3
Running simulation ID:   202308110200_-4.247_55.861_3
Running simulation ID:   202308110200_-4.24215_55.86349_3
Running simulation ID:   202308110300_-4.24215_55.86349_3
Running simulation ID:   202308110300_-4.247_55.861_3
Running simulation ID:   202308110400_-4.247_55.861_3
Running simulation ID:   202308110400_-4.24215_55.86349_3
Running simulation ID:   202308110500_-4.247_55.861_3
Running simulation ID:   202308110500_-4.24215_55.86349_3
Running simulation ID:   202308110600_-4.247_55.861_3
Running simulation ID:   202308110600_-4.24215_55.86349_3
Running simulation ID:   202308110700_-4.24215_55.86349_3
Running simulation ID:   202308110700_-4.247_55.861_3
Running simulation ID:   202308110800_-4.24215_55.86349_3
Running simulation ID:   202308110800_-4.247_55.861_3
Running simulation ID:   202308110900_-4.24215_55.86349_3
Running simulation ID:   202308110900_-4.247_55.861_3
Running simulation ID:   202308111000_-4.247_55.861_3
Running simulation ID:   202308111000_-4.24215_55.86349_3
Running simulation ID:   202308111100_-4.24215_55.86349_3
Running simulation ID:   202308111100_-4.247_55.861_3
Running simulation ID:   202308111200_-4.247_55.861_3
Running simulation ID:   202308111200_-4.24215_55.86349_3
Running simulation ID:   202308111300_-4.247_55.861_3
Running simulation ID:   202308111300_-4.24215_55.86349_3
Running simulation ID:   202308111400_-4.24215_55.86349_3
Running simulation ID:   202308111400_-4.247_55.861_3
Running simulation ID:   202308111500_-4.24215_55.86349_3
Running simulation ID:   202308111500_-4.247_55.861_3
Running simulation ID:   202308111600_-4.247_55.861_3
Running simulation ID:   202308111600_-4.24215_55.86349_3
Running simulation ID:   202308111700_-4.24215_55.86349_3
Running simulation ID:   202308111700_-4.247_55.861_3
Running simulation ID:   202308111800_-4.24215_55.86349_3
Running simulation ID:   202308111800_-4.247_55.861_3
Running simulation ID:   202308111900_-4.24215_55.86349_3
Running simulation ID:   202308111900_-4.247_55.861_3
Running simulation ID:   202308112000_-4.24215_55.86349_3
Running simulation ID:   202308112000_-4.247_55.861_3
Running simulation ID:   202308112100_-4.24215_55.86349_3
Running simulation ID:   202308112100_-4.247_55.861_3
Running simulation ID:   202308112200_-4.24215_55.86349_3
Running simulation ID:   202308112200_-4.247_55.861_3
Running simulation ID:   202308112300_-4.247_55.861_3
Running simulation ID:   202308112300_-4.24215_55.86349_3
Running simulation ID:   202308120000_-4.24215_55.86349_3
Running simulation ID:   202308120000_-4.247_55.861_3
Running simulation ID:   202308120100_-4.24215_55.86349_3
Running simulation ID:   202308120100_-4.247_55.861_3
Running simulation ID:   202308120200_-4.24215_55.86349_3
Running simulation ID:   202308120200_-4.247_55.861_3
Running simulation ID:   202308120300_-4.24215_55.86349_3
Running simulation ID:   202308120300_-4.247_55.861_3
Running simulation ID:   202308120400_-4.247_55.861_3
Running simulation ID:   202308120400_-4.24215_55.86349_3
Running simulation ID:   202308120500_-4.247_55.861_3
Running simulation ID:   202308120500_-4.24215_55.86349_3
Running simulation ID:   202308120600_-4.247_55.861_3
Running simulation ID:   202308120600_-4.24215_55.86349_3
Running simulation ID:   202308120700_-4.24215_55.86349_3
Running simulation ID:   202308120700_-4.247_55.861_3
Running simulation ID:   202308120800_-4.24215_55.86349_3
Running simulation ID:   202308120800_-4.247_55.861_3
Running simulation ID:   202308120900_-4.24215_55.86349_3
Running simulation ID:   202308120900_-4.247_55.861_3
Running simulation ID:   202308121000_-4.24215_55.86349_3
Running simulation ID:   202308121000_-4.247_55.861_3
Running simulation ID:   202308121100_-4.24215_55.86349_3
Running simulation ID:   202308121100_-4.247_55.861_3
Running simulation ID:   202308121200_-4.24215_55.86349_3
Running simulation ID:   202308121200_-4.247_55.861_3
Running simulation ID:   202308121300_-4.247_55.861_3
Running simulation ID:   202308121300_-4.24215_55.86349_3
Running simulation ID:   202308121400_-4.247_55.861_3
Running simulation ID:   202308121400_-4.24215_55.86349_3
Running simulation ID:   202308121500_-4.247_55.861_3
Running simulation ID:   202308121500_-4.24215_55.86349_3
Running simulation ID:   202308121600_-4.24215_55.86349_3
Running simulation ID:   202308121600_-4.247_55.861_3
Running simulation ID:   202308121700_-4.247_55.861_3
Running simulation ID:   202308121700_-4.24215_55.86349_3
Running simulation ID:   202308121800_-4.24215_55.86349_3
Running simulation ID:   202308121800_-4.247_55.861_3
Running simulation ID:   202308121900_-4.24215_55.86349_3
Running simulation ID:   202308121900_-4.247_55.861_3
Running simulation ID:   202308122000_-4.24215_55.86349_3
Running simulation ID:   202308122000_-4.247_55.861_3
Running simulation ID:   202308122100_-4.247_55.861_3
Running simulation ID:   202308122100_-4.24215_55.86349_3
Running simulation ID:   202308122200_-4.247_55.861_3
Running simulation ID:   202308122200_-4.24215_55.86349_3
Running simulation ID:   202308122300_-4.247_55.861_3
Running simulation ID:   202308122300_-4.24215_55.86349_3
Running simulation ID:   202308130000_-4.24215_55.86349_3
Running simulation ID:   202308130000_-4.247_55.861_3
Running simulation ID:   202308130100_-4.24215_55.86349_3
Running simulation ID:   202308130100_-4.247_55.861_3
Running simulation ID:   202308130200_-4.24215_55.86349_3
Running simulation ID:   202308130200_-4.247_55.861_3
Running simulation ID:   202308130300_-4.247_55.861_3
Running simulation ID:   202308130300_-4.24215_55.86349_3
Running simulation ID:   202308130400_-4.247_55.861_3
Running simulation ID:   202308130400_-4.24215_55.86349_3
Running simulation ID:   202308130500_-4.247_55.861_3
Running simulation ID:   202308130500_-4.24215_55.86349_3
Running simulation ID:   202308130600_-4.24215_55.86349_3
Running simulation ID:   202308130600_-4.247_55.861_3
Running simulation ID:   202308130700_-4.24215_55.86349_3
Running simulation ID:   202308130700_-4.247_55.861_3
Running simulation ID:   202308130800_-4.24215_55.86349_3
Running simulation ID:   202308130800_-4.247_55.861_3
Running simulation ID:   202308130900_-4.24215_55.86349_3
Running simulation ID:   202308130900_-4.247_55.861_3
Running simulation ID:   202308131000_-4.24215_55.86349_3
Running simulation ID:   202308131000_-4.247_55.861_3
Running simulation ID:   202308131100_-4.24215_55.86349_3
Running simulation ID:   202308131100_-4.247_55.861_3
Running simulation ID:   202308131200_-4.247_55.861_3
Running simulation ID:   202308131200_-4.24215_55.86349_3
Running simulation ID:   202308131300_-4.24215_55.86349_3
Running simulation ID:   202308131300_-4.247_55.861_3
Running simulation ID:   202308131400_-4.24215_55.86349_3
Running simulation ID:   202308131400_-4.247_55.861_3
Running simulation ID:   202308131500_-4.24215_55.86349_3
Running simulation ID:   202308131500_-4.247_55.861_3
Running simulation ID:   202308131600_-4.247_55.861_3
Running simulation ID:   202308131600_-4.24215_55.86349_3
Running simulation ID:   202308131700_-4.247_55.861_3
Running simulation ID:   202308131700_-4.24215_55.86349_3
Running simulation ID:   202308131800_-4.24215_55.86349_3
Running simulation ID:   202308131800_-4.247_55.861_3
Running simulation ID:   202308131900_-4.247_55.861_3
Running simulation ID:   202308131900_-4.24215_55.86349_3
Running simulation ID:   202308132000_-4.247_55.861_3
Running simulation ID:   202308132000_-4.24215_55.86349_3
Running simulation ID:   202308132100_-4.24215_55.86349_3
Running simulation ID:   202308132100_-4.247_55.861_3
Running simulation ID:   202308132200_-4.24215_55.86349_3
Running simulation ID:   202308132200_-4.247_55.861_3
Running simulation ID:   202308132300_-4.24215_55.86349_3
Running simulation ID:   202308132300_-4.247_55.861_3
Running simulation ID:   202308140000_-4.24215_55.86349_3
Running simulation ID:   202308140000_-4.247_55.861_3
Running simulation ID:   202308140100_-4.247_55.861_3
Running simulation ID:   202308140100_-4.24215_55.86349_3
Running simulation ID:   202308140200_-4.247_55.861_3
Running simulation ID:   202308140200_-4.24215_55.86349_3
Running simulation ID:   202308140300_-4.247_55.861_3
Running simulation ID:   202308140300_-4.24215_55.86349_3
Running simulation ID:   202308140400_-4.247_55.861_3
Running simulation ID:   202308140400_-4.24215_55.86349_3
Running simulation ID:   202308140500_-4.24215_55.86349_3
Running simulation ID:   202308140500_-4.247_55.861_3
Running simulation ID:   202308140600_-4.24215_55.86349_3
Running simulation ID:   202308140600_-4.247_55.861_3
Running simulation ID:   202308140700_-4.247_55.861_3
Running simulation ID:   202308140700_-4.24215_55.86349_3
Running simulation ID:   202308140800_-4.24215_55.86349_3
Running simulation ID:   202308140800_-4.247_55.861_3
Running simulation ID:   202308140900_-4.24215_55.86349_3
Running simulation ID:   202308140900_-4.247_55.861_3
Running simulation ID:   202308141000_-4.24215_55.86349_3
Running simulation ID:   202308141000_-4.247_55.861_3
Running simulation ID:   202308141100_-4.24215_55.86349_3
Running simulation ID:   202308141100_-4.247_55.861_3
Running simulation ID:   202308141200_-4.24215_55.86349_3
Running simulation ID:   202308141200_-4.247_55.861_3
Running simulation ID:   202308141300_-4.247_55.861_3
Running simulation ID:   202308141300_-4.24215_55.86349_3
Running simulation ID:   202308141400_-4.24215_55.86349_3
Running simulation ID:   202308141400_-4.247_55.861_3
Running simulation ID:   202308141500_-4.247_55.861_3
Running simulation ID:   202308141500_-4.24215_55.86349_3
Running simulation ID:   202308141600_-4.247_55.861_3
Running simulation ID:   202308141600_-4.24215_55.86349_3
Running simulation ID:   202308141700_-4.247_55.861_3
Running simulation ID:   202308141700_-4.24215_55.86349_3
Running simulation ID:   202308141800_-4.247_55.861_3
Running simulation ID:   202308141800_-4.24215_55.86349_3
Running simulation ID:   202308141900_-4.247_55.861_3
Running simulation ID:   202308141900_-4.24215_55.86349_3
Running simulation ID:   202308142000_-4.24215_55.86349_3
Running simulation ID:   202308142000_-4.247_55.861_3
Running simulation ID:   202308142100_-4.24215_55.86349_3
Running simulation ID:   202308142100_-4.247_55.861_3
Running simulation ID:   202308142200_-4.24215_55.86349_3
Running simulation ID:   202308142200_-4.247_55.861_3
Running simulation ID:   202308142300_-4.247_55.861_3
Running simulation ID:   202308142300_-4.24215_55.86349_3
Running simulation ID:   202308150000_-4.247_55.861_3
Running simulation ID:   202308150000_-4.24215_55.86349_3
Running simulation ID:   202308150100_-4.24215_55.86349_3
Running simulation ID:   202308150100_-4.247_55.861_3
Running simulation ID:   202308150200_-4.24215_55.86349_3
Running simulation ID:   202308150200_-4.247_55.861_3
Running simulation ID:   202308150300_-4.247_55.861_3
Running simulation ID:   202308150300_-4.24215_55.86349_3
Running simulation ID:   202308150400_-4.24215_55.86349_3
Running simulation ID:   202308150400_-4.247_55.861_3
Running simulation ID:   202308150500_-4.24215_55.86349_3
Running simulation ID:   202308150500_-4.247_55.861_3
Running simulation ID:   202308150600_-4.24215_55.86349_3
Running simulation ID:   202308150600_-4.247_55.861_3
Running simulation ID:   202308150700_-4.247_55.861_3
Running simulation ID:   202308150700_-4.24215_55.86349_3
Running simulation ID:   202308150800_-4.247_55.861_3
Running simulation ID:   202308150800_-4.24215_55.86349_3
Running simulation ID:   202308150900_-4.24215_55.86349_3
Running simulation ID:   202308150900_-4.247_55.861_3
Running simulation ID:   202308151000_-4.24215_55.86349_3
Running simulation ID:   202308151000_-4.247_55.861_3
Running simulation ID:   202308151100_-4.24215_55.86349_3
Running simulation ID:   202308151100_-4.247_55.861_3
Running simulation ID:   202308151200_-4.24215_55.86349_3
Running simulation ID:   202308151200_-4.247_55.861_3
Running simulation ID:   202308151300_-4.24215_55.86349_3
Running simulation ID:   202308151300_-4.247_55.861_3
Running simulation ID:   202308151400_-4.247_55.861_3
Running simulation ID:   202308151400_-4.24215_55.86349_3
Running simulation ID:   202308151500_-4.247_55.861_3
Running simulation ID:   202308151500_-4.24215_55.86349_3
Running simulation ID:   202308151600_-4.247_55.861_3
Running simulation ID:   202308151600_-4.24215_55.86349_3
Running simulation ID:   202308151700_-4.24215_55.86349_3
Running simulation ID:   202308151700_-4.247_55.861_3
Running simulation ID:   202308151800_-4.24215_55.86349_3
Running simulation ID:   202308151800_-4.247_55.861_3
Running simulation ID:   202308151900_-4.24215_55.86349_3
Running simulation ID:   202308151900_-4.247_55.861_3
Running simulation ID:   202308152000_-4.247_55.861_3
Running simulation ID:   202308152000_-4.24215_55.86349_3
Running simulation ID:   202308152100_-4.247_55.861_3
Running simulation ID:   202308152100_-4.24215_55.86349_3
Running simulation ID:   202308152200_-4.247_55.861_3
Running simulation ID:   202308152200_-4.24215_55.86349_3
Running simulation ID:   202308152300_-4.247_55.861_3
Running simulation ID:   202308152300_-4.24215_55.86349_3
Running simulation ID:   202308160000_-4.247_55.861_3
Running simulation ID:   202308160000_-4.24215_55.86349_3
Running simulation ID:   202308160100_-4.247_55.861_3
Running simulation ID:   202308160100_-4.24215_55.86349_3
Running simulation ID:   202308160200_-4.247_55.861_3
Running simulation ID:   202308160200_-4.24215_55.86349_3
Running simulation ID:   202308160300_-4.24215_55.86349_3
Running simulation ID:   202308160300_-4.247_55.861_3
Running simulation ID:   202308160400_-4.24215_55.86349_3
Running simulation ID:   202308160400_-4.247_55.861_3
Running simulation ID:   202308160500_-4.24215_55.86349_3
Running simulation ID:   202308160500_-4.247_55.861_3
Running simulation ID:   202308160600_-4.24215_55.86349_3
Running simulation ID:   202308160600_-4.247_55.861_3
Running simulation ID:   202308160700_-4.247_55.861_3
Running simulation ID:   202308160700_-4.24215_55.86349_3
Running simulation ID:   202308160800_-4.247_55.861_3
Running simulation ID:   202308160800_-4.24215_55.86349_3
Running simulation ID:   202308160900_-4.247_55.861_3
Running simulation ID:   202308160900_-4.24215_55.86349_3
Running simulation ID:   202308161000_-4.24215_55.86349_3
Running simulation ID:   202308161000_-4.247_55.861_3
Running simulation ID:   202308161100_-4.24215_55.86349_3
Running simulation ID:   202308161100_-4.247_55.861_3
Running simulation ID:   202308161200_-4.24215_55.86349_3
Running simulation ID:   202308161200_-4.247_55.861_3
Running simulation ID:   202308161300_-4.247_55.861_3
Running simulation ID:   202308161300_-4.24215_55.86349_3
Running simulation ID:   202308161400_-4.24215_55.86349_3
Running simulation ID:   202308161400_-4.247_55.861_3
Running simulation ID:   202308161500_-4.247_55.861_3
Running simulation ID:   202308161500_-4.24215_55.86349_3
Running simulation ID:   202308161600_-4.24215_55.86349_3
Running simulation ID:   202308161600_-4.247_55.861_3
Running simulation ID:   202308161700_-4.247_55.861_3
Running simulation ID:   202308161700_-4.24215_55.86349_3
Running simulation ID:   202308161800_-4.247_55.861_3
Running simulation ID:   202308161800_-4.24215_55.86349_3
Running simulation ID:   202308161900_-4.247_55.861_3
Running simulation ID:   202308161900_-4.24215_55.86349_3
Running simulation ID:   202308162000_-4.24215_55.86349_3
Running simulation ID:   202308162000_-4.247_55.861_3
Running simulation ID:   202308162100_-4.24215_55.86349_3
Running simulation ID:   202308162100_-4.247_55.861_3
Running simulation ID:   202308162200_-4.24215_55.86349_3
Running simulation ID:   202308162200_-4.247_55.861_3
Running simulation ID:   202308162300_-4.247_55.861_3
Running simulation ID:   202308162300_-4.24215_55.86349_3
Running simulation ID:   202308170000_-4.24215_55.86349_3
Running simulation ID:   202308170000_-4.247_55.861_3
Running simulation ID:   202308170100_-4.24215_55.86349_3
Running simulation ID:   202308170100_-4.247_55.861_3
Running simulation ID:   202308170200_-4.24215_55.86349_3
Running simulation ID:   202308170200_-4.247_55.861_3
Running simulation ID:   202308170300_-4.24215_55.86349_3
Running simulation ID:   202308170300_-4.247_55.861_3
Running simulation ID:   202308170400_-4.24215_55.86349_3
Running simulation ID:   202308170400_-4.247_55.861_3
Running simulation ID:   202308170500_-4.24215_55.86349_3
Running simulation ID:   202308170500_-4.247_55.861_3
Running simulation ID:   202308170600_-4.24215_55.86349_3
Running simulation ID:   202308170600_-4.247_55.861_3
Running simulation ID:   202308170700_-4.247_55.861_3
Running simulation ID:   202308170700_-4.24215_55.86349_3
Running simulation ID:   202308170800_-4.247_55.861_3
Running simulation ID:   202308170800_-4.24215_55.86349_3
Running simulation ID:   202308170900_-4.24215_55.86349_3
Running simulation ID:   202308170900_-4.247_55.861_3
Running simulation ID:   202308171000_-4.247_55.861_3
Running simulation ID:   202308171000_-4.24215_55.86349_3
Running simulation ID:   202308171100_-4.24215_55.86349_3
Running simulation ID:   202308171100_-4.247_55.861_3
Running simulation ID:   202308171200_-4.24215_55.86349_3
Running simulation ID:   202308171200_-4.247_55.861_3
Running simulation ID:   202308171300_-4.247_55.861_3
Running simulation ID:   202308171300_-4.24215_55.86349_3
Running simulation ID:   202308171400_-4.24215_55.86349_3
Running simulation ID:   202308171400_-4.247_55.861_3
Running simulation ID:   202308171500_-4.24215_55.86349_3
Running simulation ID:   202308171500_-4.247_55.861_3
Running simulation ID:   202308171600_-4.247_55.861_3
Running simulation ID:   202308171600_-4.24215_55.86349_3
Running simulation ID:   202308171700_-4.24215_55.86349_3
Running simulation ID:   202308171700_-4.247_55.861_3
Running simulation ID:   202308171800_-4.24215_55.86349_3
Running simulation ID:   202308171800_-4.247_55.861_3
Running simulation ID:   202308171900_-4.247_55.861_3
Running simulation ID:   202308171900_-4.24215_55.86349_3
Running simulation ID:   202308172000_-4.24215_55.86349_3
Running simulation ID:   202308172000_-4.247_55.861_3
Running simulation ID:   202308172100_-4.24215_55.86349_3
Running simulation ID:   202308172100_-4.247_55.861_3
Running simulation ID:   202308172200_-4.247_55.861_3
Running simulation ID:   202308172200_-4.24215_55.86349_3
Running simulation ID:   202308172300_-4.247_55.861_3
Running simulation ID:   202308172300_-4.24215_55.86349_3
Running simulation ID:   202308180000_-4.24215_55.86349_3
Running simulation ID:   202308180000_-4.247_55.861_3
Running simulation ID:   202308180100_-4.24215_55.86349_3
Running simulation ID:   202308180100_-4.247_55.861_3
Running simulation ID:   202308180200_-4.247_55.861_3
Running simulation ID:   202308180200_-4.24215_55.86349_3
Running simulation ID:   202308180300_-4.247_55.861_3
Running simulation ID:   202308180300_-4.24215_55.86349_3
Running simulation ID:   202308180400_-4.247_55.861_3
Running simulation ID:   202308180400_-4.24215_55.86349_3
Running simulation ID:   202308180500_-4.247_55.861_3
Running simulation ID:   202308180500_-4.24215_55.86349_3
Running simulation ID:   202308180600_-4.24215_55.86349_3
Running simulation ID:   202308180600_-4.247_55.861_3
Running simulation ID:   202308180700_-4.24215_55.86349_3
Running simulation ID:   202308180700_-4.247_55.861_3
Running simulation ID:   202308180800_-4.24215_55.86349_3
Running simulation ID:   202308180800_-4.247_55.861_3
Running simulation ID:   202308180900_-4.247_55.861_3
Running simulation ID:   202308180900_-4.24215_55.86349_3
Running simulation ID:   202308181000_-4.247_55.861_3
Running simulation ID:   202308181000_-4.24215_55.86349_3
Running simulation ID:   202308181100_-4.247_55.861_3
Running simulation ID:   202308181100_-4.24215_55.86349_3
Running simulation ID:   202308181200_-4.247_55.861_3
Running simulation ID:   202308181200_-4.24215_55.86349_3
Running simulation ID:   202308181300_-4.24215_55.86349_3
Running simulation ID:   202308181300_-4.247_55.861_3
Running simulation ID:   202308181400_-4.24215_55.86349_3
Running simulation ID:   202308181400_-4.247_55.861_3
Running simulation ID:   202308181500_-4.247_55.861_3
Running simulation ID:   202308181500_-4.24215_55.86349_3
Running simulation ID:   202308181600_-4.247_55.861_3
Running simulation ID:   202308181600_-4.24215_55.86349_3
Running simulation ID:   202308181700_-4.247_55.861_3
Running simulation ID:   202308181700_-4.24215_55.86349_3
Running simulation ID:   202308181800_-4.247_55.861_3
Running simulation ID:   202308181800_-4.24215_55.86349_3
Running simulation ID:   202308181900_-4.247_55.861_3
Running simulation ID:   202308181900_-4.24215_55.86349_3
Running simulation ID:   202308182000_-4.24215_55.86349_3
Running simulation ID:   202308182000_-4.247_55.861_3
Running simulation ID:   202308182100_-4.247_55.861_3
Running simulation ID:   202308182100_-4.24215_55.86349_3
Running simulation ID:   202308182200_-4.24215_55.86349_3
Running simulation ID:   202308182200_-4.247_55.861_3
Running simulation ID:   202308182300_-4.24215_55.86349_3
Running simulation ID:   202308182300_-4.247_55.861_3
Running simulation ID:   202308190000_-4.247_55.861_3
Running simulation ID:   202308190000_-4.24215_55.86349_3
Running simulation ID:   202308190100_-4.247_55.861_3
Running simulation ID:   202308190100_-4.24215_55.86349_3
Running simulation ID:   202308190200_-4.24215_55.86349_3
Running simulation ID:   202308190200_-4.247_55.861_3
Running simulation ID:   202308190300_-4.24215_55.86349_3
Running simulation ID:   202308190300_-4.247_55.861_3
Running simulation ID:   202308190400_-4.24215_55.86349_3
Running simulation ID:   202308190400_-4.247_55.861_3
Running simulation ID:   202308190500_-4.24215_55.86349_3
Running simulation ID:   202308190500_-4.247_55.861_3
Running simulation ID:   202308190600_-4.24215_55.86349_3
Running simulation ID:   202308190600_-4.247_55.861_3
Running simulation ID:   202308190700_-4.24215_55.86349_3
Running simulation ID:   202308190700_-4.247_55.861_3
Running simulation ID:   202308190800_-4.24215_55.86349_3
Running simulation ID:   202308190800_-4.247_55.861_3
Running simulation ID:   202308190900_-4.24215_55.86349_3
Running simulation ID:   202308190900_-4.247_55.861_3
Running simulation ID:   202308191000_-4.24215_55.86349_3
Running simulation ID:   202308191000_-4.247_55.861_3
Running simulation ID:   202308191100_-4.24215_55.86349_3
Running simulation ID:   202308191100_-4.247_55.861_3
Running simulation ID:   202308191200_-4.247_55.861_3
Running simulation ID:   202308191200_-4.24215_55.86349_3
Running simulation ID:   202308191300_-4.24215_55.86349_3
Running simulation ID:   202308191300_-4.247_55.861_3
Running simulation ID:   202308191400_-4.247_55.861_3
Running simulation ID:   202308191400_-4.24215_55.86349_3
Running simulation ID:   202308191500_-4.24215_55.86349_3
Running simulation ID:   202308191500_-4.247_55.861_3
Running simulation ID:   202308191600_-4.24215_55.86349_3
Running simulation ID:   202308191600_-4.247_55.861_3
Running simulation ID:   202308191700_-4.24215_55.86349_3
Running simulation ID:   202308191700_-4.247_55.861_3
Running simulation ID:   202308191800_-4.24215_55.86349_3
Running simulation ID:   202308191800_-4.247_55.861_3
Running simulation ID:   202308191900_-4.24215_55.86349_3
Running simulation ID:   202308191900_-4.247_55.861_3
Running simulation ID:   202308192000_-4.247_55.861_3
Running simulation ID:   202308192000_-4.24215_55.86349_3
Running simulation ID:   202308192100_-4.247_55.861_3
Running simulation ID:   202308192100_-4.24215_55.86349_3
Running simulation ID:   202308192200_-4.247_55.861_3
Running simulation ID:   202308192200_-4.24215_55.86349_3
Running simulation ID:   202308192300_-4.24215_55.86349_3
Running simulation ID:   202308192300_-4.247_55.861_3
Running simulation ID:   202308200000_-4.247_55.861_3
Running simulation ID:   202308200000_-4.24215_55.86349_3
Running simulation ID:   202308200100_-4.247_55.861_3
Running simulation ID:   202308200100_-4.24215_55.86349_3
Running simulation ID:   202308200200_-4.24215_55.86349_3
Running simulation ID:   202308200200_-4.247_55.861_3
Running simulation ID:   202308200300_-4.24215_55.86349_3
Running simulation ID:   202308200300_-4.247_55.861_3
Running simulation ID:   202308200400_-4.247_55.861_3
Running simulation ID:   202308200400_-4.24215_55.86349_3
Running simulation ID:   202308200500_-4.24215_55.86349_3
Running simulation ID:   202308200500_-4.247_55.861_3
Running simulation ID:   202308200600_-4.24215_55.86349_3
Running simulation ID:   202308200600_-4.247_55.861_3
Running simulation ID:   202308200700_-4.24215_55.86349_3
Running simulation ID:   202308200700_-4.247_55.861_3
Running simulation ID:   202308200800_-4.24215_55.86349_3
Running simulation ID:   202308200800_-4.247_55.861_3
Running simulation ID:   202308200900_-4.247_55.861_3
Running simulation ID:   202308200900_-4.24215_55.86349_3
Running simulation ID:   202308201000_-4.24215_55.86349_3
Running simulation ID:   202308201000_-4.247_55.861_3
Running simulation ID:   202308201100_-4.24215_55.86349_3
Running simulation ID:   202308201100_-4.247_55.861_3
Running simulation ID:   202308201200_-4.247_55.861_3
Running simulation ID:   202308201200_-4.24215_55.86349_3
Running simulation ID:   202308201300_-4.247_55.861_3
Running simulation ID:   202308201300_-4.24215_55.86349_3
Running simulation ID:   202308201400_-4.24215_55.86349_3
Running simulation ID:   202308201400_-4.247_55.861_3
Running simulation ID:   202308201500_-4.24215_55.86349_3
Running simulation ID:   202308201500_-4.247_55.861_3
Running simulation ID:   202308201600_-4.247_55.861_3
Running simulation ID:   202308201600_-4.24215_55.86349_3
Running simulation ID:   202308201700_-4.24215_55.86349_3
Running simulation ID:   202308201700_-4.247_55.861_3
Running simulation ID:   202308201800_-4.24215_55.86349_3
Running simulation ID:   202308201800_-4.247_55.861_3
Running simulation ID:   202308201900_-4.24215_55.86349_3
Running simulation ID:   202308201900_-4.247_55.861_3
Running simulation ID:   202308202000_-4.247_55.861_3
Running simulation ID:   202308202000_-4.24215_55.86349_3
Running simulation ID:   202308202100_-4.247_55.861_3
Running simulation ID:   202308202100_-4.24215_55.86349_3
Running simulation ID:   202308202200_-4.247_55.861_3
Running simulation ID:   202308202200_-4.24215_55.86349_3
Running simulation ID:   202308202300_-4.247_55.861_3
Running simulation ID:   202308202300_-4.24215_55.86349_3
Running simulation ID:   202308210000_-4.247_55.861_3
Running simulation ID:   202308210000_-4.24215_55.86349_3
Running simulation ID:   202308210100_-4.247_55.861_3
Running simulation ID:   202308210100_-4.24215_55.86349_3
Running simulation ID:   202308210200_-4.247_55.861_3
Running simulation ID:   202308210200_-4.24215_55.86349_3
Running simulation ID:   202308210300_-4.247_55.861_3
Running simulation ID:   202308210300_-4.24215_55.86349_3
Running simulation ID:   202308210400_-4.247_55.861_3
Running simulation ID:   202308210400_-4.24215_55.86349_3
Running simulation ID:   202308210500_-4.247_55.861_3
Running simulation ID:   202308210500_-4.24215_55.86349_3
Running simulation ID:   202308210600_-4.24215_55.86349_3
Running simulation ID:   202308210600_-4.247_55.861_3
Running simulation ID:   202308210700_-4.247_55.861_3
Running simulation ID:   202308210700_-4.24215_55.86349_3
Running simulation ID:   202308210800_-4.247_55.861_3
Running simulation ID:   202308210800_-4.24215_55.86349_3
Running simulation ID:   202308210900_-4.24215_55.86349_3
Running simulation ID:   202308210900_-4.247_55.861_3
Running simulation ID:   202308211000_-4.24215_55.86349_3
Running simulation ID:   202308211000_-4.247_55.861_3
Running simulation ID:   202308211100_-4.247_55.861_3
Running simulation ID:   202308211100_-4.24215_55.86349_3
Running simulation ID:   202308211200_-4.247_55.861_3
Running simulation ID:   202308211200_-4.24215_55.86349_3
Running simulation ID:   202308211300_-4.247_55.861_3
Running simulation ID:   202308211300_-4.24215_55.86349_3
Running simulation ID:   202308211400_-4.24215_55.86349_3
Running simulation ID:   202308211400_-4.247_55.861_3
Running simulation ID:   202308211500_-4.247_55.861_3
Running simulation ID:   202308211500_-4.24215_55.86349_3
Running simulation ID:   202308211600_-4.247_55.861_3
Running simulation ID:   202308211600_-4.24215_55.86349_3
Running simulation ID:   202308211700_-4.24215_55.86349_3
Running simulation ID:   202308211700_-4.247_55.861_3
Running simulation ID:   202308211800_-4.247_55.861_3
Running simulation ID:   202308211800_-4.24215_55.86349_3
Running simulation ID:   202308211900_-4.247_55.861_3
Running simulation ID:   202308211900_-4.24215_55.86349_3
Running simulation ID:   202308212000_-4.247_55.861_3
Running simulation ID:   202308212000_-4.24215_55.86349_3
Running simulation ID:   202308212100_-4.247_55.861_3
Running simulation ID:   202308212100_-4.24215_55.86349_3
Running simulation ID:   202308212200_-4.24215_55.86349_3
Running simulation ID:   202308212200_-4.247_55.861_3
Running simulation ID:   202308212300_-4.24215_55.86349_3
Running simulation ID:   202308212300_-4.247_55.861_3
Running simulation ID:   202308220000_-4.24215_55.86349_3
Running simulation ID:   202308220000_-4.247_55.861_3
Running simulation ID:   202308220100_-4.247_55.861_3
Running simulation ID:   202308220100_-4.24215_55.86349_3
Running simulation ID:   202308220200_-4.247_55.861_3
Running simulation ID:   202308220200_-4.24215_55.86349_3
Running simulation ID:   202308220300_-4.247_55.861_3
Running simulation ID:   202308220300_-4.24215_55.86349_3
Running simulation ID:   202308220400_-4.247_55.861_3
Running simulation ID:   202308220400_-4.24215_55.86349_3
Running simulation ID:   202308220500_-4.24215_55.86349_3
Running simulation ID:   202308220500_-4.247_55.861_3
Running simulation ID:   202308220600_-4.24215_55.86349_3
Running simulation ID:   202308220600_-4.247_55.861_3
Running simulation ID:   202308220700_-4.247_55.861_3
Running simulation ID:   202308220700_-4.24215_55.86349_3
Running simulation ID:   202308220800_-4.247_55.861_3
Running simulation ID:   202308220800_-4.24215_55.86349_3
Running simulation ID:   202308220900_-4.247_55.861_3
Running simulation ID:   202308220900_-4.24215_55.86349_3
Running simulation ID:   202308221000_-4.247_55.861_3
Running simulation ID:   202308221000_-4.24215_55.86349_3
Running simulation ID:   202308221100_-4.24215_55.86349_3
Running simulation ID:   202308221100_-4.247_55.861_3
Running simulation ID:   202308221200_-4.247_55.861_3
Running simulation ID:   202308221200_-4.24215_55.86349_3
Running simulation ID:   202308221300_-4.247_55.861_3
Running simulation ID:   202308221300_-4.24215_55.86349_3
Running simulation ID:   202308221400_-4.247_55.861_3
Running simulation ID:   202308221400_-4.24215_55.86349_3
Running simulation ID:   202308221500_-4.24215_55.86349_3
Running simulation ID:   202308221500_-4.247_55.861_3
Running simulation ID:   202308221600_-4.24215_55.86349_3
Running simulation ID:   202308221600_-4.247_55.861_3
Running simulation ID:   202308221700_-4.24215_55.86349_3
Running simulation ID:   202308221700_-4.247_55.861_3
Running simulation ID:   202308221800_-4.247_55.861_3
Running simulation ID:   202308221800_-4.24215_55.86349_3
Running simulation ID:   202308221900_-4.24215_55.86349_3
Running simulation ID:   202308221900_-4.247_55.861_3
Running simulation ID:   202308222000_-4.247_55.861_3
Running simulation ID:   202308222000_-4.24215_55.86349_3
Running simulation ID:   202308222100_-4.24215_55.86349_3
Running simulation ID:   202308222100_-4.247_55.861_3
Running simulation ID:   202308222200_-4.24215_55.86349_3
Running simulation ID:   202308222200_-4.247_55.861_3
Running simulation ID:   202308222300_-4.247_55.861_3
Running simulation ID:   202308222300_-4.24215_55.86349_3
Running simulation ID:   202308230000_-4.24215_55.86349_3
Running simulation ID:   202308230000_-4.247_55.861_3
Running simulation ID:   202308230100_-4.24215_55.86349_3
Running simulation ID:   202308230100_-4.247_55.861_3
Running simulation ID:   202308230200_-4.24215_55.86349_3
Running simulation ID:   202308230200_-4.247_55.861_3
Running simulation ID:   202308230300_-4.24215_55.86349_3
Running simulation ID:   202308230300_-4.247_55.861_3
Running simulation ID:   202308230400_-4.24215_55.86349_3
Running simulation ID:   202308230400_-4.247_55.861_3
Running simulation ID:   202308230500_-4.247_55.861_3
Running simulation ID:   202308230500_-4.24215_55.86349_3
Running simulation ID:   202308230600_-4.247_55.861_3
Running simulation ID:   202308230600_-4.24215_55.86349_3
Running simulation ID:   202308230700_-4.24215_55.86349_3
Running simulation ID:   202308230700_-4.247_55.861_3
Running simulation ID:   202308230800_-4.247_55.861_3
Running simulation ID:   202308230800_-4.24215_55.86349_3
Running simulation ID:   202308230900_-4.247_55.861_3
Running simulation ID:   202308230900_-4.24215_55.86349_3
Running simulation ID:   202308231000_-4.247_55.861_3
Running simulation ID:   202308231000_-4.24215_55.86349_3
Running simulation ID:   202308231100_-4.247_55.861_3
Running simulation ID:   202308231100_-4.24215_55.86349_3
Running simulation ID:   202308231200_-4.24215_55.86349_3
Running simulation ID:   202308231200_-4.247_55.861_3
Running simulation ID:   202308231300_-4.24215_55.86349_3
Running simulation ID:   202308231300_-4.247_55.861_3
Running simulation ID:   202308231400_-4.24215_55.86349_3
Running simulation ID:   202308231400_-4.247_55.861_3
Running simulation ID:   202308231500_-4.24215_55.86349_3
Running simulation ID:   202308231500_-4.247_55.861_3
Running simulation ID:   202308231600_-4.247_55.861_3
Running simulation ID:   202308231600_-4.24215_55.86349_3
Running simulation ID:   202308231700_-4.247_55.861_3
Running simulation ID:   202308231700_-4.24215_55.86349_3
Running simulation ID:   202308231800_-4.24215_55.86349_3
Running simulation ID:   202308231800_-4.247_55.861_3
Running simulation ID:   202308231900_-4.24215_55.86349_3
Running simulation ID:   202308231900_-4.247_55.861_3
Running simulation ID:   202308232000_-4.24215_55.86349_3
Running simulation ID:   202308232000_-4.247_55.861_3
Running simulation ID:   202308232100_-4.24215_55.86349_3
Running simulation ID:   202308232100_-4.247_55.861_3
Running simulation ID:   202308232200_-4.24215_55.86349_3
Running simulation ID:   202308232200_-4.247_55.861_3
Running simulation ID:   202308232300_-4.247_55.861_3
Running simulation ID:   202308232300_-4.24215_55.86349_3
Running simulation ID:   202308240000_-4.247_55.861_3
Running simulation ID:   202308240000_-4.24215_55.86349_3
Running simulation ID:   202308240100_-4.247_55.861_3
Running simulation ID:   202308240100_-4.24215_55.86349_3
Running simulation ID:   202308240200_-4.24215_55.86349_3
Running simulation ID:   202308240200_-4.247_55.861_3
Running simulation ID:   202308240300_-4.24215_55.86349_3
Running simulation ID:   202308240300_-4.247_55.861_3
Running simulation ID:   202308240400_-4.24215_55.86349_3
Running simulation ID:   202308240400_-4.247_55.861_3
Running simulation ID:   202308240500_-4.247_55.861_3
Running simulation ID:   202308240500_-4.24215_55.86349_3
Running simulation ID:   202308240600_-4.247_55.861_3
Running simulation ID:   202308240600_-4.24215_55.86349_3
Running simulation ID:   202308240700_-4.24215_55.86349_3
Running simulation ID:   202308240700_-4.247_55.861_3
Running simulation ID:   202308240800_-4.247_55.861_3
Running simulation ID:   202308240800_-4.24215_55.86349_3
Running simulation ID:   202308240900_-4.24215_55.86349_3
Running simulation ID:   202308240900_-4.247_55.861_3
Running simulation ID:   202308241000_-4.24215_55.86349_3
Running simulation ID:   202308241000_-4.247_55.861_3
Running simulation ID:   202308241100_-4.24215_55.86349_3
Running simulation ID:   202308241100_-4.247_55.861_3
Running simulation ID:   202308241200_-4.247_55.861_3
Running simulation ID:   202308241200_-4.24215_55.86349_3
Running simulation ID:   202308241300_-4.247_55.861_3
Running simulation ID:   202308241300_-4.24215_55.86349_3
Running simulation ID:   202308241400_-4.247_55.861_3
Running simulation ID:   202308241400_-4.24215_55.86349_3
Running simulation ID:   202308241500_-4.24215_55.86349_3
Running simulation ID:   202308241500_-4.247_55.861_3
Running simulation ID:   202308241600_-4.247_55.861_3
Running simulation ID:   202308241600_-4.24215_55.86349_3
Running simulation ID:   202308241700_-4.24215_55.86349_3
Running simulation ID:   202308241700_-4.247_55.861_3
Running simulation ID:   202308241800_-4.24215_55.86349_3
Running simulation ID:   202308241800_-4.247_55.861_3
Running simulation ID:   202308241900_-4.24215_55.86349_3
Running simulation ID:   202308241900_-4.247_55.861_3
Running simulation ID:   202308242000_-4.247_55.861_3
Running simulation ID:   202308242000_-4.24215_55.86349_3
Running simulation ID:   202308242100_-4.247_55.861_3
Running simulation ID:   202308242100_-4.24215_55.86349_3
Running simulation ID:   202308242200_-4.247_55.861_3
Running simulation ID:   202308242200_-4.24215_55.86349_3
Running simulation ID:   202308242300_-4.247_55.861_3
Running simulation ID:   202308242300_-4.24215_55.86349_3
Running simulation ID:   202308250000_-4.247_55.861_3
Running simulation ID:   202308250000_-4.24215_55.86349_3
Running simulation ID:   202308250100_-4.247_55.861_3
Running simulation ID:   202308250100_-4.24215_55.86349_3
Running simulation ID:   202308250200_-4.24215_55.86349_3
Running simulation ID:   202308250200_-4.247_55.861_3
Running simulation ID:   202308250300_-4.247_55.861_3
Running simulation ID:   202308250300_-4.24215_55.86349_3
Running simulation ID:   202308250400_-4.247_55.861_3
Running simulation ID:   202308250400_-4.24215_55.86349_3
Running simulation ID:   202308250500_-4.247_55.861_3
Running simulation ID:   202308250500_-4.24215_55.86349_3
Running simulation ID:   202308250600_-4.24215_55.86349_3
Running simulation ID:   202308250600_-4.247_55.861_3
Running simulation ID:   202308250700_-4.247_55.861_3
Running simulation ID:   202308250700_-4.24215_55.86349_3
Running simulation ID:   202308250800_-4.24215_55.86349_3
Running simulation ID:   202308250800_-4.247_55.861_3
Running simulation ID:   202308250900_-4.24215_55.86349_3
Running simulation ID:   202308250900_-4.247_55.861_3
Running simulation ID:   202308251000_-4.24215_55.86349_3
Running simulation ID:   202308251000_-4.247_55.861_3
Running simulation ID:   202308251100_-4.247_55.861_3
Running simulation ID:   202308251100_-4.24215_55.86349_3
Running simulation ID:   202308251200_-4.247_55.861_3
Running simulation ID:   202308251200_-4.24215_55.86349_3
Running simulation ID:   202308251300_-4.24215_55.86349_3
Running simulation ID:   202308251300_-4.247_55.861_3
Running simulation ID:   202308251400_-4.247_55.861_3
Running simulation ID:   202308251400_-4.24215_55.86349_3
Running simulation ID:   202308251500_-4.24215_55.86349_3
Running simulation ID:   202308251500_-4.247_55.861_3
Running simulation ID:   202308251600_-4.24215_55.86349_3
Running simulation ID:   202308251600_-4.247_55.861_3
Running simulation ID:   202308251700_-4.24215_55.86349_3
Running simulation ID:   202308251700_-4.247_55.861_3
Running simulation ID:   202308251800_-4.24215_55.86349_3
Running simulation ID:   202308251800_-4.247_55.861_3
Running simulation ID:   202308251900_-4.24215_55.86349_3
Running simulation ID:   202308251900_-4.247_55.861_3
Running simulation ID:   202308252000_-4.24215_55.86349_3
Running simulation ID:   202308252000_-4.247_55.861_3
Running simulation ID:   202308252100_-4.247_55.861_3
Running simulation ID:   202308252100_-4.24215_55.86349_3
Running simulation ID:   202308252200_-4.24215_55.86349_3
Running simulation ID:   202308252200_-4.247_55.861_3
Running simulation ID:   202308252300_-4.247_55.861_3
Running simulation ID:   202308252300_-4.24215_55.86349_3
Running simulation ID:   202308260000_-4.247_55.861_3
Running simulation ID:   202308260000_-4.24215_55.86349_3
Running simulation ID:   202308260100_-4.24215_55.86349_3
Running simulation ID:   202308260100_-4.247_55.861_3
Running simulation ID:   202308260200_-4.247_55.861_3
Running simulation ID:   202308260200_-4.24215_55.86349_3
Running simulation ID:   202308260300_-4.247_55.861_3
Running simulation ID:   202308260300_-4.24215_55.86349_3
Running simulation ID:   202308260400_-4.24215_55.86349_3
Running simulation ID:   202308260400_-4.247_55.861_3
Running simulation ID:   202308260500_-4.247_55.861_3
Running simulation ID:   202308260500_-4.24215_55.86349_3
Running simulation ID:   202308260600_-4.24215_55.86349_3
Running simulation ID:   202308260600_-4.247_55.861_3
Running simulation ID:   202308260700_-4.247_55.861_3
Running simulation ID:   202308260700_-4.24215_55.86349_3
Running simulation ID:   202308260800_-4.24215_55.86349_3
Running simulation ID:   202308260800_-4.247_55.861_3
Running simulation ID:   202308260900_-4.247_55.861_3
Running simulation ID:   202308260900_-4.24215_55.86349_3
Running simulation ID:   202308261000_-4.247_55.861_3
Running simulation ID:   202308261000_-4.24215_55.86349_3
Running simulation ID:   202308261100_-4.247_55.861_3
Running simulation ID:   202308261100_-4.24215_55.86349_3
Running simulation ID:   202308261200_-4.247_55.861_3
Running simulation ID:   202308261200_-4.24215_55.86349_3
Running simulation ID:   202308261300_-4.247_55.861_3
Running simulation ID:   202308261300_-4.24215_55.86349_3
Running simulation ID:   202308261400_-4.24215_55.86349_3
Running simulation ID:   202308261400_-4.247_55.861_3
Running simulation ID:   202308261500_-4.247_55.861_3
Running simulation ID:   202308261500_-4.24215_55.86349_3
Running simulation ID:   202308261600_-4.24215_55.86349_3
Running simulation ID:   202308261600_-4.247_55.861_3
Running simulation ID:   202308261700_-4.24215_55.86349_3
Running simulation ID:   202308261700_-4.247_55.861_3
Running simulation ID:   202308261800_-4.24215_55.86349_3
Running simulation ID:   202308261800_-4.247_55.861_3
Running simulation ID:   202308261900_-4.247_55.861_3
Running simulation ID:   202308261900_-4.24215_55.86349_3
Running simulation ID:   202308262000_-4.247_55.861_3
Running simulation ID:   202308262000_-4.24215_55.86349_3
Running simulation ID:   202308262100_-4.247_55.861_3
Running simulation ID:   202308262100_-4.24215_55.86349_3
Running simulation ID:   202308262200_-4.24215_55.86349_3
Running simulation ID:   202308262200_-4.247_55.861_3
Running simulation ID:   202308262300_-4.247_55.861_3
Running simulation ID:   202308262300_-4.24215_55.86349_3
Running simulation ID:   202308270000_-4.247_55.861_3
Running simulation ID:   202308270000_-4.24215_55.86349_3
Running simulation ID:   202308270100_-4.24215_55.86349_3
Running simulation ID:   202308270100_-4.247_55.861_3
Running simulation ID:   202308270200_-4.247_55.861_3
Running simulation ID:   202308270200_-4.24215_55.86349_3
Running simulation ID:   202308270300_-4.247_55.861_3
Running simulation ID:   202308270300_-4.24215_55.86349_3
Running simulation ID:   202308270400_-4.247_55.861_3
Running simulation ID:   202308270400_-4.24215_55.86349_3
Running simulation ID:   202308270500_-4.247_55.861_3
Running simulation ID:   202308270500_-4.24215_55.86349_3
Running simulation ID:   202308270600_-4.24215_55.86349_3
Running simulation ID:   202308270600_-4.247_55.861_3
Running simulation ID:   202308270700_-4.24215_55.86349_3
Running simulation ID:   202308270700_-4.247_55.861_3
Running simulation ID:   202308270800_-4.24215_55.86349_3
Running simulation ID:   202308270800_-4.247_55.861_3
Running simulation ID:   202308270900_-4.247_55.861_3
Running simulation ID:   202308270900_-4.24215_55.86349_3
Running simulation ID:   202308271000_-4.247_55.861_3
Running simulation ID:   202308271000_-4.24215_55.86349_3
Running simulation ID:   202308271100_-4.247_55.861_3
Running simulation ID:   202308271100_-4.24215_55.86349_3
Running simulation ID:   202308271200_-4.247_55.861_3
Running simulation ID:   202308271200_-4.24215_55.86349_3
Running simulation ID:   202308271300_-4.24215_55.86349_3
Running simulation ID:   202308271300_-4.247_55.861_3
Running simulation ID:   202308271400_-4.24215_55.86349_3
Running simulation ID:   202308271400_-4.247_55.861_3
Running simulation ID:   202308271500_-4.24215_55.86349_3
Running simulation ID:   202308271500_-4.247_55.861_3
Running simulation ID:   202308271600_-4.247_55.861_3
Running simulation ID:   202308271600_-4.24215_55.86349_3
Running simulation ID:   202308271700_-4.247_55.861_3
Running simulation ID:   202308271700_-4.24215_55.86349_3
Running simulation ID:   202308271800_-4.247_55.861_3
Running simulation ID:   202308271800_-4.24215_55.86349_3
Running simulation ID:   202308271900_-4.24215_55.86349_3
Running simulation ID:   202308271900_-4.247_55.861_3
Running simulation ID:   202308272000_-4.24215_55.86349_3
Running simulation ID:   202308272000_-4.247_55.861_3
Running simulation ID:   202308272100_-4.24215_55.86349_3
Running simulation ID:   202308272100_-4.247_55.861_3
Running simulation ID:   202308272200_-4.24215_55.86349_3
Running simulation ID:   202308272200_-4.247_55.861_3
Running simulation ID:   202308272300_-4.24215_55.86349_3
Running simulation ID:   202308272300_-4.247_55.861_3
Running simulation ID:   202308280000_-4.247_55.861_3
Running simulation ID:   202308280000_-4.24215_55.86349_3
Running simulation ID:   202308280100_-4.247_55.861_3
Running simulation ID:   202308280100_-4.24215_55.86349_3
Running simulation ID:   202308280200_-4.24215_55.86349_3
Running simulation ID:   202308280200_-4.247_55.861_3
Running simulation ID:   202308280300_-4.247_55.861_3
Running simulation ID:   202308280300_-4.24215_55.86349_3
Running simulation ID:   202308280400_-4.24215_55.86349_3
Running simulation ID:   202308280400_-4.247_55.861_3
Running simulation ID:   202308280500_-4.24215_55.86349_3
Running simulation ID:   202308280500_-4.247_55.861_3
Running simulation ID:   202308280600_-4.24215_55.86349_3
Running simulation ID:   202308280600_-4.247_55.861_3
Running simulation ID:   202308280700_-4.247_55.861_3
Running simulation ID:   202308280700_-4.24215_55.86349_3
Running simulation ID:   202308280800_-4.24215_55.86349_3
Running simulation ID:   202308280800_-4.247_55.861_3
Running simulation ID:   202308280900_-4.247_55.861_3
Running simulation ID:   202308280900_-4.24215_55.86349_3
Running simulation ID:   202308281000_-4.247_55.861_3
Running simulation ID:   202308281000_-4.24215_55.86349_3
Running simulation ID:   202308281100_-4.24215_55.86349_3
Running simulation ID:   202308281100_-4.247_55.861_3
Running simulation ID:   202308281200_-4.24215_55.86349_3
Running simulation ID:   202308281200_-4.247_55.861_3
Running simulation ID:   202308281300_-4.247_55.861_3
Running simulation ID:   202308281300_-4.24215_55.86349_3
Running simulation ID:   202308281400_-4.24215_55.86349_3
Running simulation ID:   202308281400_-4.247_55.861_3
Running simulation ID:   202308281500_-4.247_55.861_3
Running simulation ID:   202308281500_-4.24215_55.86349_3
Running simulation ID:   202308281600_-4.247_55.861_3
Running simulation ID:   202308281600_-4.24215_55.86349_3
Running simulation ID:   202308281700_-4.247_55.861_3
Running simulation ID:   202308281700_-4.24215_55.86349_3
Running simulation ID:   202308281800_-4.247_55.861_3
Running simulation ID:   202308281800_-4.24215_55.86349_3
Running simulation ID:   202308281900_-4.247_55.861_3
Running simulation ID:   202308281900_-4.24215_55.86349_3
Running simulation ID:   202308282000_-4.247_55.861_3
Running simulation ID:   202308282000_-4.24215_55.86349_3
Running simulation ID:   202308282100_-4.24215_55.86349_3
Running simulation ID:   202308282100_-4.247_55.861_3
Running simulation ID:   202308282200_-4.24215_55.86349_3
Running simulation ID:   202308282200_-4.247_55.861_3
Running simulation ID:   202308282300_-4.247_55.861_3
Running simulation ID:   202308282300_-4.24215_55.86349_3
Running simulation ID:   202308290000_-4.24215_55.86349_3
Running simulation ID:   202308290000_-4.247_55.861_3
Running simulation ID:   202308290100_-4.247_55.861_3
Running simulation ID:   202308290100_-4.24215_55.86349_3
Running simulation ID:   202308290200_-4.247_55.861_3
Running simulation ID:   202308290200_-4.24215_55.86349_3
Running simulation ID:   202308290300_-4.247_55.861_3
Running simulation ID:   202308290300_-4.24215_55.86349_3
Running simulation ID:   202308290400_-4.247_55.861_3
Running simulation ID:   202308290400_-4.24215_55.86349_3
Running simulation ID:   202308290500_-4.247_55.861_3
Running simulation ID:   202308290500_-4.24215_55.86349_3
Running simulation ID:   202308290600_-4.24215_55.86349_3
Running simulation ID:   202308290600_-4.247_55.861_3
Running simulation ID:   202308290700_-4.247_55.861_3
Running simulation ID:   202308290700_-4.24215_55.86349_3
Running simulation ID:   202308290800_-4.24215_55.86349_3
Running simulation ID:   202308290800_-4.247_55.861_3
Running simulation ID:   202308290900_-4.24215_55.86349_3
Running simulation ID:   202308290900_-4.247_55.861_3
Running simulation ID:   202308291000_-4.24215_55.86349_3
Running simulation ID:   202308291000_-4.247_55.861_3
Running simulation ID:   202308291100_-4.247_55.861_3
Running simulation ID:   202308291100_-4.24215_55.86349_3
Running simulation ID:   202308291200_-4.247_55.861_3
Running simulation ID:   202308291200_-4.24215_55.86349_3
Running simulation ID:   202308291300_-4.247_55.861_3
Running simulation ID:   202308291300_-4.24215_55.86349_3
Running simulation ID:   202308291400_-4.24215_55.86349_3
Running simulation ID:   202308291400_-4.247_55.861_3
Running simulation ID:   202308291500_-4.24215_55.86349_3
Running simulation ID:   202308291500_-4.247_55.861_3
Running simulation ID:   202308291600_-4.247_55.861_3
Running simulation ID:   202308291600_-4.24215_55.86349_3
Running simulation ID:   202308291700_-4.24215_55.86349_3
Running simulation ID:   202308291700_-4.247_55.861_3
Running simulation ID:   202308291800_-4.247_55.861_3
Running simulation ID:   202308291800_-4.24215_55.86349_3
Running simulation ID:   202308291900_-4.247_55.861_3
Running simulation ID:   202308291900_-4.24215_55.86349_3
Running simulation ID:   202308292000_-4.247_55.861_3
Running simulation ID:   202308292000_-4.24215_55.86349_3
Running simulation ID:   202308292100_-4.247_55.861_3
Running simulation ID:   202308292100_-4.24215_55.86349_3
Running simulation ID:   202308292200_-4.24215_55.86349_3
Running simulation ID:   202308292200_-4.247_55.861_3
Running simulation ID:   202308292300_-4.24215_55.86349_3
Running simulation ID:   202308292300_-4.247_55.861_3
Running simulation ID:   202308300000_-4.247_55.861_3
Running simulation ID:   202308300000_-4.24215_55.86349_3
Running simulation ID:   202308300100_-4.24215_55.86349_3
Running simulation ID:   202308300100_-4.247_55.861_3
Running simulation ID:   202308300200_-4.247_55.861_3
Running simulation ID:   202308300200_-4.24215_55.86349_3
Running simulation ID:   202308300300_-4.247_55.861_3
Running simulation ID:   202308300300_-4.24215_55.86349_3
Running simulation ID:   202308300400_-4.247_55.861_3
Running simulation ID:   202308300400_-4.24215_55.86349_3
Running simulation ID:   202308300500_-4.24215_55.86349_3
Running simulation ID:   202308300500_-4.247_55.861_3
Running simulation ID:   202308300600_-4.24215_55.86349_3
Running simulation ID:   202308300600_-4.247_55.861_3
Running simulation ID:   202308300700_-4.24215_55.86349_3
Running simulation ID:   202308300700_-4.247_55.861_3
Running simulation ID:   202308300800_-4.247_55.861_3
Running simulation ID:   202308300800_-4.24215_55.86349_3
Running simulation ID:   202308300900_-4.247_55.861_3
Running simulation ID:   202308300900_-4.24215_55.86349_3
Running simulation ID:   202308301000_-4.24215_55.86349_3
Running simulation ID:   202308301000_-4.247_55.861_3
Running simulation ID:   202308301100_-4.247_55.861_3
Running simulation ID:   202308301100_-4.24215_55.86349_3
Running simulation ID:   202308301200_-4.247_55.861_3
Running simulation ID:   202308301200_-4.24215_55.86349_3
Running simulation ID:   202308301300_-4.247_55.861_3
Running simulation ID:   202308301300_-4.24215_55.86349_3
Running simulation ID:   202308301400_-4.24215_55.86349_3
Running simulation ID:   202308301400_-4.247_55.861_3
Running simulation ID:   202308301500_-4.247_55.861_3
Running simulation ID:   202308301500_-4.24215_55.86349_3
Running simulation ID:   202308301600_-4.24215_55.86349_3
Running simulation ID:   202308301600_-4.247_55.861_3
Running simulation ID:   202308301700_-4.24215_55.86349_3
Running simulation ID:   202308301700_-4.247_55.861_3
Running simulation ID:   202308301800_-4.24215_55.86349_3
Running simulation ID:   202308301800_-4.247_55.861_3
Running simulation ID:   202308301900_-4.247_55.861_3
Running simulation ID:   202308301900_-4.24215_55.86349_3
Running simulation ID:   202308302000_-4.247_55.861_3
Running simulation ID:   202308302000_-4.24215_55.86349_3
Running simulation ID:   202308302100_-4.247_55.861_3
Running simulation ID:   202308302100_-4.24215_55.86349_3
Running simulation ID:   202308302200_-4.24215_55.86349_3
Running simulation ID:   202308302200_-4.247_55.861_3
Running simulation ID:   202308302300_-4.247_55.861_3
Running simulation ID:   202308302300_-4.24215_55.86349_3
Running simulation ID:   202308310000_-4.24215_55.86349_3
Error in if (should_interpolate) { : 
  missing value where TRUE/FALSE needed
Running simulation ID:   202308310000_-4.247_55.861_3
Error in if (should_interpolate) { : 
  missing value where TRUE/FALSE needed
Running simulation ID:   202308310100_-4.247_55.861_3
Error in if (should_interpolate) { : 
  missing value where TRUE/FALSE needed
Running simulation ID:   202308310100_-4.24215_55.86349_3
Error in if (should_interpolate) { : 
  missing value where TRUE/FALSE needed
Running simulation ID:   202308310200_-4.24215_55.86349_3
Error in if (should_interpolate) { : 
  missing value where TRUE/FALSE needed
Running simulation ID:   202308310200_-4.247_55.861_3
Error in if (should_interpolate) { : 
  missing value where TRUE/FALSE needed
Running simulation ID:   202308310300_-4.247_55.861_3
Running simulation ID:   202308310300_-4.24215_55.86349_3
Running simulation ID:   202308310400_-4.24215_55.86349_3
Running simulation ID:   202308310400_-4.247_55.861_3
Running simulation ID:   202308310500_-4.24215_55.86349_3
Running simulation ID:   202308310500_-4.247_55.861_3
Running simulation ID:   202308310600_-4.24215_55.86349_3
Running simulation ID:   202308310600_-4.247_55.861_3
Running simulation ID:   202308310700_-4.247_55.861_3
Running simulation ID:   202308310700_-4.24215_55.86349_3
Running simulation ID:   202308310800_-4.24215_55.86349_3
Running simulation ID:   202308310800_-4.247_55.861_3
Running simulation ID:   202308310900_-4.24215_55.86349_3
Running simulation ID:   202308310900_-4.247_55.861_3
Running simulation ID:   202308311000_-4.24215_55.86349_3
Running simulation ID:   202308311000_-4.247_55.861_3
Running simulation ID:   202308311100_-4.247_55.861_3
Running simulation ID:   202308311100_-4.24215_55.86349_3
Running simulation ID:   202308311200_-4.24215_55.86349_3
Running simulation ID:   202308311200_-4.247_55.861_3
Running simulation ID:   202308311300_-4.24215_55.86349_3
Running simulation ID:   202308311300_-4.247_55.861_3
Running simulation ID:   202308311400_-4.24215_55.86349_3
Running simulation ID:   202308311400_-4.247_55.861_3
Running simulation ID:   202308311500_-4.24215_55.86349_3
Running simulation ID:   202308311500_-4.247_55.861_3
Running simulation ID:   202308311600_-4.24215_55.86349_3
Running simulation ID:   202308311600_-4.247_55.861_3
Running simulation ID:   202308311700_-4.24215_55.86349_3
Running simulation ID:   202308311700_-4.247_55.861_3
Running simulation ID:   202308311800_-4.24215_55.86349_3
Running simulation ID:   202308311800_-4.247_55.861_3
Running simulation ID:   202308311900_-4.247_55.861_3
Running simulation ID:   202308311900_-4.24215_55.86349_3
Running simulation ID:   202308312000_-4.24215_55.86349_3
Running simulation ID:   202308312000_-4.247_55.861_3
Running simulation ID:   202308312100_-4.24215_55.86349_3
Running simulation ID:   202308312100_-4.247_55.861_3
Running simulation ID:   202308312200_-4.24215_55.86349_3
Running simulation ID:   202308312200_-4.247_55.861_3
Running simulation ID:   202308312300_-4.24215_55.86349_3
Running simulation ID:   202308312300_-4.247_55.861_3
Running simulation ID:   202309010000_-4.247_55.861_3
Running simulation ID:   202309010000_-4.24215_55.86349_3
