/var/spool/slurm/job00945/slurm_script: line 13: cd: /media/hdd2/skodoli/STILTR/myproject/r: No such file or directory
Initializing STILT
Commit ID: fc4daceee2f608650040688213fdb53554d37b62
Number of receptors: 97
Number of parallel workers: 1
Parallelization disabled. Executing simulations sequentially...
Running simulation ID:   202204201400_-4.44_55.93_20
Running simulation ID:   202204201500_-4.44_55.93_20
Running simulation ID:   202204201600_-4.44_55.93_20
Running simulation ID:   202204201700_-4.44_55.93_20
Running simulation ID:   202204201800_-4.44_55.93_20
Running simulation ID:   202204201900_-4.44_55.93_20
Running simulation ID:   202204202000_-4.44_55.93_20
Running simulation ID:   202204202100_-4.44_55.93_20
Running simulation ID:   202204202200_-4.44_55.93_20
Running simulation ID:   202204202300_-4.44_55.93_20
Running simulation ID:   202204210000_-4.44_55.93_20
Running simulation ID:   202204210100_-4.44_55.93_20
Running simulation ID:   202204210200_-4.44_55.93_20
Running simulation ID:   202204210300_-4.44_55.93_20
Running simulation ID:   202204210400_-4.44_55.93_20
Running simulation ID:   202204210500_-4.44_55.93_20
Running simulation ID:   202204210600_-4.44_55.93_20
Running simulation ID:   202204210700_-4.44_55.93_20
Running simulation ID:   202204210800_-4.44_55.93_20
Running simulation ID:   202204210900_-4.44_55.93_20
Running simulation ID:   202204211000_-4.44_55.93_20
Running simulation ID:   202204211100_-4.44_55.93_20
Running simulation ID:   202204211200_-4.44_55.93_20
Running simulation ID:   202204211300_-4.44_55.93_20
Running simulation ID:   202204211400_-4.44_55.93_20
Running simulation ID:   202204211500_-4.44_55.93_20
Running simulation ID:   202204211600_-4.44_55.93_20
Running simulation ID:   202204211700_-4.44_55.93_20
Running simulation ID:   202204211800_-4.44_55.93_20
Running simulation ID:   202204211900_-4.44_55.93_20
Running simulation ID:   202204212000_-4.44_55.93_20
Running simulation ID:   202204212100_-4.44_55.93_20
Running simulation ID:   202204212200_-4.44_55.93_20
Running simulation ID:   202204212300_-4.44_55.93_20
Running simulation ID:   202204220000_-4.44_55.93_20
Running simulation ID:   202204220100_-4.44_55.93_20
Running simulation ID:   202204220200_-4.44_55.93_20
Running simulation ID:   202204220300_-4.44_55.93_20
Running simulation ID:   202204220400_-4.44_55.93_20
Running simulation ID:   202204220500_-4.44_55.93_20
Running simulation ID:   202204220600_-4.44_55.93_20
Running simulation ID:   202204220700_-4.44_55.93_20
Running simulation ID:   202204220800_-4.44_55.93_20
Running simulation ID:   202204220900_-4.44_55.93_20
Running simulation ID:   202204221000_-4.44_55.93_20
Running simulation ID:   202204221100_-4.44_55.93_20
Running simulation ID:   202204221200_-4.44_55.93_20
Running simulation ID:   202204221300_-4.44_55.93_20
Running simulation ID:   202204221400_-4.44_55.93_20
Running simulation ID:   202204221500_-4.44_55.93_20
Running simulation ID:   202204221600_-4.44_55.93_20
Running simulation ID:   202204221700_-4.44_55.93_20
Running simulation ID:   202204221800_-4.44_55.93_20
Running simulation ID:   202204221900_-4.44_55.93_20
Running simulation ID:   202204222000_-4.44_55.93_20
Running simulation ID:   202204222100_-4.44_55.93_20
Running simulation ID:   202204222200_-4.44_55.93_20
Running simulation ID:   202204222300_-4.44_55.93_20
Running simulation ID:   202204230000_-4.44_55.93_20
Running simulation ID:   202204230100_-4.44_55.93_20
Running simulation ID:   202204230200_-4.44_55.93_20
Running simulation ID:   202204230300_-4.44_55.93_20
Running simulation ID:   202204230400_-4.44_55.93_20
Running simulation ID:   202204230500_-4.44_55.93_20
Running simulation ID:   202204230600_-4.44_55.93_20
Running simulation ID:   202204230700_-4.44_55.93_20
Running simulation ID:   202204230800_-4.44_55.93_20
Running simulation ID:   202204230900_-4.44_55.93_20
Running simulation ID:   202204231000_-4.44_55.93_20
Running simulation ID:   202204231100_-4.44_55.93_20
Running simulation ID:   202204231200_-4.44_55.93_20
Running simulation ID:   202204231300_-4.44_55.93_20
Running simulation ID:   202204231400_-4.44_55.93_20
Running simulation ID:   202204231500_-4.44_55.93_20
Running simulation ID:   202204231600_-4.44_55.93_20
Running simulation ID:   202204231700_-4.44_55.93_20
Running simulation ID:   202204231800_-4.44_55.93_20
Running simulation ID:   202204231900_-4.44_55.93_20
Running simulation ID:   202204232000_-4.44_55.93_20
Running simulation ID:   202204232100_-4.44_55.93_20
Running simulation ID:   202204232200_-4.44_55.93_20
Running simulation ID:   202204232300_-4.44_55.93_20
Running simulation ID:   202204240000_-4.44_55.93_20
Running simulation ID:   202204240100_-4.44_55.93_20
Running simulation ID:   202204240200_-4.44_55.93_20
Running simulation ID:   202204240300_-4.44_55.93_20
Running simulation ID:   202204240400_-4.44_55.93_20
Running simulation ID:   202204240500_-4.44_55.93_20
Running simulation ID:   202204240600_-4.44_55.93_20
Running simulation ID:   202204240700_-4.44_55.93_20
Running simulation ID:   202204240800_-4.44_55.93_20
Running simulation ID:   202204240900_-4.44_55.93_20
Running simulation ID:   202204241000_-4.44_55.93_20
Running simulation ID:   202204241100_-4.44_55.93_20
Running simulation ID:   202204241200_-4.44_55.93_20
Running simulation ID:   202204241300_-4.44_55.93_20
Running simulation ID:   202204241400_-4.44_55.93_20
