Loading required package: pracma
Initializing STILT
Commit ID: fc4daceee2f608650040688213fdb53554d37b62
Number of receptors: 1488
Number of parallel workers: 1
Parallelization disabled. Executing simulations sequentially...
Running simulation ID:   202208010000_-4.247_55.861_3
Running simulation ID:   202208010000_-4.24215_55.86349_3
Running simulation ID:   202208010100_-4.24215_55.86349_3
Error in if (should_interpolate) { : 
  missing value where TRUE/FALSE needed
In addition: Warning messages:
1: In calc_trajectory(namelist, rundir, emisshrs, hnf_plume, met_files,  :
  /mnt/data2/skodoli/myproject_LPDM//out/by-id/202208010000_-4.247_55.861_3/PARTICLE_STILT.DAT does not contain any trajectory data.
2: In calc_trajectory(namelist, rundir, emisshrs, hnf_plume, met_files,  :
  /mnt/data2/skodoli/myproject_LPDM//out/by-id/202208010000_-4.24215_55.86349_3/PARTICLE_STILT.DAT does not contain any trajectory data.
Running simulation ID:   202208010100_-4.247_55.861_3
Error in if (should_interpolate) { : 
  missing value where TRUE/FALSE needed
Running simulation ID:   202208010200_-4.24215_55.86349_3
Error in if (should_interpolate) { : 
  missing value where TRUE/FALSE needed
Running simulation ID:   202208010200_-4.247_55.861_3
Error in if (should_interpolate) { : 
  missing value where TRUE/FALSE needed
Running simulation ID:   202208010300_-4.24215_55.86349_3
Running simulation ID:   202208010300_-4.247_55.861_3
Running simulation ID:   202208010400_-4.24215_55.86349_3
Running simulation ID:   202208010400_-4.247_55.861_3
Running simulation ID:   202208010500_-4.24215_55.86349_3
Running simulation ID:   202208010500_-4.247_55.861_3
Running simulation ID:   202208010600_-4.24215_55.86349_3
Running simulation ID:   202208010600_-4.247_55.861_3
Running simulation ID:   202208010700_-4.24215_55.86349_3
Running simulation ID:   202208010700_-4.247_55.861_3
Running simulation ID:   202208010800_-4.24215_55.86349_3
Running simulation ID:   202208010800_-4.247_55.861_3
Running simulation ID:   202208010900_-4.24215_55.86349_3
Running simulation ID:   202208010900_-4.247_55.861_3
Running simulation ID:   202208011000_-4.24215_55.86349_3
Running simulation ID:   202208011000_-4.247_55.861_3
Running simulation ID:   202208011100_-4.24215_55.86349_3
Running simulation ID:   202208011100_-4.247_55.861_3
Running simulation ID:   202208011200_-4.24215_55.86349_3
Running simulation ID:   202208011200_-4.247_55.861_3
Running simulation ID:   202208011300_-4.24215_55.86349_3
Running simulation ID:   202208011300_-4.247_55.861_3
Running simulation ID:   202208011400_-4.24215_55.86349_3
Running simulation ID:   202208011400_-4.247_55.861_3
Running simulation ID:   202208011500_-4.24215_55.86349_3
Running simulation ID:   202208011500_-4.247_55.861_3
Running simulation ID:   202208011600_-4.247_55.861_3
Running simulation ID:   202208011600_-4.24215_55.86349_3
Running simulation ID:   202208011700_-4.24215_55.86349_3
Running simulation ID:   202208011700_-4.247_55.861_3
Running simulation ID:   202208011800_-4.247_55.861_3
Running simulation ID:   202208011800_-4.24215_55.86349_3
Running simulation ID:   202208011900_-4.247_55.861_3
Running simulation ID:   202208011900_-4.24215_55.86349_3
Running simulation ID:   202208012000_-4.247_55.861_3
Running simulation ID:   202208012000_-4.24215_55.86349_3
Running simulation ID:   202208012100_-4.247_55.861_3
Running simulation ID:   202208012100_-4.24215_55.86349_3
Running simulation ID:   202208012200_-4.24215_55.86349_3
Running simulation ID:   202208012200_-4.247_55.861_3
Running simulation ID:   202208012300_-4.247_55.861_3
Running simulation ID:   202208012300_-4.24215_55.86349_3
Running simulation ID:   202208020000_-4.247_55.861_3
Running simulation ID:   202208020000_-4.24215_55.86349_3
Running simulation ID:   202208020100_-4.247_55.861_3
Running simulation ID:   202208020100_-4.24215_55.86349_3
Running simulation ID:   202208020200_-4.24215_55.86349_3
Running simulation ID:   202208020200_-4.247_55.861_3
Running simulation ID:   202208020300_-4.247_55.861_3
Running simulation ID:   202208020300_-4.24215_55.86349_3
Running simulation ID:   202208020400_-4.247_55.861_3
Running simulation ID:   202208020400_-4.24215_55.86349_3
Running simulation ID:   202208020500_-4.247_55.861_3
Running simulation ID:   202208020500_-4.24215_55.86349_3
Running simulation ID:   202208020600_-4.24215_55.86349_3
Running simulation ID:   202208020600_-4.247_55.861_3
Running simulation ID:   202208020700_-4.24215_55.86349_3
Running simulation ID:   202208020700_-4.247_55.861_3
Running simulation ID:   202208020800_-4.247_55.861_3
Running simulation ID:   202208020800_-4.24215_55.86349_3
Running simulation ID:   202208020900_-4.24215_55.86349_3
Running simulation ID:   202208020900_-4.247_55.861_3
Running simulation ID:   202208021000_-4.247_55.861_3
Running simulation ID:   202208021000_-4.24215_55.86349_3
Running simulation ID:   202208021100_-4.247_55.861_3
Running simulation ID:   202208021100_-4.24215_55.86349_3
Running simulation ID:   202208021200_-4.247_55.861_3
Running simulation ID:   202208021200_-4.24215_55.86349_3
Running simulation ID:   202208021300_-4.247_55.861_3
Running simulation ID:   202208021300_-4.24215_55.86349_3
Running simulation ID:   202208021400_-4.247_55.861_3
Running simulation ID:   202208021400_-4.24215_55.86349_3
Running simulation ID:   202208021500_-4.24215_55.86349_3
Running simulation ID:   202208021500_-4.247_55.861_3
Running simulation ID:   202208021600_-4.247_55.861_3
Running simulation ID:   202208021600_-4.24215_55.86349_3
Running simulation ID:   202208021700_-4.24215_55.86349_3
Running simulation ID:   202208021700_-4.247_55.861_3
Running simulation ID:   202208021800_-4.24215_55.86349_3
Running simulation ID:   202208021800_-4.247_55.861_3
Running simulation ID:   202208021900_-4.24215_55.86349_3
Running simulation ID:   202208021900_-4.247_55.861_3
Running simulation ID:   202208022000_-4.24215_55.86349_3
Running simulation ID:   202208022000_-4.247_55.861_3
Running simulation ID:   202208022100_-4.247_55.861_3
Running simulation ID:   202208022100_-4.24215_55.86349_3
Running simulation ID:   202208022200_-4.24215_55.86349_3
Running simulation ID:   202208022200_-4.247_55.861_3
Running simulation ID:   202208022300_-4.247_55.861_3
Running simulation ID:   202208022300_-4.24215_55.86349_3
Running simulation ID:   202208030000_-4.24215_55.86349_3
Running simulation ID:   202208030000_-4.247_55.861_3
Running simulation ID:   202208030100_-4.24215_55.86349_3
Running simulation ID:   202208030100_-4.247_55.861_3
Running simulation ID:   202208030200_-4.247_55.861_3
Running simulation ID:   202208030200_-4.24215_55.86349_3
Running simulation ID:   202208030300_-4.247_55.861_3
Running simulation ID:   202208030300_-4.24215_55.86349_3
Running simulation ID:   202208030400_-4.247_55.861_3
Running simulation ID:   202208030400_-4.24215_55.86349_3
Running simulation ID:   202208030500_-4.24215_55.86349_3
Running simulation ID:   202208030500_-4.247_55.861_3
Running simulation ID:   202208030600_-4.24215_55.86349_3
Running simulation ID:   202208030600_-4.247_55.861_3
Running simulation ID:   202208030700_-4.247_55.861_3
Running simulation ID:   202208030700_-4.24215_55.86349_3
Running simulation ID:   202208030800_-4.24215_55.86349_3
Running simulation ID:   202208030800_-4.247_55.861_3
Running simulation ID:   202208030900_-4.247_55.861_3
Running simulation ID:   202208030900_-4.24215_55.86349_3
Running simulation ID:   202208031000_-4.247_55.861_3
Running simulation ID:   202208031000_-4.24215_55.86349_3
Running simulation ID:   202208031100_-4.247_55.861_3
Running simulation ID:   202208031100_-4.24215_55.86349_3
Running simulation ID:   202208031200_-4.247_55.861_3
Running simulation ID:   202208031200_-4.24215_55.86349_3
Running simulation ID:   202208031300_-4.247_55.861_3
Running simulation ID:   202208031300_-4.24215_55.86349_3
Running simulation ID:   202208031400_-4.24215_55.86349_3
Running simulation ID:   202208031400_-4.247_55.861_3
Running simulation ID:   202208031500_-4.24215_55.86349_3
Running simulation ID:   202208031500_-4.247_55.861_3
Running simulation ID:   202208031600_-4.247_55.861_3
Running simulation ID:   202208031600_-4.24215_55.86349_3
Running simulation ID:   202208031700_-4.24215_55.86349_3
Running simulation ID:   202208031700_-4.247_55.861_3
Running simulation ID:   202208031800_-4.247_55.861_3
Running simulation ID:   202208031800_-4.24215_55.86349_3
Running simulation ID:   202208031900_-4.247_55.861_3
Running simulation ID:   202208031900_-4.24215_55.86349_3
Running simulation ID:   202208032000_-4.247_55.861_3
Running simulation ID:   202208032000_-4.24215_55.86349_3
Running simulation ID:   202208032100_-4.247_55.861_3
Running simulation ID:   202208032100_-4.24215_55.86349_3
Running simulation ID:   202208032200_-4.247_55.861_3
Running simulation ID:   202208032200_-4.24215_55.86349_3
Running simulation ID:   202208032300_-4.247_55.861_3
Running simulation ID:   202208032300_-4.24215_55.86349_3
Running simulation ID:   202208040000_-4.247_55.861_3
Running simulation ID:   202208040000_-4.24215_55.86349_3
Running simulation ID:   202208040100_-4.247_55.861_3
Running simulation ID:   202208040100_-4.24215_55.86349_3
Running simulation ID:   202208040200_-4.24215_55.86349_3
Running simulation ID:   202208040200_-4.247_55.861_3
Running simulation ID:   202208040300_-4.24215_55.86349_3
Running simulation ID:   202208040300_-4.247_55.861_3
Running simulation ID:   202208040400_-4.24215_55.86349_3
Running simulation ID:   202208040400_-4.247_55.861_3
Running simulation ID:   202208040500_-4.247_55.861_3
Running simulation ID:   202208040500_-4.24215_55.86349_3
Running simulation ID:   202208040600_-4.247_55.861_3
Running simulation ID:   202208040600_-4.24215_55.86349_3
Running simulation ID:   202208040700_-4.247_55.861_3
Running simulation ID:   202208040700_-4.24215_55.86349_3
Running simulation ID:   202208040800_-4.24215_55.86349_3
Running simulation ID:   202208040800_-4.247_55.861_3
Running simulation ID:   202208040900_-4.24215_55.86349_3
Running simulation ID:   202208040900_-4.247_55.861_3
Running simulation ID:   202208041000_-4.247_55.861_3
Running simulation ID:   202208041000_-4.24215_55.86349_3
Running simulation ID:   202208041100_-4.24215_55.86349_3
Running simulation ID:   202208041100_-4.247_55.861_3
Running simulation ID:   202208041200_-4.247_55.861_3
Running simulation ID:   202208041200_-4.24215_55.86349_3
Running simulation ID:   202208041300_-4.247_55.861_3
Running simulation ID:   202208041300_-4.24215_55.86349_3
Running simulation ID:   202208041400_-4.24215_55.86349_3
Running simulation ID:   202208041400_-4.247_55.861_3
Running simulation ID:   202208041500_-4.24215_55.86349_3
Running simulation ID:   202208041500_-4.247_55.861_3
Running simulation ID:   202208041600_-4.247_55.861_3
Running simulation ID:   202208041600_-4.24215_55.86349_3
Running simulation ID:   202208041700_-4.24215_55.86349_3
Running simulation ID:   202208041700_-4.247_55.861_3
Running simulation ID:   202208041800_-4.247_55.861_3
Running simulation ID:   202208041800_-4.24215_55.86349_3
Running simulation ID:   202208041900_-4.24215_55.86349_3
Running simulation ID:   202208041900_-4.247_55.861_3
Running simulation ID:   202208042000_-4.247_55.861_3
Running simulation ID:   202208042000_-4.24215_55.86349_3
Running simulation ID:   202208042100_-4.247_55.861_3
Running simulation ID:   202208042100_-4.24215_55.86349_3
Running simulation ID:   202208042200_-4.24215_55.86349_3
Running simulation ID:   202208042200_-4.247_55.861_3
Running simulation ID:   202208042300_-4.24215_55.86349_3
Running simulation ID:   202208042300_-4.247_55.861_3
Running simulation ID:   202208050000_-4.247_55.861_3
Running simulation ID:   202208050000_-4.24215_55.86349_3
Running simulation ID:   202208050100_-4.247_55.861_3
Running simulation ID:   202208050100_-4.24215_55.86349_3
Running simulation ID:   202208050200_-4.247_55.861_3
Running simulation ID:   202208050200_-4.24215_55.86349_3
Running simulation ID:   202208050300_-4.24215_55.86349_3
Running simulation ID:   202208050300_-4.247_55.861_3
Running simulation ID:   202208050400_-4.247_55.861_3
Running simulation ID:   202208050400_-4.24215_55.86349_3
Running simulation ID:   202208050500_-4.247_55.861_3
Running simulation ID:   202208050500_-4.24215_55.86349_3
Running simulation ID:   202208050600_-4.24215_55.86349_3
Running simulation ID:   202208050600_-4.247_55.861_3
Running simulation ID:   202208050700_-4.24215_55.86349_3
Running simulation ID:   202208050700_-4.247_55.861_3
Running simulation ID:   202208050800_-4.24215_55.86349_3
Running simulation ID:   202208050800_-4.247_55.861_3
Running simulation ID:   202208050900_-4.24215_55.86349_3
Running simulation ID:   202208050900_-4.247_55.861_3
Running simulation ID:   202208051000_-4.247_55.861_3
Running simulation ID:   202208051000_-4.24215_55.86349_3
Running simulation ID:   202208051100_-4.247_55.861_3
Running simulation ID:   202208051100_-4.24215_55.86349_3
Running simulation ID:   202208051200_-4.247_55.861_3
Running simulation ID:   202208051200_-4.24215_55.86349_3
Running simulation ID:   202208051300_-4.24215_55.86349_3
Running simulation ID:   202208051300_-4.247_55.861_3
Running simulation ID:   202208051400_-4.247_55.861_3
Running simulation ID:   202208051400_-4.24215_55.86349_3
Running simulation ID:   202208051500_-4.24215_55.86349_3
Running simulation ID:   202208051500_-4.247_55.861_3
Running simulation ID:   202208051600_-4.247_55.861_3
Running simulation ID:   202208051600_-4.24215_55.86349_3
Running simulation ID:   202208051700_-4.24215_55.86349_3
Running simulation ID:   202208051700_-4.247_55.861_3
Running simulation ID:   202208051800_-4.247_55.861_3
Running simulation ID:   202208051800_-4.24215_55.86349_3
Running simulation ID:   202208051900_-4.247_55.861_3
Running simulation ID:   202208051900_-4.24215_55.86349_3
Running simulation ID:   202208052000_-4.247_55.861_3
Running simulation ID:   202208052000_-4.24215_55.86349_3
Running simulation ID:   202208052100_-4.24215_55.86349_3
Running simulation ID:   202208052100_-4.247_55.861_3
Running simulation ID:   202208052200_-4.24215_55.86349_3
Running simulation ID:   202208052200_-4.247_55.861_3
Running simulation ID:   202208052300_-4.247_55.861_3
Running simulation ID:   202208052300_-4.24215_55.86349_3
Running simulation ID:   202208060000_-4.24215_55.86349_3
Running simulation ID:   202208060000_-4.247_55.861_3
Running simulation ID:   202208060100_-4.247_55.861_3
Running simulation ID:   202208060100_-4.24215_55.86349_3
Running simulation ID:   202208060200_-4.247_55.861_3
Running simulation ID:   202208060200_-4.24215_55.86349_3
Running simulation ID:   202208060300_-4.247_55.861_3
Running simulation ID:   202208060300_-4.24215_55.86349_3
Running simulation ID:   202208060400_-4.247_55.861_3
Running simulation ID:   202208060400_-4.24215_55.86349_3
Running simulation ID:   202208060500_-4.247_55.861_3
Running simulation ID:   202208060500_-4.24215_55.86349_3
Running simulation ID:   202208060600_-4.24215_55.86349_3
Running simulation ID:   202208060600_-4.247_55.861_3
Running simulation ID:   202208060700_-4.24215_55.86349_3
Running simulation ID:   202208060700_-4.247_55.861_3
Running simulation ID:   202208060800_-4.247_55.861_3
Running simulation ID:   202208060800_-4.24215_55.86349_3
Running simulation ID:   202208060900_-4.247_55.861_3
Running simulation ID:   202208060900_-4.24215_55.86349_3
Running simulation ID:   202208061000_-4.24215_55.86349_3
Running simulation ID:   202208061000_-4.247_55.861_3
Running simulation ID:   202208061100_-4.24215_55.86349_3
Running simulation ID:   202208061100_-4.247_55.861_3
Running simulation ID:   202208061200_-4.247_55.861_3
Running simulation ID:   202208061200_-4.24215_55.86349_3
Running simulation ID:   202208061300_-4.247_55.861_3
Running simulation ID:   202208061300_-4.24215_55.86349_3
Running simulation ID:   202208061400_-4.247_55.861_3
Running simulation ID:   202208061400_-4.24215_55.86349_3
Running simulation ID:   202208061500_-4.247_55.861_3
Running simulation ID:   202208061500_-4.24215_55.86349_3
Running simulation ID:   202208061600_-4.247_55.861_3
Running simulation ID:   202208061600_-4.24215_55.86349_3
Running simulation ID:   202208061700_-4.24215_55.86349_3
Running simulation ID:   202208061700_-4.247_55.861_3
Running simulation ID:   202208061800_-4.247_55.861_3
Running simulation ID:   202208061800_-4.24215_55.86349_3
Running simulation ID:   202208061900_-4.247_55.861_3
Running simulation ID:   202208061900_-4.24215_55.86349_3
Running simulation ID:   202208062000_-4.247_55.861_3
Running simulation ID:   202208062000_-4.24215_55.86349_3
Running simulation ID:   202208062100_-4.24215_55.86349_3
Running simulation ID:   202208062100_-4.247_55.861_3
Running simulation ID:   202208062200_-4.247_55.861_3
Running simulation ID:   202208062200_-4.24215_55.86349_3
Running simulation ID:   202208062300_-4.247_55.861_3
Running simulation ID:   202208062300_-4.24215_55.86349_3
Running simulation ID:   202208070000_-4.24215_55.86349_3
Running simulation ID:   202208070000_-4.247_55.861_3
Running simulation ID:   202208070100_-4.24215_55.86349_3
Running simulation ID:   202208070100_-4.247_55.861_3
Running simulation ID:   202208070200_-4.24215_55.86349_3
Running simulation ID:   202208070200_-4.247_55.861_3
Running simulation ID:   202208070300_-4.247_55.861_3
Running simulation ID:   202208070300_-4.24215_55.86349_3
Running simulation ID:   202208070400_-4.247_55.861_3
Running simulation ID:   202208070400_-4.24215_55.86349_3
Running simulation ID:   202208070500_-4.247_55.861_3
Running simulation ID:   202208070500_-4.24215_55.86349_3
Running simulation ID:   202208070600_-4.247_55.861_3
Running simulation ID:   202208070600_-4.24215_55.86349_3
Running simulation ID:   202208070700_-4.247_55.861_3
Running simulation ID:   202208070700_-4.24215_55.86349_3
Running simulation ID:   202208070800_-4.24215_55.86349_3
Running simulation ID:   202208070800_-4.247_55.861_3
Running simulation ID:   202208070900_-4.247_55.861_3
Running simulation ID:   202208070900_-4.24215_55.86349_3
Running simulation ID:   202208071000_-4.24215_55.86349_3
Running simulation ID:   202208071000_-4.247_55.861_3
Running simulation ID:   202208071100_-4.24215_55.86349_3
Running simulation ID:   202208071100_-4.247_55.861_3
Running simulation ID:   202208071200_-4.247_55.861_3
Running simulation ID:   202208071200_-4.24215_55.86349_3
Running simulation ID:   202208071300_-4.247_55.861_3
Running simulation ID:   202208071300_-4.24215_55.86349_3
Running simulation ID:   202208071400_-4.24215_55.86349_3
Running simulation ID:   202208071400_-4.247_55.861_3
Running simulation ID:   202208071500_-4.247_55.861_3
Running simulation ID:   202208071500_-4.24215_55.86349_3
Running simulation ID:   202208071600_-4.24215_55.86349_3
Running simulation ID:   202208071600_-4.247_55.861_3
Running simulation ID:   202208071700_-4.24215_55.86349_3
Running simulation ID:   202208071700_-4.247_55.861_3
Running simulation ID:   202208071800_-4.24215_55.86349_3
Running simulation ID:   202208071800_-4.247_55.861_3
Running simulation ID:   202208071900_-4.24215_55.86349_3
Running simulation ID:   202208071900_-4.247_55.861_3
Running simulation ID:   202208072000_-4.247_55.861_3
Running simulation ID:   202208072000_-4.24215_55.86349_3
Running simulation ID:   202208072100_-4.24215_55.86349_3
Running simulation ID:   202208072100_-4.247_55.861_3
Running simulation ID:   202208072200_-4.24215_55.86349_3
Running simulation ID:   202208072200_-4.247_55.861_3
Running simulation ID:   202208072300_-4.24215_55.86349_3
Running simulation ID:   202208072300_-4.247_55.861_3
Running simulation ID:   202208080000_-4.247_55.861_3
Running simulation ID:   202208080000_-4.24215_55.86349_3
Running simulation ID:   202208080100_-4.247_55.861_3
Running simulation ID:   202208080100_-4.24215_55.86349_3
Running simulation ID:   202208080200_-4.24215_55.86349_3
Running simulation ID:   202208080200_-4.247_55.861_3
Running simulation ID:   202208080300_-4.24215_55.86349_3
Running simulation ID:   202208080300_-4.247_55.861_3
Running simulation ID:   202208080400_-4.247_55.861_3
Running simulation ID:   202208080400_-4.24215_55.86349_3
Running simulation ID:   202208080500_-4.24215_55.86349_3
Running simulation ID:   202208080500_-4.247_55.861_3
Running simulation ID:   202208080600_-4.247_55.861_3
Running simulation ID:   202208080600_-4.24215_55.86349_3
Running simulation ID:   202208080700_-4.247_55.861_3
Running simulation ID:   202208080700_-4.24215_55.86349_3
Running simulation ID:   202208080800_-4.247_55.861_3
Running simulation ID:   202208080800_-4.24215_55.86349_3
Running simulation ID:   202208080900_-4.24215_55.86349_3
Running simulation ID:   202208080900_-4.247_55.861_3
Running simulation ID:   202208081000_-4.24215_55.86349_3
Running simulation ID:   202208081100_-4.24215_55.86349_3
Running simulation ID:   202208081200_-4.247_55.861_3
Running simulation ID:   202208081200_-4.24215_55.86349_3
Running simulation ID:   202208081300_-4.24215_55.86349_3
Running simulation ID:   202208081300_-4.247_55.861_3
Running simulation ID:   202208081400_-4.247_55.861_3
Running simulation ID:   202208081400_-4.24215_55.86349_3
Running simulation ID:   202208081500_-4.247_55.861_3
Running simulation ID:   202208081500_-4.24215_55.86349_3
Running simulation ID:   202208081600_-4.247_55.861_3
Running simulation ID:   202208081600_-4.24215_55.86349_3
Running simulation ID:   202208081700_-4.24215_55.86349_3
Running simulation ID:   202208081700_-4.247_55.861_3
Running simulation ID:   202208081800_-4.247_55.861_3
Running simulation ID:   202208081800_-4.24215_55.86349_3
Running simulation ID:   202208081900_-4.24215_55.86349_3
Running simulation ID:   202208081900_-4.247_55.861_3
Running simulation ID:   202208082000_-4.24215_55.86349_3
Running simulation ID:   202208082000_-4.247_55.861_3
Running simulation ID:   202208082100_-4.247_55.861_3
Running simulation ID:   202208082100_-4.24215_55.86349_3
Running simulation ID:   202208082200_-4.247_55.861_3
Running simulation ID:   202208082200_-4.24215_55.86349_3
Running simulation ID:   202208082300_-4.24215_55.86349_3
Running simulation ID:   202208082300_-4.247_55.861_3
Running simulation ID:   202208090000_-4.247_55.861_3
Running simulation ID:   202208090000_-4.24215_55.86349_3
Running simulation ID:   202208090100_-4.24215_55.86349_3
Running simulation ID:   202208090100_-4.247_55.861_3
Running simulation ID:   202208090200_-4.247_55.861_3
Running simulation ID:   202208090200_-4.24215_55.86349_3
Running simulation ID:   202208090300_-4.24215_55.86349_3
Running simulation ID:   202208090300_-4.247_55.861_3
Running simulation ID:   202208090400_-4.247_55.861_3
Running simulation ID:   202208090400_-4.24215_55.86349_3
Running simulation ID:   202208090500_-4.24215_55.86349_3
Running simulation ID:   202208090500_-4.247_55.861_3
Running simulation ID:   202208090600_-4.24215_55.86349_3
Running simulation ID:   202208090600_-4.247_55.861_3
Running simulation ID:   202208090700_-4.247_55.861_3
Running simulation ID:   202208090700_-4.24215_55.86349_3
Running simulation ID:   202208090800_-4.24215_55.86349_3
Running simulation ID:   202208090800_-4.247_55.861_3
Running simulation ID:   202208090900_-4.247_55.861_3
Running simulation ID:   202208090900_-4.24215_55.86349_3
Running simulation ID:   202208091000_-4.247_55.861_3
Running simulation ID:   202208091000_-4.24215_55.86349_3
Running simulation ID:   202208091100_-4.247_55.861_3
Running simulation ID:   202208091100_-4.24215_55.86349_3
Running simulation ID:   202208091200_-4.247_55.861_3
Running simulation ID:   202208091200_-4.24215_55.86349_3
Running simulation ID:   202208091300_-4.24215_55.86349_3
Running simulation ID:   202208091300_-4.247_55.861_3
Running simulation ID:   202208091400_-4.24215_55.86349_3
Running simulation ID:   202208091400_-4.247_55.861_3
Running simulation ID:   202208091500_-4.24215_55.86349_3
Running simulation ID:   202208091500_-4.247_55.861_3
Running simulation ID:   202208091600_-4.24215_55.86349_3
Running simulation ID:   202208091600_-4.247_55.861_3
Running simulation ID:   202208091700_-4.24215_55.86349_3
Running simulation ID:   202208091700_-4.247_55.861_3
Running simulation ID:   202208091800_-4.24215_55.86349_3
Running simulation ID:   202208091800_-4.247_55.861_3
Running simulation ID:   202208091900_-4.24215_55.86349_3
Running simulation ID:   202208091900_-4.247_55.861_3
Running simulation ID:   202208092000_-4.24215_55.86349_3
Running simulation ID:   202208092000_-4.247_55.861_3
Running simulation ID:   202208092100_-4.24215_55.86349_3
Running simulation ID:   202208092100_-4.247_55.861_3
Running simulation ID:   202208092200_-4.24215_55.86349_3
Running simulation ID:   202208092200_-4.247_55.861_3
Running simulation ID:   202208092300_-4.24215_55.86349_3
Running simulation ID:   202208092300_-4.247_55.861_3
Running simulation ID:   202208100000_-4.24215_55.86349_3
Running simulation ID:   202208100000_-4.247_55.861_3
Running simulation ID:   202208100100_-4.24215_55.86349_3
Running simulation ID:   202208100100_-4.247_55.861_3
Running simulation ID:   202208100200_-4.24215_55.86349_3
Running simulation ID:   202208100200_-4.247_55.861_3
Running simulation ID:   202208100300_-4.247_55.861_3
Running simulation ID:   202208100300_-4.24215_55.86349_3
Running simulation ID:   202208100400_-4.247_55.861_3
Running simulation ID:   202208100400_-4.24215_55.86349_3
Running simulation ID:   202208100500_-4.247_55.861_3
Running simulation ID:   202208100500_-4.24215_55.86349_3
Running simulation ID:   202208100600_-4.247_55.861_3
Running simulation ID:   202208100600_-4.24215_55.86349_3
Running simulation ID:   202208100700_-4.247_55.861_3
Running simulation ID:   202208100700_-4.24215_55.86349_3
Running simulation ID:   202208100800_-4.247_55.861_3
Running simulation ID:   202208100800_-4.24215_55.86349_3
Running simulation ID:   202208100900_-4.247_55.861_3
Running simulation ID:   202208100900_-4.24215_55.86349_3
Running simulation ID:   202208101000_-4.24215_55.86349_3
Running simulation ID:   202208101000_-4.247_55.861_3
Running simulation ID:   202208101100_-4.24215_55.86349_3
Running simulation ID:   202208101100_-4.247_55.861_3
Running simulation ID:   202208101200_-4.24215_55.86349_3
Running simulation ID:   202208101200_-4.247_55.861_3
Running simulation ID:   202208101300_-4.247_55.861_3
Running simulation ID:   202208101300_-4.24215_55.86349_3
Running simulation ID:   202208101400_-4.24215_55.86349_3
Running simulation ID:   202208101400_-4.247_55.861_3
Running simulation ID:   202208101500_-4.24215_55.86349_3
Running simulation ID:   202208101500_-4.247_55.861_3
Running simulation ID:   202208101600_-4.24215_55.86349_3
Running simulation ID:   202208101600_-4.247_55.861_3
Running simulation ID:   202208101700_-4.247_55.861_3
Running simulation ID:   202208101700_-4.24215_55.86349_3
Running simulation ID:   202208101800_-4.247_55.861_3
Running simulation ID:   202208101800_-4.24215_55.86349_3
Running simulation ID:   202208101900_-4.24215_55.86349_3
Running simulation ID:   202208101900_-4.247_55.861_3
Running simulation ID:   202208102000_-4.247_55.861_3
Running simulation ID:   202208102000_-4.24215_55.86349_3
Running simulation ID:   202208102100_-4.247_55.861_3
Running simulation ID:   202208102100_-4.24215_55.86349_3
Running simulation ID:   202208102200_-4.247_55.861_3
Running simulation ID:   202208102200_-4.24215_55.86349_3
Running simulation ID:   202208102300_-4.247_55.861_3
Running simulation ID:   202208102300_-4.24215_55.86349_3
Running simulation ID:   202208110000_-4.247_55.861_3
Running simulation ID:   202208110000_-4.24215_55.86349_3
Running simulation ID:   202208110100_-4.24215_55.86349_3
Running simulation ID:   202208110100_-4.247_55.861_3
Running simulation ID:   202208110200_-4.247_55.861_3
Running simulation ID:   202208110200_-4.24215_55.86349_3
Running simulation ID:   202208110300_-4.247_55.861_3
Running simulation ID:   202208110300_-4.24215_55.86349_3
Running simulation ID:   202208110400_-4.247_55.861_3
Running simulation ID:   202208110400_-4.24215_55.86349_3
Running simulation ID:   202208110500_-4.247_55.861_3
Running simulation ID:   202208110500_-4.24215_55.86349_3
Running simulation ID:   202208110600_-4.247_55.861_3
Running simulation ID:   202208110600_-4.24215_55.86349_3
Running simulation ID:   202208110700_-4.247_55.861_3
Running simulation ID:   202208110700_-4.24215_55.86349_3
Running simulation ID:   202208110800_-4.24215_55.86349_3
Running simulation ID:   202208110800_-4.247_55.861_3
Running simulation ID:   202208110900_-4.24215_55.86349_3
Running simulation ID:   202208110900_-4.247_55.861_3
Running simulation ID:   202208111000_-4.24215_55.86349_3
Running simulation ID:   202208111000_-4.247_55.861_3
Running simulation ID:   202208111100_-4.24215_55.86349_3
Running simulation ID:   202208111100_-4.247_55.861_3
Running simulation ID:   202208111200_-4.247_55.861_3
Running simulation ID:   202208111200_-4.24215_55.86349_3
Running simulation ID:   202208111300_-4.24215_55.86349_3
Running simulation ID:   202208111300_-4.247_55.861_3
Running simulation ID:   202208111400_-4.24215_55.86349_3
Running simulation ID:   202208111400_-4.247_55.861_3
Running simulation ID:   202208111500_-4.24215_55.86349_3
Running simulation ID:   202208111500_-4.247_55.861_3
Running simulation ID:   202208111600_-4.247_55.861_3
Running simulation ID:   202208111600_-4.24215_55.86349_3
Running simulation ID:   202208111700_-4.24215_55.86349_3
Running simulation ID:   202208111700_-4.247_55.861_3
Running simulation ID:   202208111800_-4.24215_55.86349_3
Running simulation ID:   202208111800_-4.247_55.861_3
Running simulation ID:   202208111900_-4.24215_55.86349_3
Running simulation ID:   202208111900_-4.247_55.861_3
Running simulation ID:   202208112000_-4.24215_55.86349_3
Running simulation ID:   202208112000_-4.247_55.861_3
Running simulation ID:   202208112100_-4.247_55.861_3
Running simulation ID:   202208112100_-4.24215_55.86349_3
Running simulation ID:   202208112200_-4.24215_55.86349_3
Running simulation ID:   202208112200_-4.247_55.861_3
Running simulation ID:   202208112300_-4.24215_55.86349_3
Running simulation ID:   202208112300_-4.247_55.861_3
Running simulation ID:   202208120000_-4.24215_55.86349_3
Running simulation ID:   202208120000_-4.247_55.861_3
Running simulation ID:   202208120100_-4.247_55.861_3
Running simulation ID:   202208120100_-4.24215_55.86349_3
Running simulation ID:   202208120200_-4.24215_55.86349_3
Running simulation ID:   202208120200_-4.247_55.861_3
Running simulation ID:   202208120300_-4.24215_55.86349_3
Running simulation ID:   202208120300_-4.247_55.861_3
Running simulation ID:   202208120400_-4.24215_55.86349_3
Running simulation ID:   202208120400_-4.247_55.861_3
Running simulation ID:   202208120500_-4.247_55.861_3
Running simulation ID:   202208120500_-4.24215_55.86349_3
Running simulation ID:   202208120600_-4.24215_55.86349_3
Running simulation ID:   202208120600_-4.247_55.861_3
Running simulation ID:   202208120700_-4.24215_55.86349_3
Running simulation ID:   202208120700_-4.247_55.861_3
Running simulation ID:   202208120800_-4.247_55.861_3
Running simulation ID:   202208120800_-4.24215_55.86349_3
Running simulation ID:   202208120900_-4.24215_55.86349_3
Running simulation ID:   202208120900_-4.247_55.861_3
Running simulation ID:   202208121000_-4.247_55.861_3
Running simulation ID:   202208121000_-4.24215_55.86349_3
Running simulation ID:   202208121100_-4.247_55.861_3
Running simulation ID:   202208121100_-4.24215_55.86349_3
Running simulation ID:   202208121200_-4.24215_55.86349_3
Running simulation ID:   202208121200_-4.247_55.861_3
Running simulation ID:   202208121300_-4.24215_55.86349_3
Running simulation ID:   202208121300_-4.247_55.861_3
Running simulation ID:   202208121400_-4.247_55.861_3
Running simulation ID:   202208121400_-4.24215_55.86349_3
Running simulation ID:   202208121500_-4.247_55.861_3
Running simulation ID:   202208121500_-4.24215_55.86349_3
Running simulation ID:   202208121600_-4.247_55.861_3
Running simulation ID:   202208121600_-4.24215_55.86349_3
Running simulation ID:   202208121700_-4.247_55.861_3
Running simulation ID:   202208121700_-4.24215_55.86349_3
Running simulation ID:   202208121800_-4.24215_55.86349_3
Running simulation ID:   202208121800_-4.247_55.861_3
Running simulation ID:   202208121900_-4.247_55.861_3
Running simulation ID:   202208121900_-4.24215_55.86349_3
Running simulation ID:   202208122000_-4.247_55.861_3
Running simulation ID:   202208122000_-4.24215_55.86349_3
Running simulation ID:   202208122100_-4.24215_55.86349_3
Running simulation ID:   202208122100_-4.247_55.861_3
Running simulation ID:   202208122200_-4.24215_55.86349_3
Running simulation ID:   202208122200_-4.247_55.861_3
Running simulation ID:   202208122300_-4.24215_55.86349_3
Running simulation ID:   202208122300_-4.247_55.861_3
Running simulation ID:   202208130000_-4.24215_55.86349_3
Running simulation ID:   202208130000_-4.247_55.861_3
Running simulation ID:   202208130100_-4.247_55.861_3
Running simulation ID:   202208130100_-4.24215_55.86349_3
Running simulation ID:   202208130200_-4.24215_55.86349_3
Running simulation ID:   202208130200_-4.247_55.861_3
Running simulation ID:   202208130300_-4.24215_55.86349_3
Running simulation ID:   202208130300_-4.247_55.861_3
Running simulation ID:   202208130400_-4.247_55.861_3
Running simulation ID:   202208130400_-4.24215_55.86349_3
Running simulation ID:   202208130500_-4.24215_55.86349_3
Running simulation ID:   202208130500_-4.247_55.861_3
Running simulation ID:   202208130600_-4.24215_55.86349_3
Running simulation ID:   202208130600_-4.247_55.861_3
Running simulation ID:   202208130700_-4.247_55.861_3
Running simulation ID:   202208130700_-4.24215_55.86349_3
Running simulation ID:   202208130800_-4.247_55.861_3
Running simulation ID:   202208130800_-4.24215_55.86349_3
Running simulation ID:   202208130900_-4.247_55.861_3
Running simulation ID:   202208130900_-4.24215_55.86349_3
Running simulation ID:   202208131000_-4.247_55.861_3
Running simulation ID:   202208131000_-4.24215_55.86349_3
Running simulation ID:   202208131100_-4.247_55.861_3
Running simulation ID:   202208131100_-4.24215_55.86349_3
Running simulation ID:   202208131200_-4.24215_55.86349_3
Running simulation ID:   202208131200_-4.247_55.861_3
Running simulation ID:   202208131300_-4.247_55.861_3
Running simulation ID:   202208131300_-4.24215_55.86349_3
Running simulation ID:   202208131400_-4.247_55.861_3
Running simulation ID:   202208131400_-4.24215_55.86349_3
Running simulation ID:   202208131500_-4.24215_55.86349_3
Running simulation ID:   202208131500_-4.247_55.861_3
Running simulation ID:   202208131600_-4.247_55.861_3
Running simulation ID:   202208131600_-4.24215_55.86349_3
Running simulation ID:   202208131700_-4.247_55.861_3
Running simulation ID:   202208131700_-4.24215_55.86349_3
Running simulation ID:   202208131800_-4.24215_55.86349_3
Running simulation ID:   202208131800_-4.247_55.861_3
Running simulation ID:   202208131900_-4.24215_55.86349_3
Running simulation ID:   202208131900_-4.247_55.861_3
Running simulation ID:   202208132000_-4.24215_55.86349_3
Running simulation ID:   202208132000_-4.247_55.861_3
Running simulation ID:   202208132100_-4.24215_55.86349_3
Running simulation ID:   202208132100_-4.247_55.861_3
Running simulation ID:   202208132200_-4.24215_55.86349_3
Running simulation ID:   202208132200_-4.247_55.861_3
Running simulation ID:   202208132300_-4.247_55.861_3
Running simulation ID:   202208132300_-4.24215_55.86349_3
Running simulation ID:   202208140000_-4.247_55.861_3
Running simulation ID:   202208140000_-4.24215_55.86349_3
Running simulation ID:   202208140100_-4.24215_55.86349_3
Running simulation ID:   202208140100_-4.247_55.861_3
Running simulation ID:   202208140200_-4.24215_55.86349_3
Running simulation ID:   202208140200_-4.247_55.861_3
Running simulation ID:   202208140300_-4.24215_55.86349_3
Running simulation ID:   202208140300_-4.247_55.861_3
Running simulation ID:   202208140400_-4.24215_55.86349_3
Running simulation ID:   202208140400_-4.247_55.861_3
Running simulation ID:   202208140500_-4.24215_55.86349_3
Running simulation ID:   202208140500_-4.247_55.861_3
Running simulation ID:   202208140600_-4.24215_55.86349_3
Running simulation ID:   202208140600_-4.247_55.861_3
Running simulation ID:   202208140700_-4.247_55.861_3
Running simulation ID:   202208140700_-4.24215_55.86349_3
Running simulation ID:   202208140800_-4.247_55.861_3
Running simulation ID:   202208140800_-4.24215_55.86349_3
Running simulation ID:   202208140900_-4.247_55.861_3
Running simulation ID:   202208140900_-4.24215_55.86349_3
Running simulation ID:   202208141000_-4.24215_55.86349_3
Running simulation ID:   202208141000_-4.247_55.861_3
Running simulation ID:   202208141100_-4.24215_55.86349_3
Running simulation ID:   202208141100_-4.247_55.861_3
Running simulation ID:   202208141200_-4.24215_55.86349_3
Running simulation ID:   202208141200_-4.247_55.861_3
Running simulation ID:   202208141300_-4.247_55.861_3
Running simulation ID:   202208141300_-4.24215_55.86349_3
Running simulation ID:   202208141400_-4.247_55.861_3
Running simulation ID:   202208141400_-4.24215_55.86349_3
Running simulation ID:   202208141500_-4.24215_55.86349_3
Running simulation ID:   202208141500_-4.247_55.861_3
Running simulation ID:   202208141600_-4.24215_55.86349_3
Running simulation ID:   202208141600_-4.247_55.861_3
Running simulation ID:   202208141700_-4.247_55.861_3
Running simulation ID:   202208141700_-4.24215_55.86349_3
Running simulation ID:   202208141800_-4.247_55.861_3
Running simulation ID:   202208141800_-4.24215_55.86349_3
Running simulation ID:   202208141900_-4.24215_55.86349_3
Running simulation ID:   202208141900_-4.247_55.861_3
Running simulation ID:   202208142000_-4.24215_55.86349_3
Running simulation ID:   202208142000_-4.247_55.861_3
Running simulation ID:   202208142100_-4.247_55.861_3
Running simulation ID:   202208142100_-4.24215_55.86349_3
Running simulation ID:   202208142200_-4.24215_55.86349_3
Running simulation ID:   202208142200_-4.247_55.861_3
Running simulation ID:   202208142300_-4.24215_55.86349_3
Running simulation ID:   202208142300_-4.247_55.861_3
Running simulation ID:   202208150000_-4.247_55.861_3
Running simulation ID:   202208150000_-4.24215_55.86349_3
Running simulation ID:   202208150100_-4.247_55.861_3
Running simulation ID:   202208150100_-4.24215_55.86349_3
Running simulation ID:   202208150200_-4.247_55.861_3
Running simulation ID:   202208150200_-4.24215_55.86349_3
Running simulation ID:   202208150300_-4.247_55.861_3
Running simulation ID:   202208150300_-4.24215_55.86349_3
Running simulation ID:   202208150400_-4.247_55.861_3
Running simulation ID:   202208150400_-4.24215_55.86349_3
Running simulation ID:   202208150500_-4.247_55.861_3
Running simulation ID:   202208150500_-4.24215_55.86349_3
Running simulation ID:   202208150600_-4.247_55.861_3
Running simulation ID:   202208150600_-4.24215_55.86349_3
Running simulation ID:   202208150700_-4.247_55.861_3
Running simulation ID:   202208150700_-4.24215_55.86349_3
Running simulation ID:   202208150800_-4.24215_55.86349_3
Running simulation ID:   202208150800_-4.247_55.861_3
Running simulation ID:   202208150900_-4.24215_55.86349_3
Running simulation ID:   202208150900_-4.247_55.861_3
Running simulation ID:   202208151000_-4.24215_55.86349_3
Running simulation ID:   202208151000_-4.247_55.861_3
Running simulation ID:   202208151100_-4.247_55.861_3
Running simulation ID:   202208151100_-4.24215_55.86349_3
Running simulation ID:   202208151200_-4.247_55.861_3
Running simulation ID:   202208151200_-4.24215_55.86349_3
Running simulation ID:   202208151300_-4.24215_55.86349_3
Running simulation ID:   202208151300_-4.247_55.861_3
Running simulation ID:   202208151400_-4.24215_55.86349_3
Running simulation ID:   202208151400_-4.247_55.861_3
Running simulation ID:   202208151500_-4.247_55.861_3
Running simulation ID:   202208151500_-4.24215_55.86349_3
Running simulation ID:   202208151600_-4.24215_55.86349_3
Running simulation ID:   202208151600_-4.247_55.861_3
Running simulation ID:   202208151700_-4.24215_55.86349_3
Running simulation ID:   202208151700_-4.247_55.861_3
Running simulation ID:   202208151800_-4.24215_55.86349_3
Running simulation ID:   202208151800_-4.247_55.861_3
Running simulation ID:   202208151900_-4.24215_55.86349_3
Running simulation ID:   202208151900_-4.247_55.861_3
Running simulation ID:   202208152000_-4.24215_55.86349_3
Running simulation ID:   202208152000_-4.247_55.861_3
Running simulation ID:   202208152100_-4.247_55.861_3
Running simulation ID:   202208152100_-4.24215_55.86349_3
Running simulation ID:   202208152200_-4.247_55.861_3
Running simulation ID:   202208152200_-4.24215_55.86349_3
Running simulation ID:   202208152300_-4.24215_55.86349_3
Running simulation ID:   202208152300_-4.247_55.861_3
Running simulation ID:   202208160000_-4.24215_55.86349_3
Running simulation ID:   202208160000_-4.247_55.861_3
Running simulation ID:   202208160100_-4.247_55.861_3
Running simulation ID:   202208160100_-4.24215_55.86349_3
Running simulation ID:   202208160200_-4.247_55.861_3
Running simulation ID:   202208160200_-4.24215_55.86349_3
Running simulation ID:   202208160300_-4.24215_55.86349_3
Running simulation ID:   202208160300_-4.247_55.861_3
Running simulation ID:   202208160400_-4.24215_55.86349_3
Running simulation ID:   202208160400_-4.247_55.861_3
Running simulation ID:   202208160500_-4.24215_55.86349_3
Running simulation ID:   202208160500_-4.247_55.861_3
Running simulation ID:   202208160600_-4.24215_55.86349_3
Running simulation ID:   202208160600_-4.247_55.861_3
Running simulation ID:   202208160700_-4.247_55.861_3
Running simulation ID:   202208160700_-4.24215_55.86349_3
Running simulation ID:   202208160800_-4.24215_55.86349_3
Running simulation ID:   202208160800_-4.247_55.861_3
Running simulation ID:   202208160900_-4.247_55.861_3
Running simulation ID:   202208160900_-4.24215_55.86349_3
Running simulation ID:   202208161000_-4.24215_55.86349_3
Running simulation ID:   202208161000_-4.247_55.861_3
Running simulation ID:   202208161100_-4.247_55.861_3
Running simulation ID:   202208161100_-4.24215_55.86349_3
Running simulation ID:   202208161200_-4.247_55.861_3
Running simulation ID:   202208161200_-4.24215_55.86349_3
Running simulation ID:   202208161300_-4.247_55.861_3
Running simulation ID:   202208161300_-4.24215_55.86349_3
Running simulation ID:   202208161400_-4.247_55.861_3
Running simulation ID:   202208161400_-4.24215_55.86349_3
Running simulation ID:   202208161500_-4.24215_55.86349_3
Running simulation ID:   202208161500_-4.247_55.861_3
Running simulation ID:   202208161600_-4.24215_55.86349_3
Running simulation ID:   202208161600_-4.247_55.861_3
Running simulation ID:   202208161700_-4.24215_55.86349_3
Running simulation ID:   202208161700_-4.247_55.861_3
Running simulation ID:   202208161800_-4.24215_55.86349_3
Running simulation ID:   202208161800_-4.247_55.861_3
Running simulation ID:   202208161900_-4.247_55.861_3
Running simulation ID:   202208161900_-4.24215_55.86349_3
Running simulation ID:   202208162000_-4.247_55.861_3
Running simulation ID:   202208162000_-4.24215_55.86349_3
Running simulation ID:   202208162100_-4.247_55.861_3
Running simulation ID:   202208162100_-4.24215_55.86349_3
Running simulation ID:   202208162200_-4.247_55.861_3
Running simulation ID:   202208162200_-4.24215_55.86349_3
Running simulation ID:   202208162300_-4.24215_55.86349_3
Running simulation ID:   202208162300_-4.247_55.861_3
Running simulation ID:   202208170000_-4.24215_55.86349_3
Running simulation ID:   202208170000_-4.247_55.861_3
Running simulation ID:   202208170100_-4.24215_55.86349_3
Running simulation ID:   202208170100_-4.247_55.861_3
Running simulation ID:   202208170200_-4.24215_55.86349_3
Running simulation ID:   202208170200_-4.247_55.861_3
Running simulation ID:   202208170300_-4.247_55.861_3
Running simulation ID:   202208170300_-4.24215_55.86349_3
Running simulation ID:   202208170400_-4.247_55.861_3
Running simulation ID:   202208170400_-4.24215_55.86349_3
Running simulation ID:   202208170500_-4.247_55.861_3
Running simulation ID:   202208170500_-4.24215_55.86349_3
Running simulation ID:   202208170600_-4.247_55.861_3
Running simulation ID:   202208170600_-4.24215_55.86349_3
Running simulation ID:   202208170700_-4.247_55.861_3
Running simulation ID:   202208170700_-4.24215_55.86349_3
Running simulation ID:   202208170800_-4.24215_55.86349_3
Running simulation ID:   202208170800_-4.247_55.861_3
Running simulation ID:   202208170900_-4.247_55.861_3
Running simulation ID:   202208170900_-4.24215_55.86349_3
Running simulation ID:   202208171000_-4.247_55.861_3
Running simulation ID:   202208171000_-4.24215_55.86349_3
Running simulation ID:   202208171100_-4.24215_55.86349_3
Running simulation ID:   202208171100_-4.247_55.861_3
Running simulation ID:   202208171200_-4.24215_55.86349_3
Running simulation ID:   202208171200_-4.247_55.861_3
Running simulation ID:   202208171300_-4.247_55.861_3
Running simulation ID:   202208171300_-4.24215_55.86349_3
Running simulation ID:   202208171400_-4.247_55.861_3
Running simulation ID:   202208171400_-4.24215_55.86349_3
Running simulation ID:   202208171500_-4.247_55.861_3
Running simulation ID:   202208171500_-4.24215_55.86349_3
Running simulation ID:   202208171600_-4.24215_55.86349_3
Running simulation ID:   202208171600_-4.247_55.861_3
Running simulation ID:   202208171700_-4.24215_55.86349_3
Running simulation ID:   202208171700_-4.247_55.861_3
Running simulation ID:   202208171800_-4.24215_55.86349_3
Running simulation ID:   202208171800_-4.247_55.861_3
Running simulation ID:   202208171900_-4.247_55.861_3
Running simulation ID:   202208171900_-4.24215_55.86349_3
Running simulation ID:   202208172000_-4.24215_55.86349_3
Running simulation ID:   202208172000_-4.247_55.861_3
Running simulation ID:   202208172100_-4.247_55.861_3
Running simulation ID:   202208172100_-4.24215_55.86349_3
Running simulation ID:   202208172200_-4.24215_55.86349_3
Running simulation ID:   202208172200_-4.247_55.861_3
Running simulation ID:   202208172300_-4.24215_55.86349_3
Running simulation ID:   202208172300_-4.247_55.861_3
Running simulation ID:   202208180000_-4.24215_55.86349_3
Running simulation ID:   202208180000_-4.247_55.861_3
Running simulation ID:   202208180100_-4.247_55.861_3
Running simulation ID:   202208180100_-4.24215_55.86349_3
Running simulation ID:   202208180200_-4.247_55.861_3
Running simulation ID:   202208180200_-4.24215_55.86349_3
Running simulation ID:   202208180300_-4.247_55.861_3
Running simulation ID:   202208180300_-4.24215_55.86349_3
Running simulation ID:   202208180400_-4.24215_55.86349_3
Running simulation ID:   202208180400_-4.247_55.861_3
Running simulation ID:   202208180500_-4.24215_55.86349_3
Running simulation ID:   202208180500_-4.247_55.861_3
Running simulation ID:   202208180600_-4.24215_55.86349_3
Running simulation ID:   202208180600_-4.247_55.861_3
Running simulation ID:   202208180700_-4.247_55.861_3
Running simulation ID:   202208180700_-4.24215_55.86349_3
Running simulation ID:   202208180800_-4.24215_55.86349_3
Running simulation ID:   202208180800_-4.247_55.861_3
Running simulation ID:   202208180900_-4.24215_55.86349_3
Running simulation ID:   202208180900_-4.247_55.861_3
Running simulation ID:   202208181000_-4.247_55.861_3
Running simulation ID:   202208181000_-4.24215_55.86349_3
Running simulation ID:   202208181100_-4.24215_55.86349_3
Running simulation ID:   202208181100_-4.247_55.861_3
Running simulation ID:   202208181200_-4.247_55.861_3
Running simulation ID:   202208181200_-4.24215_55.86349_3
Running simulation ID:   202208181300_-4.24215_55.86349_3
Running simulation ID:   202208181300_-4.247_55.861_3
Running simulation ID:   202208181400_-4.24215_55.86349_3
Running simulation ID:   202208181400_-4.247_55.861_3
Running simulation ID:   202208181500_-4.247_55.861_3
Running simulation ID:   202208181500_-4.24215_55.86349_3
Running simulation ID:   202208181600_-4.24215_55.86349_3
Running simulation ID:   202208181600_-4.247_55.861_3
Running simulation ID:   202208181700_-4.24215_55.86349_3
Running simulation ID:   202208181700_-4.247_55.861_3
Running simulation ID:   202208181800_-4.24215_55.86349_3
Running simulation ID:   202208181800_-4.247_55.861_3
Running simulation ID:   202208181900_-4.247_55.861_3
Running simulation ID:   202208181900_-4.24215_55.86349_3
Running simulation ID:   202208182000_-4.24215_55.86349_3
Running simulation ID:   202208182000_-4.247_55.861_3
Running simulation ID:   202208182100_-4.24215_55.86349_3
Running simulation ID:   202208182100_-4.247_55.861_3
Running simulation ID:   202208182200_-4.247_55.861_3
Running simulation ID:   202208182200_-4.24215_55.86349_3
Running simulation ID:   202208182300_-4.24215_55.86349_3
Running simulation ID:   202208182300_-4.247_55.861_3
Running simulation ID:   202208190000_-4.24215_55.86349_3
Running simulation ID:   202208190000_-4.247_55.861_3
Running simulation ID:   202208190100_-4.24215_55.86349_3
Running simulation ID:   202208190100_-4.247_55.861_3
Running simulation ID:   202208190200_-4.24215_55.86349_3
Running simulation ID:   202208190200_-4.247_55.861_3
Running simulation ID:   202208190300_-4.247_55.861_3
Running simulation ID:   202208190300_-4.24215_55.86349_3
Running simulation ID:   202208190400_-4.247_55.861_3
Running simulation ID:   202208190400_-4.24215_55.86349_3
Running simulation ID:   202208190500_-4.247_55.861_3
Running simulation ID:   202208190500_-4.24215_55.86349_3
Running simulation ID:   202208190600_-4.247_55.861_3
Running simulation ID:   202208190600_-4.24215_55.86349_3
Running simulation ID:   202208190700_-4.24215_55.86349_3
Running simulation ID:   202208190700_-4.247_55.861_3
Running simulation ID:   202208190800_-4.24215_55.86349_3
Running simulation ID:   202208190800_-4.247_55.861_3
Running simulation ID:   202208190900_-4.24215_55.86349_3
Running simulation ID:   202208190900_-4.247_55.861_3
Running simulation ID:   202208191000_-4.247_55.861_3
Running simulation ID:   202208191000_-4.24215_55.86349_3
Running simulation ID:   202208191100_-4.24215_55.86349_3
Running simulation ID:   202208191100_-4.247_55.861_3
Running simulation ID:   202208191200_-4.24215_55.86349_3
Running simulation ID:   202208191200_-4.247_55.861_3
Running simulation ID:   202208191300_-4.24215_55.86349_3
Running simulation ID:   202208191300_-4.247_55.861_3
Running simulation ID:   202208191400_-4.247_55.861_3
Running simulation ID:   202208191400_-4.24215_55.86349_3
Running simulation ID:   202208191500_-4.24215_55.86349_3
Running simulation ID:   202208191500_-4.247_55.861_3
Running simulation ID:   202208191600_-4.24215_55.86349_3
Running simulation ID:   202208191600_-4.247_55.861_3
Running simulation ID:   202208191700_-4.24215_55.86349_3
Running simulation ID:   202208191700_-4.247_55.861_3
Running simulation ID:   202208191800_-4.247_55.861_3
Running simulation ID:   202208191800_-4.24215_55.86349_3
Running simulation ID:   202208191900_-4.247_55.861_3
Running simulation ID:   202208191900_-4.24215_55.86349_3
Running simulation ID:   202208192000_-4.24215_55.86349_3
Running simulation ID:   202208192000_-4.247_55.861_3
Running simulation ID:   202208192100_-4.24215_55.86349_3
Running simulation ID:   202208192100_-4.247_55.861_3
Running simulation ID:   202208192200_-4.247_55.861_3
Running simulation ID:   202208192200_-4.24215_55.86349_3
Running simulation ID:   202208192300_-4.24215_55.86349_3
Running simulation ID:   202208192300_-4.247_55.861_3
Running simulation ID:   202208200000_-4.24215_55.86349_3
Running simulation ID:   202208200000_-4.247_55.861_3
Running simulation ID:   202208200100_-4.24215_55.86349_3
Running simulation ID:   202208200100_-4.247_55.861_3
Running simulation ID:   202208200200_-4.24215_55.86349_3
Running simulation ID:   202208200200_-4.247_55.861_3
Running simulation ID:   202208200300_-4.24215_55.86349_3
Running simulation ID:   202208200300_-4.247_55.861_3
Running simulation ID:   202208200400_-4.247_55.861_3
Running simulation ID:   202208200400_-4.24215_55.86349_3
Running simulation ID:   202208200500_-4.24215_55.86349_3
Running simulation ID:   202208200500_-4.247_55.861_3
Running simulation ID:   202208200600_-4.247_55.861_3
Running simulation ID:   202208200600_-4.24215_55.86349_3
Running simulation ID:   202208200700_-4.247_55.861_3
Running simulation ID:   202208200700_-4.24215_55.86349_3
Running simulation ID:   202208200800_-4.24215_55.86349_3
Running simulation ID:   202208200800_-4.247_55.861_3
Running simulation ID:   202208200900_-4.24215_55.86349_3
Running simulation ID:   202208200900_-4.247_55.861_3
Running simulation ID:   202208201000_-4.247_55.861_3
Running simulation ID:   202208201000_-4.24215_55.86349_3
Running simulation ID:   202208201100_-4.247_55.861_3
Running simulation ID:   202208201100_-4.24215_55.86349_3
Running simulation ID:   202208201200_-4.24215_55.86349_3
Running simulation ID:   202208201200_-4.247_55.861_3
Running simulation ID:   202208201300_-4.24215_55.86349_3
Running simulation ID:   202208201300_-4.247_55.861_3
Running simulation ID:   202208201400_-4.247_55.861_3
Running simulation ID:   202208201400_-4.24215_55.86349_3
Running simulation ID:   202208201500_-4.247_55.861_3
Running simulation ID:   202208201500_-4.24215_55.86349_3
Running simulation ID:   202208201600_-4.24215_55.86349_3
Running simulation ID:   202208201600_-4.247_55.861_3
Running simulation ID:   202208201700_-4.24215_55.86349_3
Running simulation ID:   202208201700_-4.247_55.861_3
Running simulation ID:   202208201800_-4.24215_55.86349_3
Running simulation ID:   202208201800_-4.247_55.861_3
Running simulation ID:   202208201900_-4.24215_55.86349_3
Running simulation ID:   202208201900_-4.247_55.861_3
Running simulation ID:   202208202000_-4.24215_55.86349_3
Running simulation ID:   202208202000_-4.247_55.861_3
Running simulation ID:   202208202100_-4.24215_55.86349_3
Running simulation ID:   202208202100_-4.247_55.861_3
Running simulation ID:   202208202200_-4.24215_55.86349_3
Running simulation ID:   202208202200_-4.247_55.861_3
Running simulation ID:   202208202300_-4.24215_55.86349_3
Running simulation ID:   202208202300_-4.247_55.861_3
Running simulation ID:   202208210000_-4.247_55.861_3
Running simulation ID:   202208210000_-4.24215_55.86349_3
Running simulation ID:   202208210100_-4.247_55.861_3
Running simulation ID:   202208210100_-4.24215_55.86349_3
Running simulation ID:   202208210200_-4.247_55.861_3
Running simulation ID:   202208210200_-4.24215_55.86349_3
Running simulation ID:   202208210300_-4.247_55.861_3
Running simulation ID:   202208210300_-4.24215_55.86349_3
Running simulation ID:   202208210400_-4.24215_55.86349_3
Running simulation ID:   202208210400_-4.247_55.861_3
Running simulation ID:   202208210500_-4.24215_55.86349_3
Running simulation ID:   202208210500_-4.247_55.861_3
Running simulation ID:   202208210600_-4.247_55.861_3
Running simulation ID:   202208210600_-4.24215_55.86349_3
Running simulation ID:   202208210700_-4.24215_55.86349_3
Running simulation ID:   202208210700_-4.247_55.861_3
Running simulation ID:   202208210800_-4.24215_55.86349_3
Running simulation ID:   202208210800_-4.247_55.861_3
Running simulation ID:   202208210900_-4.247_55.861_3
Running simulation ID:   202208210900_-4.24215_55.86349_3
Running simulation ID:   202208211000_-4.247_55.861_3
Running simulation ID:   202208211000_-4.24215_55.86349_3
Running simulation ID:   202208211100_-4.247_55.861_3
Running simulation ID:   202208211100_-4.24215_55.86349_3
Running simulation ID:   202208211200_-4.247_55.861_3
Running simulation ID:   202208211200_-4.24215_55.86349_3
Running simulation ID:   202208211300_-4.24215_55.86349_3
Running simulation ID:   202208211300_-4.247_55.861_3
Running simulation ID:   202208211400_-4.247_55.861_3
Running simulation ID:   202208211400_-4.24215_55.86349_3
Running simulation ID:   202208211500_-4.247_55.861_3
Running simulation ID:   202208211500_-4.24215_55.86349_3
Running simulation ID:   202208211600_-4.247_55.861_3
Running simulation ID:   202208211600_-4.24215_55.86349_3
Running simulation ID:   202208211700_-4.24215_55.86349_3
Running simulation ID:   202208211700_-4.247_55.861_3
Running simulation ID:   202208211800_-4.247_55.861_3
Running simulation ID:   202208211800_-4.24215_55.86349_3
Running simulation ID:   202208211900_-4.24215_55.86349_3
Running simulation ID:   202208211900_-4.247_55.861_3
Running simulation ID:   202208212000_-4.247_55.861_3
Running simulation ID:   202208212000_-4.24215_55.86349_3
Running simulation ID:   202208212100_-4.247_55.861_3
Running simulation ID:   202208212100_-4.24215_55.86349_3
Running simulation ID:   202208212200_-4.24215_55.86349_3
Running simulation ID:   202208212200_-4.247_55.861_3
Running simulation ID:   202208212300_-4.247_55.861_3
Running simulation ID:   202208212300_-4.24215_55.86349_3
Running simulation ID:   202208220000_-4.247_55.861_3
Running simulation ID:   202208220000_-4.24215_55.86349_3
Running simulation ID:   202208220100_-4.24215_55.86349_3
Running simulation ID:   202208220100_-4.247_55.861_3
Running simulation ID:   202208220200_-4.247_55.861_3
Running simulation ID:   202208220200_-4.24215_55.86349_3
Running simulation ID:   202208220300_-4.24215_55.86349_3
Running simulation ID:   202208220300_-4.247_55.861_3
Running simulation ID:   202208220400_-4.247_55.861_3
Running simulation ID:   202208220400_-4.24215_55.86349_3
Running simulation ID:   202208220500_-4.247_55.861_3
Running simulation ID:   202208220500_-4.24215_55.86349_3
Running simulation ID:   202208220600_-4.247_55.861_3
Running simulation ID:   202208220600_-4.24215_55.86349_3
Running simulation ID:   202208220700_-4.24215_55.86349_3
Running simulation ID:   202208220700_-4.247_55.861_3
Running simulation ID:   202208220800_-4.24215_55.86349_3
Running simulation ID:   202208220800_-4.247_55.861_3
Running simulation ID:   202208220900_-4.247_55.861_3
Running simulation ID:   202208220900_-4.24215_55.86349_3
Running simulation ID:   202208221000_-4.24215_55.86349_3
Running simulation ID:   202208221000_-4.247_55.861_3
Running simulation ID:   202208221100_-4.24215_55.86349_3
Running simulation ID:   202208221100_-4.247_55.861_3
Running simulation ID:   202208221200_-4.247_55.861_3
Running simulation ID:   202208221200_-4.24215_55.86349_3
Running simulation ID:   202208221300_-4.24215_55.86349_3
Running simulation ID:   202208221300_-4.247_55.861_3
Running simulation ID:   202208221400_-4.24215_55.86349_3
Running simulation ID:   202208221400_-4.247_55.861_3
Running simulation ID:   202208221500_-4.24215_55.86349_3
Running simulation ID:   202208221500_-4.247_55.861_3
Running simulation ID:   202208221600_-4.24215_55.86349_3
Running simulation ID:   202208221600_-4.247_55.861_3
Running simulation ID:   202208221700_-4.24215_55.86349_3
Running simulation ID:   202208221700_-4.247_55.861_3
Running simulation ID:   202208221800_-4.24215_55.86349_3
Running simulation ID:   202208221800_-4.247_55.861_3
Running simulation ID:   202208221900_-4.247_55.861_3
Running simulation ID:   202208221900_-4.24215_55.86349_3
Running simulation ID:   202208222000_-4.247_55.861_3
Running simulation ID:   202208222000_-4.24215_55.86349_3
Running simulation ID:   202208222100_-4.247_55.861_3
Running simulation ID:   202208222100_-4.24215_55.86349_3
Running simulation ID:   202208222200_-4.247_55.861_3
Running simulation ID:   202208222200_-4.24215_55.86349_3
Running simulation ID:   202208222300_-4.24215_55.86349_3
Running simulation ID:   202208222300_-4.247_55.861_3
Running simulation ID:   202208230000_-4.247_55.861_3
Running simulation ID:   202208230000_-4.24215_55.86349_3
Running simulation ID:   202208230100_-4.24215_55.86349_3
Running simulation ID:   202208230100_-4.247_55.861_3
Running simulation ID:   202208230200_-4.247_55.861_3
Running simulation ID:   202208230200_-4.24215_55.86349_3
Running simulation ID:   202208230300_-4.247_55.861_3
Running simulation ID:   202208230300_-4.24215_55.86349_3
Running simulation ID:   202208230400_-4.24215_55.86349_3
Running simulation ID:   202208230400_-4.247_55.861_3
Running simulation ID:   202208230500_-4.247_55.861_3
Running simulation ID:   202208230500_-4.24215_55.86349_3
Running simulation ID:   202208230600_-4.247_55.861_3
Running simulation ID:   202208230600_-4.24215_55.86349_3
Running simulation ID:   202208230700_-4.24215_55.86349_3
Running simulation ID:   202208230700_-4.247_55.861_3
Running simulation ID:   202208230800_-4.247_55.861_3
Running simulation ID:   202208230800_-4.24215_55.86349_3
Running simulation ID:   202208230900_-4.24215_55.86349_3
Running simulation ID:   202208230900_-4.247_55.861_3
Running simulation ID:   202208231000_-4.24215_55.86349_3
Running simulation ID:   202208231000_-4.247_55.861_3
Running simulation ID:   202208231100_-4.247_55.861_3
Running simulation ID:   202208231100_-4.24215_55.86349_3
Running simulation ID:   202208231200_-4.247_55.861_3
Running simulation ID:   202208231200_-4.24215_55.86349_3
Running simulation ID:   202208231300_-4.24215_55.86349_3
Running simulation ID:   202208231300_-4.247_55.861_3
Running simulation ID:   202208231400_-4.24215_55.86349_3
Running simulation ID:   202208231400_-4.247_55.861_3
Running simulation ID:   202208231500_-4.24215_55.86349_3
Running simulation ID:   202208231500_-4.247_55.861_3
Running simulation ID:   202208231600_-4.24215_55.86349_3
Running simulation ID:   202208231600_-4.247_55.861_3
Running simulation ID:   202208231700_-4.247_55.861_3
Running simulation ID:   202208231700_-4.24215_55.86349_3
Running simulation ID:   202208231800_-4.24215_55.86349_3
Running simulation ID:   202208231800_-4.247_55.861_3
Running simulation ID:   202208231900_-4.24215_55.86349_3
Running simulation ID:   202208231900_-4.247_55.861_3
Running simulation ID:   202208232000_-4.24215_55.86349_3
Running simulation ID:   202208232000_-4.247_55.861_3
Running simulation ID:   202208232100_-4.24215_55.86349_3
Running simulation ID:   202208232100_-4.247_55.861_3
Running simulation ID:   202208232200_-4.24215_55.86349_3
Running simulation ID:   202208232200_-4.247_55.861_3
Running simulation ID:   202208232300_-4.24215_55.86349_3
Running simulation ID:   202208232300_-4.247_55.861_3
Running simulation ID:   202208240000_-4.24215_55.86349_3
Running simulation ID:   202208240000_-4.247_55.861_3
Running simulation ID:   202208240100_-4.24215_55.86349_3
Running simulation ID:   202208240100_-4.247_55.861_3
Running simulation ID:   202208240200_-4.24215_55.86349_3
Running simulation ID:   202208240200_-4.247_55.861_3
Running simulation ID:   202208240300_-4.24215_55.86349_3
Running simulation ID:   202208240300_-4.247_55.861_3
Running simulation ID:   202208240400_-4.24215_55.86349_3
Running simulation ID:   202208240400_-4.247_55.861_3
Running simulation ID:   202208240500_-4.24215_55.86349_3
Running simulation ID:   202208240500_-4.247_55.861_3
Running simulation ID:   202208240600_-4.24215_55.86349_3
Running simulation ID:   202208240600_-4.247_55.861_3
Running simulation ID:   202208240700_-4.24215_55.86349_3
Running simulation ID:   202208240700_-4.247_55.861_3
Running simulation ID:   202208240800_-4.24215_55.86349_3
Running simulation ID:   202208240800_-4.247_55.861_3
Running simulation ID:   202208240900_-4.24215_55.86349_3
Running simulation ID:   202208240900_-4.247_55.861_3
Running simulation ID:   202208241000_-4.24215_55.86349_3
Running simulation ID:   202208241000_-4.247_55.861_3
Running simulation ID:   202208241100_-4.24215_55.86349_3
Running simulation ID:   202208241100_-4.247_55.861_3
Running simulation ID:   202208241200_-4.247_55.861_3
Running simulation ID:   202208241200_-4.24215_55.86349_3
Running simulation ID:   202208241300_-4.247_55.861_3
Running simulation ID:   202208241300_-4.24215_55.86349_3
Running simulation ID:   202208241400_-4.24215_55.86349_3
Running simulation ID:   202208241400_-4.247_55.861_3
Running simulation ID:   202208241500_-4.247_55.861_3
Running simulation ID:   202208241500_-4.24215_55.86349_3
Running simulation ID:   202208241600_-4.247_55.861_3
Running simulation ID:   202208241600_-4.24215_55.86349_3
Running simulation ID:   202208241700_-4.247_55.861_3
Running simulation ID:   202208241700_-4.24215_55.86349_3
Running simulation ID:   202208241800_-4.247_55.861_3
Running simulation ID:   202208241800_-4.24215_55.86349_3
Running simulation ID:   202208241900_-4.24215_55.86349_3
Running simulation ID:   202208241900_-4.247_55.861_3
Running simulation ID:   202208242000_-4.24215_55.86349_3
Running simulation ID:   202208242000_-4.247_55.861_3
Running simulation ID:   202208242100_-4.24215_55.86349_3
Running simulation ID:   202208242100_-4.247_55.861_3
Running simulation ID:   202208242200_-4.24215_55.86349_3
Running simulation ID:   202208242200_-4.247_55.861_3
Running simulation ID:   202208242300_-4.24215_55.86349_3
Running simulation ID:   202208242300_-4.247_55.861_3
Running simulation ID:   202208250000_-4.24215_55.86349_3
Running simulation ID:   202208250000_-4.247_55.861_3
Running simulation ID:   202208250100_-4.24215_55.86349_3
Running simulation ID:   202208250100_-4.247_55.861_3
Running simulation ID:   202208250200_-4.24215_55.86349_3
Running simulation ID:   202208250200_-4.247_55.861_3
Running simulation ID:   202208250300_-4.247_55.861_3
Running simulation ID:   202208250300_-4.24215_55.86349_3
Running simulation ID:   202208250400_-4.247_55.861_3
Running simulation ID:   202208250400_-4.24215_55.86349_3
Running simulation ID:   202208250500_-4.247_55.861_3
Running simulation ID:   202208250500_-4.24215_55.86349_3
Running simulation ID:   202208250600_-4.247_55.861_3
Running simulation ID:   202208250600_-4.24215_55.86349_3
Running simulation ID:   202208250700_-4.247_55.861_3
Running simulation ID:   202208250700_-4.24215_55.86349_3
Running simulation ID:   202208250800_-4.247_55.861_3
Running simulation ID:   202208250800_-4.24215_55.86349_3
Running simulation ID:   202208250900_-4.247_55.861_3
Running simulation ID:   202208250900_-4.24215_55.86349_3
Running simulation ID:   202208251000_-4.247_55.861_3
Running simulation ID:   202208251000_-4.24215_55.86349_3
Running simulation ID:   202208251100_-4.24215_55.86349_3
Running simulation ID:   202208251100_-4.247_55.861_3
Running simulation ID:   202208251200_-4.24215_55.86349_3
Running simulation ID:   202208251200_-4.247_55.861_3
Running simulation ID:   202208251300_-4.24215_55.86349_3
Running simulation ID:   202208251300_-4.247_55.861_3
Running simulation ID:   202208251400_-4.24215_55.86349_3
Running simulation ID:   202208251400_-4.247_55.861_3
Running simulation ID:   202208251500_-4.24215_55.86349_3
Running simulation ID:   202208251500_-4.247_55.861_3
Running simulation ID:   202208251600_-4.247_55.861_3
Running simulation ID:   202208251600_-4.24215_55.86349_3
Running simulation ID:   202208251700_-4.247_55.861_3
Running simulation ID:   202208251700_-4.24215_55.86349_3
Running simulation ID:   202208251800_-4.247_55.861_3
Running simulation ID:   202208251800_-4.24215_55.86349_3
Running simulation ID:   202208251900_-4.24215_55.86349_3
Running simulation ID:   202208251900_-4.247_55.861_3
Running simulation ID:   202208252000_-4.24215_55.86349_3
Running simulation ID:   202208252000_-4.247_55.861_3
Running simulation ID:   202208252100_-4.24215_55.86349_3
Running simulation ID:   202208252100_-4.247_55.861_3
Running simulation ID:   202208252200_-4.247_55.861_3
Running simulation ID:   202208252200_-4.24215_55.86349_3
Running simulation ID:   202208252300_-4.24215_55.86349_3
Running simulation ID:   202208252300_-4.247_55.861_3
Running simulation ID:   202208260000_-4.247_55.861_3
Running simulation ID:   202208260000_-4.24215_55.86349_3
Running simulation ID:   202208260100_-4.247_55.861_3
Running simulation ID:   202208260100_-4.24215_55.86349_3
Running simulation ID:   202208260200_-4.24215_55.86349_3
Running simulation ID:   202208260200_-4.247_55.861_3
Running simulation ID:   202208260300_-4.24215_55.86349_3
Running simulation ID:   202208260300_-4.247_55.861_3
Running simulation ID:   202208260400_-4.24215_55.86349_3
Running simulation ID:   202208260400_-4.247_55.861_3
Running simulation ID:   202208260500_-4.24215_55.86349_3
Running simulation ID:   202208260500_-4.247_55.861_3
Running simulation ID:   202208260600_-4.24215_55.86349_3
Running simulation ID:   202208260600_-4.247_55.861_3
Running simulation ID:   202208260700_-4.247_55.861_3
Running simulation ID:   202208260700_-4.24215_55.86349_3
Running simulation ID:   202208260800_-4.24215_55.86349_3
Running simulation ID:   202208260800_-4.247_55.861_3
Running simulation ID:   202208260900_-4.247_55.861_3
Running simulation ID:   202208260900_-4.24215_55.86349_3
Running simulation ID:   202208261000_-4.24215_55.86349_3
Running simulation ID:   202208261000_-4.247_55.861_3
Running simulation ID:   202208261100_-4.247_55.861_3
Running simulation ID:   202208261100_-4.24215_55.86349_3
Running simulation ID:   202208261200_-4.24215_55.86349_3
Running simulation ID:   202208261200_-4.247_55.861_3
Running simulation ID:   202208261300_-4.24215_55.86349_3
Running simulation ID:   202208261300_-4.247_55.861_3
Running simulation ID:   202208261400_-4.24215_55.86349_3
Running simulation ID:   202208261400_-4.247_55.861_3
Running simulation ID:   202208261500_-4.247_55.861_3
Running simulation ID:   202208261500_-4.24215_55.86349_3
Running simulation ID:   202208261600_-4.24215_55.86349_3
Running simulation ID:   202208261600_-4.247_55.861_3
Running simulation ID:   202208261700_-4.24215_55.86349_3
Running simulation ID:   202208261700_-4.247_55.861_3
Running simulation ID:   202208261800_-4.247_55.861_3
Running simulation ID:   202208261800_-4.24215_55.86349_3
Running simulation ID:   202208261900_-4.24215_55.86349_3
Running simulation ID:   202208261900_-4.247_55.861_3
Running simulation ID:   202208262000_-4.247_55.861_3
Running simulation ID:   202208262000_-4.24215_55.86349_3
Running simulation ID:   202208262100_-4.247_55.861_3
Running simulation ID:   202208262100_-4.24215_55.86349_3
Running simulation ID:   202208262200_-4.24215_55.86349_3
Running simulation ID:   202208262200_-4.247_55.861_3
Running simulation ID:   202208262300_-4.24215_55.86349_3
Running simulation ID:   202208262300_-4.247_55.861_3
Running simulation ID:   202208270000_-4.247_55.861_3
Running simulation ID:   202208270000_-4.24215_55.86349_3
Running simulation ID:   202208270100_-4.247_55.861_3
Running simulation ID:   202208270100_-4.24215_55.86349_3
Running simulation ID:   202208270200_-4.24215_55.86349_3
Running simulation ID:   202208270200_-4.247_55.861_3
Running simulation ID:   202208270300_-4.24215_55.86349_3
Running simulation ID:   202208270300_-4.247_55.861_3
Running simulation ID:   202208270400_-4.24215_55.86349_3
Running simulation ID:   202208270400_-4.247_55.861_3
Running simulation ID:   202208270500_-4.24215_55.86349_3
Running simulation ID:   202208270500_-4.247_55.861_3
Running simulation ID:   202208270600_-4.24215_55.86349_3
Running simulation ID:   202208270600_-4.247_55.861_3
Running simulation ID:   202208270700_-4.24215_55.86349_3
Running simulation ID:   202208270700_-4.247_55.861_3
Running simulation ID:   202208270800_-4.247_55.861_3
Running simulation ID:   202208270800_-4.24215_55.86349_3
Running simulation ID:   202208270900_-4.247_55.861_3
Running simulation ID:   202208270900_-4.24215_55.86349_3
Running simulation ID:   202208271000_-4.24215_55.86349_3
Running simulation ID:   202208271000_-4.247_55.861_3
Running simulation ID:   202208271100_-4.247_55.861_3
Running simulation ID:   202208271100_-4.24215_55.86349_3
Running simulation ID:   202208271200_-4.24215_55.86349_3
Running simulation ID:   202208271200_-4.247_55.861_3
Running simulation ID:   202208271300_-4.24215_55.86349_3
Running simulation ID:   202208271300_-4.247_55.861_3
Running simulation ID:   202208271400_-4.247_55.861_3
Running simulation ID:   202208271400_-4.24215_55.86349_3
Running simulation ID:   202208271500_-4.24215_55.86349_3
Running simulation ID:   202208271500_-4.247_55.861_3
Running simulation ID:   202208271600_-4.247_55.861_3
Running simulation ID:   202208271600_-4.24215_55.86349_3
Running simulation ID:   202208271700_-4.247_55.861_3
Running simulation ID:   202208271700_-4.24215_55.86349_3
Running simulation ID:   202208271800_-4.24215_55.86349_3
Running simulation ID:   202208271800_-4.247_55.861_3
Running simulation ID:   202208271900_-4.24215_55.86349_3
Running simulation ID:   202208271900_-4.247_55.861_3
Running simulation ID:   202208272000_-4.247_55.861_3
Running simulation ID:   202208272000_-4.24215_55.86349_3
Running simulation ID:   202208272100_-4.247_55.861_3
Running simulation ID:   202208272100_-4.24215_55.86349_3
Running simulation ID:   202208272200_-4.247_55.861_3
Running simulation ID:   202208272200_-4.24215_55.86349_3
Running simulation ID:   202208272300_-4.247_55.861_3
Running simulation ID:   202208272300_-4.24215_55.86349_3
Running simulation ID:   202208280000_-4.247_55.861_3
Running simulation ID:   202208280000_-4.24215_55.86349_3
Running simulation ID:   202208280100_-4.24215_55.86349_3
Running simulation ID:   202208280100_-4.247_55.861_3
Running simulation ID:   202208280200_-4.24215_55.86349_3
Running simulation ID:   202208280200_-4.247_55.861_3
Running simulation ID:   202208280300_-4.24215_55.86349_3
Running simulation ID:   202208280300_-4.247_55.861_3
Running simulation ID:   202208280400_-4.24215_55.86349_3
Running simulation ID:   202208280400_-4.247_55.861_3
Running simulation ID:   202208280500_-4.24215_55.86349_3
Running simulation ID:   202208280500_-4.247_55.861_3
Running simulation ID:   202208280600_-4.247_55.861_3
Running simulation ID:   202208280600_-4.24215_55.86349_3
Running simulation ID:   202208280700_-4.24215_55.86349_3
Running simulation ID:   202208280700_-4.247_55.861_3
Running simulation ID:   202208280800_-4.24215_55.86349_3
Running simulation ID:   202208280800_-4.247_55.861_3
Running simulation ID:   202208280900_-4.24215_55.86349_3
Running simulation ID:   202208280900_-4.247_55.861_3
Running simulation ID:   202208281000_-4.247_55.861_3
Running simulation ID:   202208281000_-4.24215_55.86349_3
Running simulation ID:   202208281100_-4.247_55.861_3
Running simulation ID:   202208281100_-4.24215_55.86349_3
Running simulation ID:   202208281200_-4.247_55.861_3
Running simulation ID:   202208281200_-4.24215_55.86349_3
Running simulation ID:   202208281300_-4.247_55.861_3
Running simulation ID:   202208281300_-4.24215_55.86349_3
Running simulation ID:   202208281400_-4.247_55.861_3
Running simulation ID:   202208281400_-4.24215_55.86349_3
Running simulation ID:   202208281500_-4.24215_55.86349_3
Running simulation ID:   202208281500_-4.247_55.861_3
Running simulation ID:   202208281600_-4.24215_55.86349_3
Running simulation ID:   202208281600_-4.247_55.861_3
Running simulation ID:   202208281700_-4.24215_55.86349_3
Running simulation ID:   202208281700_-4.247_55.861_3
Running simulation ID:   202208281800_-4.24215_55.86349_3
Running simulation ID:   202208281800_-4.247_55.861_3
Running simulation ID:   202208281900_-4.24215_55.86349_3
Running simulation ID:   202208281900_-4.247_55.861_3
Running simulation ID:   202208282000_-4.247_55.861_3
Running simulation ID:   202208282000_-4.24215_55.86349_3
Running simulation ID:   202208282100_-4.247_55.861_3
Running simulation ID:   202208282100_-4.24215_55.86349_3
Running simulation ID:   202208282200_-4.247_55.861_3
Running simulation ID:   202208282200_-4.24215_55.86349_3
Running simulation ID:   202208282300_-4.247_55.861_3
Running simulation ID:   202208282300_-4.24215_55.86349_3
Running simulation ID:   202208290000_-4.247_55.861_3
Running simulation ID:   202208290000_-4.24215_55.86349_3
Running simulation ID:   202208290100_-4.247_55.861_3
Running simulation ID:   202208290100_-4.24215_55.86349_3
Running simulation ID:   202208290200_-4.247_55.861_3
Running simulation ID:   202208290200_-4.24215_55.86349_3
Running simulation ID:   202208290300_-4.247_55.861_3
Running simulation ID:   202208290300_-4.24215_55.86349_3
Running simulation ID:   202208290400_-4.247_55.861_3
Running simulation ID:   202208290400_-4.24215_55.86349_3
Running simulation ID:   202208290500_-4.247_55.861_3
Running simulation ID:   202208290500_-4.24215_55.86349_3
Running simulation ID:   202208290600_-4.247_55.861_3
Running simulation ID:   202208290600_-4.24215_55.86349_3
Running simulation ID:   202208290700_-4.24215_55.86349_3
Running simulation ID:   202208290700_-4.247_55.861_3
Running simulation ID:   202208290800_-4.24215_55.86349_3
Running simulation ID:   202208290800_-4.247_55.861_3
Running simulation ID:   202208290900_-4.24215_55.86349_3
Running simulation ID:   202208290900_-4.247_55.861_3
Running simulation ID:   202208291000_-4.247_55.861_3
Running simulation ID:   202208291000_-4.24215_55.86349_3
Running simulation ID:   202208291100_-4.247_55.861_3
Running simulation ID:   202208291100_-4.24215_55.86349_3
Running simulation ID:   202208291200_-4.247_55.861_3
Running simulation ID:   202208291200_-4.24215_55.86349_3
Running simulation ID:   202208291300_-4.24215_55.86349_3
Running simulation ID:   202208291300_-4.247_55.861_3
Running simulation ID:   202208291400_-4.24215_55.86349_3
Running simulation ID:   202208291400_-4.247_55.861_3
Running simulation ID:   202208291500_-4.24215_55.86349_3
Running simulation ID:   202208291500_-4.247_55.861_3
Running simulation ID:   202208291600_-4.24215_55.86349_3
Running simulation ID:   202208291600_-4.247_55.861_3
Running simulation ID:   202208291700_-4.24215_55.86349_3
Running simulation ID:   202208291700_-4.247_55.861_3
Running simulation ID:   202208291800_-4.24215_55.86349_3
Running simulation ID:   202208291800_-4.247_55.861_3
Running simulation ID:   202208291900_-4.247_55.861_3
Running simulation ID:   202208291900_-4.24215_55.86349_3
Running simulation ID:   202208292000_-4.247_55.861_3
Running simulation ID:   202208292000_-4.24215_55.86349_3
Running simulation ID:   202208292100_-4.247_55.861_3
Running simulation ID:   202208292100_-4.24215_55.86349_3
Running simulation ID:   202208292200_-4.247_55.861_3
Running simulation ID:   202208292200_-4.24215_55.86349_3
Running simulation ID:   202208292300_-4.247_55.861_3
Running simulation ID:   202208292300_-4.24215_55.86349_3
Running simulation ID:   202208300000_-4.247_55.861_3
Running simulation ID:   202208300000_-4.24215_55.86349_3
Running simulation ID:   202208300100_-4.247_55.861_3
Running simulation ID:   202208300100_-4.24215_55.86349_3
Running simulation ID:   202208300200_-4.247_55.861_3
Running simulation ID:   202208300200_-4.24215_55.86349_3
Running simulation ID:   202208300300_-4.24215_55.86349_3
Running simulation ID:   202208300300_-4.247_55.861_3
Running simulation ID:   202208300400_-4.24215_55.86349_3
Running simulation ID:   202208300400_-4.247_55.861_3
Running simulation ID:   202208300500_-4.247_55.861_3
Running simulation ID:   202208300500_-4.24215_55.86349_3
Running simulation ID:   202208300600_-4.24215_55.86349_3
Running simulation ID:   202208300600_-4.247_55.861_3
Running simulation ID:   202208300700_-4.24215_55.86349_3
Running simulation ID:   202208300700_-4.247_55.861_3
Running simulation ID:   202208300800_-4.24215_55.86349_3
Running simulation ID:   202208300800_-4.247_55.861_3
Running simulation ID:   202208300900_-4.247_55.861_3
Running simulation ID:   202208300900_-4.24215_55.86349_3
Running simulation ID:   202208301000_-4.247_55.861_3
Running simulation ID:   202208301000_-4.24215_55.86349_3
Running simulation ID:   202208301100_-4.247_55.861_3
Running simulation ID:   202208301100_-4.24215_55.86349_3
Running simulation ID:   202208301200_-4.247_55.861_3
Running simulation ID:   202208301200_-4.24215_55.86349_3
Running simulation ID:   202208301300_-4.247_55.861_3
Running simulation ID:   202208301300_-4.24215_55.86349_3
Running simulation ID:   202208301400_-4.247_55.861_3
Running simulation ID:   202208301400_-4.24215_55.86349_3
Running simulation ID:   202208301500_-4.247_55.861_3
Running simulation ID:   202208301500_-4.24215_55.86349_3
Running simulation ID:   202208301600_-4.247_55.861_3
Running simulation ID:   202208301600_-4.24215_55.86349_3
Running simulation ID:   202208301700_-4.247_55.861_3
Running simulation ID:   202208301700_-4.24215_55.86349_3
Running simulation ID:   202208301800_-4.247_55.861_3
Running simulation ID:   202208301800_-4.24215_55.86349_3
Running simulation ID:   202208301900_-4.24215_55.86349_3
Running simulation ID:   202208301900_-4.247_55.861_3
Running simulation ID:   202208302000_-4.247_55.861_3
Running simulation ID:   202208302000_-4.24215_55.86349_3
Running simulation ID:   202208302100_-4.247_55.861_3
Running simulation ID:   202208302100_-4.24215_55.86349_3
Running simulation ID:   202208302200_-4.247_55.861_3
Running simulation ID:   202208302200_-4.24215_55.86349_3
Running simulation ID:   202208302300_-4.24215_55.86349_3
Running simulation ID:   202208302300_-4.247_55.861_3
Running simulation ID:   202208310000_-4.24215_55.86349_3
Running simulation ID:   202208310000_-4.247_55.861_3
Running simulation ID:   202208310100_-4.24215_55.86349_3
Running simulation ID:   202208310100_-4.247_55.861_3
Running simulation ID:   202208310200_-4.247_55.861_3
Running simulation ID:   202208310200_-4.24215_55.86349_3
Running simulation ID:   202208310300_-4.247_55.861_3
Running simulation ID:   202208310300_-4.24215_55.86349_3
Running simulation ID:   202208310400_-4.247_55.861_3
Running simulation ID:   202208310400_-4.24215_55.86349_3
Running simulation ID:   202208310500_-4.247_55.861_3
Running simulation ID:   202208310500_-4.24215_55.86349_3
Running simulation ID:   202208310600_-4.247_55.861_3
Running simulation ID:   202208310600_-4.24215_55.86349_3
Running simulation ID:   202208310700_-4.247_55.861_3
Running simulation ID:   202208310700_-4.24215_55.86349_3
Running simulation ID:   202208310800_-4.24215_55.86349_3
Running simulation ID:   202208310800_-4.247_55.861_3
Running simulation ID:   202208310900_-4.24215_55.86349_3
Running simulation ID:   202208310900_-4.247_55.861_3
Running simulation ID:   202208311000_-4.247_55.861_3
Running simulation ID:   202208311000_-4.24215_55.86349_3
Running simulation ID:   202208311100_-4.247_55.861_3
Running simulation ID:   202208311100_-4.24215_55.86349_3
Running simulation ID:   202208311200_-4.247_55.861_3
Running simulation ID:   202208311200_-4.24215_55.86349_3
Running simulation ID:   202208311300_-4.247_55.861_3
Running simulation ID:   202208311300_-4.24215_55.86349_3
Running simulation ID:   202208311400_-4.24215_55.86349_3
Running simulation ID:   202208311400_-4.247_55.861_3
Running simulation ID:   202208311500_-4.24215_55.86349_3
Running simulation ID:   202208311500_-4.247_55.861_3
Running simulation ID:   202208311600_-4.24215_55.86349_3
Running simulation ID:   202208311600_-4.247_55.861_3
Running simulation ID:   202208311700_-4.24215_55.86349_3
Running simulation ID:   202208311700_-4.247_55.861_3
Running simulation ID:   202208311800_-4.247_55.861_3
Running simulation ID:   202208311800_-4.24215_55.86349_3
Running simulation ID:   202208311900_-4.247_55.861_3
Running simulation ID:   202208311900_-4.24215_55.86349_3
Running simulation ID:   202208312000_-4.247_55.861_3
Running simulation ID:   202208312000_-4.24215_55.86349_3
Running simulation ID:   202208312100_-4.247_55.861_3
Running simulation ID:   202208312100_-4.24215_55.86349_3
Running simulation ID:   202208312200_-4.247_55.861_3
Running simulation ID:   202208312200_-4.24215_55.86349_3
Running simulation ID:   202208312300_-4.24215_55.86349_3
Running simulation ID:   202208312300_-4.247_55.861_3
Running simulation ID:   202209010000_-4.247_55.861_3
Error in if (should_interpolate) { : 
  missing value where TRUE/FALSE needed
Running simulation ID:   202209010000_-4.24215_55.86349_3
Error in if (should_interpolate) { : 
  missing value where TRUE/FALSE needed
